ARM GAS  C:\Users\MODELA~1\AppData\Local\Temp\ccIXvuKM.s 			page 1


   1              		.syntax unified
   2              		.cpu cortex-m3
   3              		.fpu softvfp
   4              		.eabi_attribute 20, 1
   5              		.eabi_attribute 21, 1
   6              		.eabi_attribute 23, 3
   7              		.eabi_attribute 24, 1
   8              		.eabi_attribute 25, 1
   9              		.eabi_attribute 26, 1
  10              		.eabi_attribute 30, 1
  11              		.eabi_attribute 34, 1
  12              		.eabi_attribute 18, 4
  13              		.thumb
  14              		.syntax unified
  15              		.file	"Counter.c"
  16              		.text
  17              	.Ltext0:
  18              		.cfi_sections	.debug_frame
  19              		.section	.text.Counter_Enable,"ax",%progbits
  20              		.align	2
  21              		.global	Counter_Enable
  22              		.thumb
  23              		.thumb_func
  24              		.type	Counter_Enable, %function
  25              	Counter_Enable:
  26              	.LFB1:
  27              		.file 1 "Generated_Source\\PSoC5\\Counter.c"
   1:Generated_Source\PSoC5/Counter.c **** /*******************************************************************************
   2:Generated_Source\PSoC5/Counter.c **** * File Name: Counter.c  
   3:Generated_Source\PSoC5/Counter.c **** * Version 3.0
   4:Generated_Source\PSoC5/Counter.c **** *
   5:Generated_Source\PSoC5/Counter.c **** *  Description:
   6:Generated_Source\PSoC5/Counter.c **** *     The Counter component consists of a 8, 16, 24 or 32-bit counter with
   7:Generated_Source\PSoC5/Counter.c **** *     a selectable period between 2 and 2^Width - 1.  
   8:Generated_Source\PSoC5/Counter.c **** *
   9:Generated_Source\PSoC5/Counter.c **** *   Note:
  10:Generated_Source\PSoC5/Counter.c **** *     None
  11:Generated_Source\PSoC5/Counter.c **** *
  12:Generated_Source\PSoC5/Counter.c **** ********************************************************************************
  13:Generated_Source\PSoC5/Counter.c **** * Copyright 2008-2012, Cypress Semiconductor Corporation.  All rights reserved.
  14:Generated_Source\PSoC5/Counter.c **** * You may use this file only in accordance with the license, terms, conditions, 
  15:Generated_Source\PSoC5/Counter.c **** * disclaimers, and limitations in the end user license agreement accompanying 
  16:Generated_Source\PSoC5/Counter.c **** * the software package with which this file was provided.
  17:Generated_Source\PSoC5/Counter.c **** *******************************************************************************/
  18:Generated_Source\PSoC5/Counter.c **** 
  19:Generated_Source\PSoC5/Counter.c **** #include "Counter.h"
  20:Generated_Source\PSoC5/Counter.c **** 
  21:Generated_Source\PSoC5/Counter.c **** uint8 Counter_initVar = 0u;
  22:Generated_Source\PSoC5/Counter.c **** 
  23:Generated_Source\PSoC5/Counter.c **** 
  24:Generated_Source\PSoC5/Counter.c **** /*******************************************************************************
  25:Generated_Source\PSoC5/Counter.c **** * Function Name: Counter_Init
  26:Generated_Source\PSoC5/Counter.c **** ********************************************************************************
  27:Generated_Source\PSoC5/Counter.c **** * Summary:
  28:Generated_Source\PSoC5/Counter.c **** *     Initialize to the schematic state
  29:Generated_Source\PSoC5/Counter.c **** * 
  30:Generated_Source\PSoC5/Counter.c **** * Parameters:  
ARM GAS  C:\Users\MODELA~1\AppData\Local\Temp\ccIXvuKM.s 			page 2


  31:Generated_Source\PSoC5/Counter.c **** *  void  
  32:Generated_Source\PSoC5/Counter.c **** *
  33:Generated_Source\PSoC5/Counter.c **** * Return: 
  34:Generated_Source\PSoC5/Counter.c **** *  void
  35:Generated_Source\PSoC5/Counter.c **** *
  36:Generated_Source\PSoC5/Counter.c **** *******************************************************************************/
  37:Generated_Source\PSoC5/Counter.c **** void Counter_Init(void) 
  38:Generated_Source\PSoC5/Counter.c **** {
  39:Generated_Source\PSoC5/Counter.c ****         #if (!Counter_UsingFixedFunction && !Counter_ControlRegRemoved)
  40:Generated_Source\PSoC5/Counter.c ****             uint8 ctrl;
  41:Generated_Source\PSoC5/Counter.c ****         #endif /* (!Counter_UsingFixedFunction && !Counter_ControlRegRemoved) */
  42:Generated_Source\PSoC5/Counter.c ****         
  43:Generated_Source\PSoC5/Counter.c ****         #if(!Counter_UsingFixedFunction) 
  44:Generated_Source\PSoC5/Counter.c ****             /* Interrupt State Backup for Critical Region*/
  45:Generated_Source\PSoC5/Counter.c ****             uint8 Counter_interruptState;
  46:Generated_Source\PSoC5/Counter.c ****         #endif /* (!Counter_UsingFixedFunction) */
  47:Generated_Source\PSoC5/Counter.c ****         
  48:Generated_Source\PSoC5/Counter.c ****         #if (Counter_UsingFixedFunction)
  49:Generated_Source\PSoC5/Counter.c ****             /* Clear all bits but the enable bit (if it's already set for Timer operation */
  50:Generated_Source\PSoC5/Counter.c ****             Counter_CONTROL &= Counter_CTRL_ENABLE;
  51:Generated_Source\PSoC5/Counter.c ****             
  52:Generated_Source\PSoC5/Counter.c ****             /* Clear the mode bits for continuous run mode */
  53:Generated_Source\PSoC5/Counter.c ****             #if (CY_PSOC5A)
  54:Generated_Source\PSoC5/Counter.c ****                 Counter_CONTROL2 &= ((uint8)(~Counter_CTRL_MODE_MASK));
  55:Generated_Source\PSoC5/Counter.c ****             #endif /* (CY_PSOC5A) */
  56:Generated_Source\PSoC5/Counter.c ****             #if (CY_PSOC3 || CY_PSOC5LP)
  57:Generated_Source\PSoC5/Counter.c ****                 Counter_CONTROL3 &= ((uint8)(~Counter_CTRL_MODE_MASK));                
  58:Generated_Source\PSoC5/Counter.c ****             #endif /* (CY_PSOC3 || CY_PSOC5LP) */
  59:Generated_Source\PSoC5/Counter.c ****             /* Check if One Shot mode is enabled i.e. RunMode !=0*/
  60:Generated_Source\PSoC5/Counter.c ****             #if (Counter_RunModeUsed != 0x0u)
  61:Generated_Source\PSoC5/Counter.c ****                 /* Set 3rd bit of Control register to enable one shot mode */
  62:Generated_Source\PSoC5/Counter.c ****                 Counter_CONTROL |= Counter_ONESHOT;
  63:Generated_Source\PSoC5/Counter.c ****             #endif /* (Counter_RunModeUsed != 0x0u) */
  64:Generated_Source\PSoC5/Counter.c ****             
  65:Generated_Source\PSoC5/Counter.c ****             /* Set the IRQ to use the status register interrupts */
  66:Generated_Source\PSoC5/Counter.c ****             Counter_CONTROL2 |= Counter_CTRL2_IRQ_SEL;
  67:Generated_Source\PSoC5/Counter.c ****             
  68:Generated_Source\PSoC5/Counter.c ****             /* Clear and Set SYNCTC and SYNCCMP bits of RT1 register */
  69:Generated_Source\PSoC5/Counter.c ****             Counter_RT1 &= ((uint8)(~Counter_RT1_MASK));
  70:Generated_Source\PSoC5/Counter.c ****             Counter_RT1 |= Counter_SYNC;     
  71:Generated_Source\PSoC5/Counter.c ****                     
  72:Generated_Source\PSoC5/Counter.c ****             /*Enable DSI Sync all all inputs of the Timer*/
  73:Generated_Source\PSoC5/Counter.c ****             Counter_RT1 &= ((uint8)(~Counter_SYNCDSI_MASK));
  74:Generated_Source\PSoC5/Counter.c ****             Counter_RT1 |= Counter_SYNCDSI_EN;
  75:Generated_Source\PSoC5/Counter.c **** 
  76:Generated_Source\PSoC5/Counter.c ****         #else
  77:Generated_Source\PSoC5/Counter.c ****             #if(!Counter_ControlRegRemoved)
  78:Generated_Source\PSoC5/Counter.c ****             /* Set the default compare mode defined in the parameter */
  79:Generated_Source\PSoC5/Counter.c ****             ctrl = Counter_CONTROL & ((uint8)(~Counter_CTRL_CMPMODE_MASK));
  80:Generated_Source\PSoC5/Counter.c ****             Counter_CONTROL = ctrl | Counter_DEFAULT_COMPARE_MODE;
  81:Generated_Source\PSoC5/Counter.c ****             
  82:Generated_Source\PSoC5/Counter.c ****             /* Set the default capture mode defined in the parameter */
  83:Generated_Source\PSoC5/Counter.c ****             ctrl = Counter_CONTROL & ((uint8)(~Counter_CTRL_CAPMODE_MASK));
  84:Generated_Source\PSoC5/Counter.c ****             
  85:Generated_Source\PSoC5/Counter.c ****             #if( 0 != Counter_CAPTURE_MODE_CONF)
  86:Generated_Source\PSoC5/Counter.c ****                 Counter_CONTROL = ctrl | Counter_DEFAULT_CAPTURE_MODE;
  87:Generated_Source\PSoC5/Counter.c ****             #else
ARM GAS  C:\Users\MODELA~1\AppData\Local\Temp\ccIXvuKM.s 			page 3


  88:Generated_Source\PSoC5/Counter.c ****                 Counter_CONTROL = ctrl;
  89:Generated_Source\PSoC5/Counter.c ****             #endif /* 0 != Counter_CAPTURE_MODE */ 
  90:Generated_Source\PSoC5/Counter.c ****             
  91:Generated_Source\PSoC5/Counter.c ****             #endif /* (!Counter_ControlRegRemoved) */
  92:Generated_Source\PSoC5/Counter.c ****         #endif /* (Counter_UsingFixedFunction) */
  93:Generated_Source\PSoC5/Counter.c ****         
  94:Generated_Source\PSoC5/Counter.c ****         /* Clear all data in the FIFO's */
  95:Generated_Source\PSoC5/Counter.c ****         #if (!Counter_UsingFixedFunction)
  96:Generated_Source\PSoC5/Counter.c ****             Counter_ClearFIFO();
  97:Generated_Source\PSoC5/Counter.c ****         #endif /* (!Counter_UsingFixedFunction) */
  98:Generated_Source\PSoC5/Counter.c ****         
  99:Generated_Source\PSoC5/Counter.c ****         /* Set Initial values from Configuration */
 100:Generated_Source\PSoC5/Counter.c ****         Counter_WritePeriod(Counter_INIT_PERIOD_VALUE);
 101:Generated_Source\PSoC5/Counter.c ****         #if (!(Counter_UsingFixedFunction && (CY_PSOC5A)))
 102:Generated_Source\PSoC5/Counter.c ****             Counter_WriteCounter(Counter_INIT_COUNTER_VALUE);
 103:Generated_Source\PSoC5/Counter.c ****         #endif /* (!(Counter_UsingFixedFunction && (CY_PSOC5A))) */
 104:Generated_Source\PSoC5/Counter.c ****         Counter_SetInterruptMode(Counter_INIT_INTERRUPTS_MASK);
 105:Generated_Source\PSoC5/Counter.c ****         
 106:Generated_Source\PSoC5/Counter.c ****         #if (!Counter_UsingFixedFunction)
 107:Generated_Source\PSoC5/Counter.c ****             /* Read the status register to clear the unwanted interrupts */
 108:Generated_Source\PSoC5/Counter.c ****             (void)Counter_ReadStatusRegister();
 109:Generated_Source\PSoC5/Counter.c ****             /* Set the compare value (only available to non-fixed function implementation */
 110:Generated_Source\PSoC5/Counter.c ****             Counter_WriteCompare(Counter_INIT_COMPARE_VALUE);
 111:Generated_Source\PSoC5/Counter.c ****             /* Use the interrupt output of the status register for IRQ output */
 112:Generated_Source\PSoC5/Counter.c ****             
 113:Generated_Source\PSoC5/Counter.c ****             /* CyEnterCriticalRegion and CyExitCriticalRegion are used to mark following region cri
 114:Generated_Source\PSoC5/Counter.c ****             /* Enter Critical Region*/
 115:Generated_Source\PSoC5/Counter.c ****             Counter_interruptState = CyEnterCriticalSection();
 116:Generated_Source\PSoC5/Counter.c ****             
 117:Generated_Source\PSoC5/Counter.c ****             Counter_STATUS_AUX_CTRL |= Counter_STATUS_ACTL_INT_EN_MASK;
 118:Generated_Source\PSoC5/Counter.c ****             
 119:Generated_Source\PSoC5/Counter.c ****             /* Exit Critical Region*/
 120:Generated_Source\PSoC5/Counter.c ****             CyExitCriticalSection(Counter_interruptState);
 121:Generated_Source\PSoC5/Counter.c ****             
 122:Generated_Source\PSoC5/Counter.c ****         #endif /* (!Counter_UsingFixedFunction) */
 123:Generated_Source\PSoC5/Counter.c **** }
 124:Generated_Source\PSoC5/Counter.c **** 
 125:Generated_Source\PSoC5/Counter.c **** 
 126:Generated_Source\PSoC5/Counter.c **** /*******************************************************************************
 127:Generated_Source\PSoC5/Counter.c **** * Function Name: Counter_Enable
 128:Generated_Source\PSoC5/Counter.c **** ********************************************************************************
 129:Generated_Source\PSoC5/Counter.c **** * Summary:
 130:Generated_Source\PSoC5/Counter.c **** *     Enable the Counter
 131:Generated_Source\PSoC5/Counter.c **** * 
 132:Generated_Source\PSoC5/Counter.c **** * Parameters:  
 133:Generated_Source\PSoC5/Counter.c **** *  void  
 134:Generated_Source\PSoC5/Counter.c **** *
 135:Generated_Source\PSoC5/Counter.c **** * Return: 
 136:Generated_Source\PSoC5/Counter.c **** *  void
 137:Generated_Source\PSoC5/Counter.c **** *
 138:Generated_Source\PSoC5/Counter.c **** * Side Effects: 
 139:Generated_Source\PSoC5/Counter.c **** *   If the Enable mode is set to Hardware only then this function has no effect 
 140:Generated_Source\PSoC5/Counter.c **** *   on the operation of the counter.
 141:Generated_Source\PSoC5/Counter.c **** *
 142:Generated_Source\PSoC5/Counter.c **** *******************************************************************************/
 143:Generated_Source\PSoC5/Counter.c **** void Counter_Enable(void) 
 144:Generated_Source\PSoC5/Counter.c **** {
ARM GAS  C:\Users\MODELA~1\AppData\Local\Temp\ccIXvuKM.s 			page 4


  28              		.loc 1 144 0
  29              		.cfi_startproc
  30              		@ args = 0, pretend = 0, frame = 0
  31              		@ frame_needed = 0, uses_anonymous_args = 0
  32              		@ link register save eliminated.
  33 0000 7047     		bx	lr
  34              		.cfi_endproc
  35              	.LFE1:
  36              		.size	Counter_Enable, .-Counter_Enable
  37 0002 00BF     		.section	.text.Counter_Stop,"ax",%progbits
  38              		.align	2
  39              		.global	Counter_Stop
  40              		.thumb
  41              		.thumb_func
  42              		.type	Counter_Stop, %function
  43              	Counter_Stop:
  44              	.LFB3:
 145:Generated_Source\PSoC5/Counter.c ****     /* Globally Enable the Fixed Function Block chosen */
 146:Generated_Source\PSoC5/Counter.c ****     #if (Counter_UsingFixedFunction)
 147:Generated_Source\PSoC5/Counter.c ****         Counter_GLOBAL_ENABLE |= Counter_BLOCK_EN_MASK;
 148:Generated_Source\PSoC5/Counter.c ****         Counter_GLOBAL_STBY_ENABLE |= Counter_BLOCK_STBY_EN_MASK;
 149:Generated_Source\PSoC5/Counter.c ****     #endif /* (Counter_UsingFixedFunction) */  
 150:Generated_Source\PSoC5/Counter.c ****         
 151:Generated_Source\PSoC5/Counter.c ****     /* Enable the counter from the control register  */
 152:Generated_Source\PSoC5/Counter.c ****     /* If Fixed Function then make sure Mode is set correctly */
 153:Generated_Source\PSoC5/Counter.c ****     /* else make sure reset is clear */
 154:Generated_Source\PSoC5/Counter.c ****     #if(!Counter_ControlRegRemoved || Counter_UsingFixedFunction)
 155:Generated_Source\PSoC5/Counter.c ****         Counter_CONTROL |= Counter_CTRL_ENABLE;                
 156:Generated_Source\PSoC5/Counter.c ****     #endif /* (!Counter_ControlRegRemoved || Counter_UsingFixedFunction) */
 157:Generated_Source\PSoC5/Counter.c ****     
 158:Generated_Source\PSoC5/Counter.c **** }
 159:Generated_Source\PSoC5/Counter.c **** 
 160:Generated_Source\PSoC5/Counter.c **** 
 161:Generated_Source\PSoC5/Counter.c **** /*******************************************************************************
 162:Generated_Source\PSoC5/Counter.c **** * Function Name: Counter_Start
 163:Generated_Source\PSoC5/Counter.c **** ********************************************************************************
 164:Generated_Source\PSoC5/Counter.c **** * Summary:
 165:Generated_Source\PSoC5/Counter.c **** *  Enables the counter for operation 
 166:Generated_Source\PSoC5/Counter.c **** *
 167:Generated_Source\PSoC5/Counter.c **** * Parameters:  
 168:Generated_Source\PSoC5/Counter.c **** *  void  
 169:Generated_Source\PSoC5/Counter.c **** *
 170:Generated_Source\PSoC5/Counter.c **** * Return: 
 171:Generated_Source\PSoC5/Counter.c **** *  void
 172:Generated_Source\PSoC5/Counter.c **** *
 173:Generated_Source\PSoC5/Counter.c **** * Global variables:
 174:Generated_Source\PSoC5/Counter.c **** *  Counter_initVar: Is modified when this function is called for the  
 175:Generated_Source\PSoC5/Counter.c **** *   first time. Is used to ensure that initialization happens only once.
 176:Generated_Source\PSoC5/Counter.c **** *
 177:Generated_Source\PSoC5/Counter.c **** *******************************************************************************/
 178:Generated_Source\PSoC5/Counter.c **** void Counter_Start(void) 
 179:Generated_Source\PSoC5/Counter.c **** {
 180:Generated_Source\PSoC5/Counter.c ****     if(Counter_initVar == 0u)
 181:Generated_Source\PSoC5/Counter.c ****     {
 182:Generated_Source\PSoC5/Counter.c ****         Counter_Init();
 183:Generated_Source\PSoC5/Counter.c ****         
 184:Generated_Source\PSoC5/Counter.c ****         Counter_initVar = 1u; /* Clear this bit for Initialization */        
ARM GAS  C:\Users\MODELA~1\AppData\Local\Temp\ccIXvuKM.s 			page 5


 185:Generated_Source\PSoC5/Counter.c ****     }
 186:Generated_Source\PSoC5/Counter.c ****     
 187:Generated_Source\PSoC5/Counter.c ****     /* Enable the Counter */
 188:Generated_Source\PSoC5/Counter.c ****     Counter_Enable();        
 189:Generated_Source\PSoC5/Counter.c **** }
 190:Generated_Source\PSoC5/Counter.c **** 
 191:Generated_Source\PSoC5/Counter.c **** 
 192:Generated_Source\PSoC5/Counter.c **** /*******************************************************************************
 193:Generated_Source\PSoC5/Counter.c **** * Function Name: Counter_Stop
 194:Generated_Source\PSoC5/Counter.c **** ********************************************************************************
 195:Generated_Source\PSoC5/Counter.c **** * Summary:
 196:Generated_Source\PSoC5/Counter.c **** * Halts the counter, but does not change any modes or disable interrupts.
 197:Generated_Source\PSoC5/Counter.c **** *
 198:Generated_Source\PSoC5/Counter.c **** * Parameters:  
 199:Generated_Source\PSoC5/Counter.c **** *  void  
 200:Generated_Source\PSoC5/Counter.c **** *
 201:Generated_Source\PSoC5/Counter.c **** * Return: 
 202:Generated_Source\PSoC5/Counter.c **** *  void
 203:Generated_Source\PSoC5/Counter.c **** *
 204:Generated_Source\PSoC5/Counter.c **** * Side Effects: If the Enable mode is set to Hardware only then this function
 205:Generated_Source\PSoC5/Counter.c **** *               has no effect on the operation of the counter.
 206:Generated_Source\PSoC5/Counter.c **** *
 207:Generated_Source\PSoC5/Counter.c **** *******************************************************************************/
 208:Generated_Source\PSoC5/Counter.c **** void Counter_Stop(void) 
 209:Generated_Source\PSoC5/Counter.c **** {
  45              		.loc 1 209 0
  46              		.cfi_startproc
  47              		@ args = 0, pretend = 0, frame = 0
  48              		@ frame_needed = 0, uses_anonymous_args = 0
  49              		@ link register save eliminated.
  50 0000 7047     		bx	lr
  51              		.cfi_endproc
  52              	.LFE3:
  53              		.size	Counter_Stop, .-Counter_Stop
  54 0002 00BF     		.section	.text.Counter_SetInterruptMode,"ax",%progbits
  55              		.align	2
  56              		.global	Counter_SetInterruptMode
  57              		.thumb
  58              		.thumb_func
  59              		.type	Counter_SetInterruptMode, %function
  60              	Counter_SetInterruptMode:
  61              	.LFB4:
 210:Generated_Source\PSoC5/Counter.c ****     /* Disable Counter */
 211:Generated_Source\PSoC5/Counter.c ****     #if(!Counter_ControlRegRemoved || Counter_UsingFixedFunction)
 212:Generated_Source\PSoC5/Counter.c ****         Counter_CONTROL &= ((uint8)(~Counter_CTRL_ENABLE));        
 213:Generated_Source\PSoC5/Counter.c ****     #endif /* (!Counter_ControlRegRemoved || Counter_UsingFixedFunction) */
 214:Generated_Source\PSoC5/Counter.c ****     
 215:Generated_Source\PSoC5/Counter.c ****     /* Globally disable the Fixed Function Block chosen */
 216:Generated_Source\PSoC5/Counter.c ****     #if (Counter_UsingFixedFunction)
 217:Generated_Source\PSoC5/Counter.c ****         Counter_GLOBAL_ENABLE &= ((uint8)(~Counter_BLOCK_EN_MASK));
 218:Generated_Source\PSoC5/Counter.c ****         Counter_GLOBAL_STBY_ENABLE &= ((uint8)(~Counter_BLOCK_STBY_EN_MASK));
 219:Generated_Source\PSoC5/Counter.c ****     #endif /* (Counter_UsingFixedFunction) */
 220:Generated_Source\PSoC5/Counter.c **** }
 221:Generated_Source\PSoC5/Counter.c **** 
 222:Generated_Source\PSoC5/Counter.c **** 
 223:Generated_Source\PSoC5/Counter.c **** /*******************************************************************************
 224:Generated_Source\PSoC5/Counter.c **** * Function Name: Counter_SetInterruptMode
ARM GAS  C:\Users\MODELA~1\AppData\Local\Temp\ccIXvuKM.s 			page 6


 225:Generated_Source\PSoC5/Counter.c **** ********************************************************************************
 226:Generated_Source\PSoC5/Counter.c **** * Summary:
 227:Generated_Source\PSoC5/Counter.c **** * Configures which interrupt sources are enabled to generate the final interrupt
 228:Generated_Source\PSoC5/Counter.c **** *
 229:Generated_Source\PSoC5/Counter.c **** * Parameters:  
 230:Generated_Source\PSoC5/Counter.c **** *  InterruptsMask: This parameter is an or'd collection of the status bits
 231:Generated_Source\PSoC5/Counter.c **** *                   which will be allowed to generate the counters interrupt.   
 232:Generated_Source\PSoC5/Counter.c **** *
 233:Generated_Source\PSoC5/Counter.c **** * Return: 
 234:Generated_Source\PSoC5/Counter.c **** *  void
 235:Generated_Source\PSoC5/Counter.c **** *
 236:Generated_Source\PSoC5/Counter.c **** *******************************************************************************/
 237:Generated_Source\PSoC5/Counter.c **** void Counter_SetInterruptMode(uint8 interruptsMask) 
 238:Generated_Source\PSoC5/Counter.c **** {
  62              		.loc 1 238 0
  63              		.cfi_startproc
  64              		@ args = 0, pretend = 0, frame = 0
  65              		@ frame_needed = 0, uses_anonymous_args = 0
  66              		@ link register save eliminated.
  67              	.LVL0:
 239:Generated_Source\PSoC5/Counter.c ****     Counter_STATUS_MASK = interruptsMask;
  68              		.loc 1 239 0
  69 0000 014B     		ldr	r3, .L4
  70 0002 1870     		strb	r0, [r3]
  71 0004 7047     		bx	lr
  72              	.L5:
  73 0006 00BF     		.align	2
  74              	.L4:
  75 0008 8C640040 		.word	1073767564
  76              		.cfi_endproc
  77              	.LFE4:
  78              		.size	Counter_SetInterruptMode, .-Counter_SetInterruptMode
  79              		.section	.text.Counter_ReadStatusRegister,"ax",%progbits
  80              		.align	2
  81              		.global	Counter_ReadStatusRegister
  82              		.thumb
  83              		.thumb_func
  84              		.type	Counter_ReadStatusRegister, %function
  85              	Counter_ReadStatusRegister:
  86              	.LFB5:
 240:Generated_Source\PSoC5/Counter.c **** }
 241:Generated_Source\PSoC5/Counter.c **** 
 242:Generated_Source\PSoC5/Counter.c **** 
 243:Generated_Source\PSoC5/Counter.c **** /*******************************************************************************
 244:Generated_Source\PSoC5/Counter.c **** * Function Name: Counter_ReadStatusRegister
 245:Generated_Source\PSoC5/Counter.c **** ********************************************************************************
 246:Generated_Source\PSoC5/Counter.c **** * Summary:
 247:Generated_Source\PSoC5/Counter.c **** *   Reads the status register and returns it's state. This function should use
 248:Generated_Source\PSoC5/Counter.c **** *       defined types for the bit-field information as the bits in this
 249:Generated_Source\PSoC5/Counter.c **** *       register may be permuteable.
 250:Generated_Source\PSoC5/Counter.c **** *
 251:Generated_Source\PSoC5/Counter.c **** * Parameters:  
 252:Generated_Source\PSoC5/Counter.c **** *  void
 253:Generated_Source\PSoC5/Counter.c **** *
 254:Generated_Source\PSoC5/Counter.c **** * Return: 
 255:Generated_Source\PSoC5/Counter.c **** *  (uint8) The contents of the status register
 256:Generated_Source\PSoC5/Counter.c **** *
ARM GAS  C:\Users\MODELA~1\AppData\Local\Temp\ccIXvuKM.s 			page 7


 257:Generated_Source\PSoC5/Counter.c **** * Side Effects:
 258:Generated_Source\PSoC5/Counter.c **** *   Status register bits may be clear on read. 
 259:Generated_Source\PSoC5/Counter.c **** *
 260:Generated_Source\PSoC5/Counter.c **** *******************************************************************************/
 261:Generated_Source\PSoC5/Counter.c **** uint8   Counter_ReadStatusRegister(void) 
 262:Generated_Source\PSoC5/Counter.c **** {
  87              		.loc 1 262 0
  88              		.cfi_startproc
  89              		@ args = 0, pretend = 0, frame = 0
  90              		@ frame_needed = 0, uses_anonymous_args = 0
  91              		@ link register save eliminated.
 263:Generated_Source\PSoC5/Counter.c ****     return Counter_STATUS;
  92              		.loc 1 263 0
  93 0000 014B     		ldr	r3, .L7
  94 0002 1878     		ldrb	r0, [r3]	@ zero_extendqisi2
 264:Generated_Source\PSoC5/Counter.c **** }
  95              		.loc 1 264 0
  96 0004 7047     		bx	lr
  97              	.L8:
  98 0006 00BF     		.align	2
  99              	.L7:
 100 0008 6C640040 		.word	1073767532
 101              		.cfi_endproc
 102              	.LFE5:
 103              		.size	Counter_ReadStatusRegister, .-Counter_ReadStatusRegister
 104              		.section	.text.Counter_WriteCounter,"ax",%progbits
 105              		.align	2
 106              		.global	Counter_WriteCounter
 107              		.thumb
 108              		.thumb_func
 109              		.type	Counter_WriteCounter, %function
 110              	Counter_WriteCounter:
 111              	.LFB6:
 265:Generated_Source\PSoC5/Counter.c **** 
 266:Generated_Source\PSoC5/Counter.c **** 
 267:Generated_Source\PSoC5/Counter.c **** #if(!Counter_ControlRegRemoved)
 268:Generated_Source\PSoC5/Counter.c **** /*******************************************************************************
 269:Generated_Source\PSoC5/Counter.c **** * Function Name: Counter_ReadControlRegister
 270:Generated_Source\PSoC5/Counter.c **** ********************************************************************************
 271:Generated_Source\PSoC5/Counter.c **** * Summary:
 272:Generated_Source\PSoC5/Counter.c **** *   Reads the control register and returns it's state. This function should use
 273:Generated_Source\PSoC5/Counter.c **** *       defined types for the bit-field information as the bits in this
 274:Generated_Source\PSoC5/Counter.c **** *       register may be permuteable.
 275:Generated_Source\PSoC5/Counter.c **** *
 276:Generated_Source\PSoC5/Counter.c **** * Parameters:  
 277:Generated_Source\PSoC5/Counter.c **** *  void
 278:Generated_Source\PSoC5/Counter.c **** *
 279:Generated_Source\PSoC5/Counter.c **** * Return: 
 280:Generated_Source\PSoC5/Counter.c **** *  (uint8) The contents of the control register
 281:Generated_Source\PSoC5/Counter.c **** *
 282:Generated_Source\PSoC5/Counter.c **** *******************************************************************************/
 283:Generated_Source\PSoC5/Counter.c **** uint8   Counter_ReadControlRegister(void) 
 284:Generated_Source\PSoC5/Counter.c **** {
 285:Generated_Source\PSoC5/Counter.c ****     return Counter_CONTROL;
 286:Generated_Source\PSoC5/Counter.c **** }
 287:Generated_Source\PSoC5/Counter.c **** 
 288:Generated_Source\PSoC5/Counter.c **** 
ARM GAS  C:\Users\MODELA~1\AppData\Local\Temp\ccIXvuKM.s 			page 8


 289:Generated_Source\PSoC5/Counter.c **** /*******************************************************************************
 290:Generated_Source\PSoC5/Counter.c **** * Function Name: Counter_WriteControlRegister
 291:Generated_Source\PSoC5/Counter.c **** ********************************************************************************
 292:Generated_Source\PSoC5/Counter.c **** * Summary:
 293:Generated_Source\PSoC5/Counter.c **** *   Sets the bit-field of the control register.  This function should use
 294:Generated_Source\PSoC5/Counter.c **** *       defined types for the bit-field information as the bits in this
 295:Generated_Source\PSoC5/Counter.c **** *       register may be permuteable.
 296:Generated_Source\PSoC5/Counter.c **** *
 297:Generated_Source\PSoC5/Counter.c **** * Parameters:  
 298:Generated_Source\PSoC5/Counter.c **** *  void
 299:Generated_Source\PSoC5/Counter.c **** *
 300:Generated_Source\PSoC5/Counter.c **** * Return: 
 301:Generated_Source\PSoC5/Counter.c **** *  (uint8) The contents of the control register
 302:Generated_Source\PSoC5/Counter.c **** *
 303:Generated_Source\PSoC5/Counter.c **** *******************************************************************************/
 304:Generated_Source\PSoC5/Counter.c **** void    Counter_WriteControlRegister(uint8 control) 
 305:Generated_Source\PSoC5/Counter.c **** {
 306:Generated_Source\PSoC5/Counter.c ****     Counter_CONTROL = control;
 307:Generated_Source\PSoC5/Counter.c **** }
 308:Generated_Source\PSoC5/Counter.c **** 
 309:Generated_Source\PSoC5/Counter.c **** #endif  /* (!Counter_ControlRegRemoved) */
 310:Generated_Source\PSoC5/Counter.c **** 
 311:Generated_Source\PSoC5/Counter.c **** 
 312:Generated_Source\PSoC5/Counter.c **** #if (!(Counter_UsingFixedFunction && (CY_PSOC5A)))
 313:Generated_Source\PSoC5/Counter.c **** /*******************************************************************************
 314:Generated_Source\PSoC5/Counter.c **** * Function Name: Counter_WriteCounter
 315:Generated_Source\PSoC5/Counter.c **** ********************************************************************************
 316:Generated_Source\PSoC5/Counter.c **** * Summary:
 317:Generated_Source\PSoC5/Counter.c **** *   This funtion is used to set the counter to a specific value
 318:Generated_Source\PSoC5/Counter.c **** *
 319:Generated_Source\PSoC5/Counter.c **** * Parameters:  
 320:Generated_Source\PSoC5/Counter.c **** *  counter:  New counter value. 
 321:Generated_Source\PSoC5/Counter.c **** *
 322:Generated_Source\PSoC5/Counter.c **** * Return: 
 323:Generated_Source\PSoC5/Counter.c **** *  void 
 324:Generated_Source\PSoC5/Counter.c **** *
 325:Generated_Source\PSoC5/Counter.c **** *******************************************************************************/
 326:Generated_Source\PSoC5/Counter.c **** void Counter_WriteCounter(uint16 counter) \
 327:Generated_Source\PSoC5/Counter.c ****                                    
 328:Generated_Source\PSoC5/Counter.c **** {
 112              		.loc 1 328 0
 113              		.cfi_startproc
 114              		@ args = 0, pretend = 0, frame = 0
 115              		@ frame_needed = 0, uses_anonymous_args = 0
 116              		@ link register save eliminated.
 117              	.LVL1:
 329:Generated_Source\PSoC5/Counter.c ****     #if(Counter_UsingFixedFunction)
 330:Generated_Source\PSoC5/Counter.c ****         /* assert if block is already enabled */
 331:Generated_Source\PSoC5/Counter.c ****         CYASSERT (0u == (Counter_GLOBAL_ENABLE & Counter_BLOCK_EN_MASK));
 332:Generated_Source\PSoC5/Counter.c ****         /* If block is disabled, enable it and then write the counter */
 333:Generated_Source\PSoC5/Counter.c ****         Counter_GLOBAL_ENABLE |= Counter_BLOCK_EN_MASK;
 334:Generated_Source\PSoC5/Counter.c ****         CY_SET_REG16(Counter_COUNTER_LSB_PTR, (uint16)counter);
 335:Generated_Source\PSoC5/Counter.c ****         Counter_GLOBAL_ENABLE &= ((uint8)(~Counter_BLOCK_EN_MASK));
 336:Generated_Source\PSoC5/Counter.c ****     #else
 337:Generated_Source\PSoC5/Counter.c ****         CY_SET_REG16(Counter_COUNTER_LSB_PTR, counter);
 118              		.loc 1 337 0
 119 0000 014B     		ldr	r3, .L10
ARM GAS  C:\Users\MODELA~1\AppData\Local\Temp\ccIXvuKM.s 			page 9


 120 0002 1880     		strh	r0, [r3]	@ movhi
 121 0004 7047     		bx	lr
 122              	.L11:
 123 0006 00BF     		.align	2
 124              	.L10:
 125 0008 14680040 		.word	1073768468
 126              		.cfi_endproc
 127              	.LFE6:
 128              		.size	Counter_WriteCounter, .-Counter_WriteCounter
 129              		.section	.text.Counter_ReadCounter,"ax",%progbits
 130              		.align	2
 131              		.global	Counter_ReadCounter
 132              		.thumb
 133              		.thumb_func
 134              		.type	Counter_ReadCounter, %function
 135              	Counter_ReadCounter:
 136              	.LFB7:
 338:Generated_Source\PSoC5/Counter.c ****     #endif /* (Counter_UsingFixedFunction) */
 339:Generated_Source\PSoC5/Counter.c **** }
 340:Generated_Source\PSoC5/Counter.c **** #endif /* (!(Counter_UsingFixedFunction && (CY_PSOC5A))) */
 341:Generated_Source\PSoC5/Counter.c **** 
 342:Generated_Source\PSoC5/Counter.c **** 
 343:Generated_Source\PSoC5/Counter.c **** /*******************************************************************************
 344:Generated_Source\PSoC5/Counter.c **** * Function Name: Counter_ReadCounter
 345:Generated_Source\PSoC5/Counter.c **** ********************************************************************************
 346:Generated_Source\PSoC5/Counter.c **** * Summary:
 347:Generated_Source\PSoC5/Counter.c **** * Returns the current value of the counter.  It doesn't matter
 348:Generated_Source\PSoC5/Counter.c **** * if the counter is enabled or running.
 349:Generated_Source\PSoC5/Counter.c **** *
 350:Generated_Source\PSoC5/Counter.c **** * Parameters:  
 351:Generated_Source\PSoC5/Counter.c **** *  void:  
 352:Generated_Source\PSoC5/Counter.c **** *
 353:Generated_Source\PSoC5/Counter.c **** * Return: 
 354:Generated_Source\PSoC5/Counter.c **** *  (uint16) The present value of the counter.
 355:Generated_Source\PSoC5/Counter.c **** *
 356:Generated_Source\PSoC5/Counter.c **** *******************************************************************************/
 357:Generated_Source\PSoC5/Counter.c **** uint16 Counter_ReadCounter(void) 
 358:Generated_Source\PSoC5/Counter.c **** {
 137              		.loc 1 358 0
 138              		.cfi_startproc
 139              		@ args = 0, pretend = 0, frame = 0
 140              		@ frame_needed = 0, uses_anonymous_args = 0
 141              		@ link register save eliminated.
 359:Generated_Source\PSoC5/Counter.c ****     /* Force capture by reading Accumulator */
 360:Generated_Source\PSoC5/Counter.c ****     /* Must first do a software capture to be able to read the counter */
 361:Generated_Source\PSoC5/Counter.c ****     /* It is up to the user code to make sure there isn't already captured data in the FIFO */
 362:Generated_Source\PSoC5/Counter.c ****     #if(Counter_UsingFixedFunction)
 363:Generated_Source\PSoC5/Counter.c **** 		(void)CY_GET_REG16(Counter_COUNTER_LSB_PTR);
 364:Generated_Source\PSoC5/Counter.c **** 	#else
 365:Generated_Source\PSoC5/Counter.c **** 		(void)CY_GET_REG8(Counter_COUNTER_LSB_PTR_8BIT);
 142              		.loc 1 365 0
 143 0000 024B     		ldr	r3, .L13
 144 0002 1B78     		ldrb	r3, [r3]	@ zero_extendqisi2
 366:Generated_Source\PSoC5/Counter.c **** 	#endif/* (Counter_UsingFixedFunction) */
 367:Generated_Source\PSoC5/Counter.c ****     
 368:Generated_Source\PSoC5/Counter.c ****     /* Read the data from the FIFO (or capture register for Fixed Function)*/
 369:Generated_Source\PSoC5/Counter.c ****     #if(Counter_UsingFixedFunction)
ARM GAS  C:\Users\MODELA~1\AppData\Local\Temp\ccIXvuKM.s 			page 10


 370:Generated_Source\PSoC5/Counter.c ****         return ((uint16)CY_GET_REG16(Counter_STATICCOUNT_LSB_PTR));
 371:Generated_Source\PSoC5/Counter.c ****     #else
 372:Generated_Source\PSoC5/Counter.c ****         return (CY_GET_REG16(Counter_STATICCOUNT_LSB_PTR));
 145              		.loc 1 372 0
 146 0004 024B     		ldr	r3, .L13+4
 147 0006 1888     		ldrh	r0, [r3]
 373:Generated_Source\PSoC5/Counter.c ****     #endif /* (Counter_UsingFixedFunction) */
 374:Generated_Source\PSoC5/Counter.c **** }
 148              		.loc 1 374 0
 149 0008 80B2     		uxth	r0, r0
 150 000a 7047     		bx	lr
 151              	.L14:
 152              		.align	2
 153              	.L13:
 154 000c 0A640040 		.word	1073767434
 155 0010 94680040 		.word	1073768596
 156              		.cfi_endproc
 157              	.LFE7:
 158              		.size	Counter_ReadCounter, .-Counter_ReadCounter
 159              		.section	.text.Counter_ReadCapture,"ax",%progbits
 160              		.align	2
 161              		.global	Counter_ReadCapture
 162              		.thumb
 163              		.thumb_func
 164              		.type	Counter_ReadCapture, %function
 165              	Counter_ReadCapture:
 166              	.LFB8:
 375:Generated_Source\PSoC5/Counter.c **** 
 376:Generated_Source\PSoC5/Counter.c **** 
 377:Generated_Source\PSoC5/Counter.c **** /*******************************************************************************
 378:Generated_Source\PSoC5/Counter.c **** * Function Name: Counter_ReadCapture
 379:Generated_Source\PSoC5/Counter.c **** ********************************************************************************
 380:Generated_Source\PSoC5/Counter.c **** * Summary:
 381:Generated_Source\PSoC5/Counter.c **** *   This function returns the last value captured.
 382:Generated_Source\PSoC5/Counter.c **** *
 383:Generated_Source\PSoC5/Counter.c **** * Parameters:  
 384:Generated_Source\PSoC5/Counter.c **** *  void
 385:Generated_Source\PSoC5/Counter.c **** *
 386:Generated_Source\PSoC5/Counter.c **** * Return: 
 387:Generated_Source\PSoC5/Counter.c **** *  (uint16) Present Capture value.
 388:Generated_Source\PSoC5/Counter.c **** *
 389:Generated_Source\PSoC5/Counter.c **** *******************************************************************************/
 390:Generated_Source\PSoC5/Counter.c **** uint16 Counter_ReadCapture(void) 
 391:Generated_Source\PSoC5/Counter.c **** {
 167              		.loc 1 391 0
 168              		.cfi_startproc
 169              		@ args = 0, pretend = 0, frame = 0
 170              		@ frame_needed = 0, uses_anonymous_args = 0
 171              		@ link register save eliminated.
 392:Generated_Source\PSoC5/Counter.c ****     #if(Counter_UsingFixedFunction)
 393:Generated_Source\PSoC5/Counter.c ****         return ((uint16)CY_GET_REG16(Counter_STATICCOUNT_LSB_PTR));
 394:Generated_Source\PSoC5/Counter.c ****     #else
 395:Generated_Source\PSoC5/Counter.c ****         return (CY_GET_REG16(Counter_STATICCOUNT_LSB_PTR));
 172              		.loc 1 395 0
 173 0000 014B     		ldr	r3, .L16
 174 0002 1888     		ldrh	r0, [r3]
 396:Generated_Source\PSoC5/Counter.c ****     #endif /* (Counter_UsingFixedFunction) */
ARM GAS  C:\Users\MODELA~1\AppData\Local\Temp\ccIXvuKM.s 			page 11


 397:Generated_Source\PSoC5/Counter.c **** }
 175              		.loc 1 397 0
 176 0004 80B2     		uxth	r0, r0
 177 0006 7047     		bx	lr
 178              	.L17:
 179              		.align	2
 180              	.L16:
 181 0008 94680040 		.word	1073768596
 182              		.cfi_endproc
 183              	.LFE8:
 184              		.size	Counter_ReadCapture, .-Counter_ReadCapture
 185              		.section	.text.Counter_WritePeriod,"ax",%progbits
 186              		.align	2
 187              		.global	Counter_WritePeriod
 188              		.thumb
 189              		.thumb_func
 190              		.type	Counter_WritePeriod, %function
 191              	Counter_WritePeriod:
 192              	.LFB9:
 398:Generated_Source\PSoC5/Counter.c **** 
 399:Generated_Source\PSoC5/Counter.c **** 
 400:Generated_Source\PSoC5/Counter.c **** /*******************************************************************************
 401:Generated_Source\PSoC5/Counter.c **** * Function Name: Counter_WritePeriod
 402:Generated_Source\PSoC5/Counter.c **** ********************************************************************************
 403:Generated_Source\PSoC5/Counter.c **** * Summary:
 404:Generated_Source\PSoC5/Counter.c **** * Changes the period of the counter.  The new period 
 405:Generated_Source\PSoC5/Counter.c **** * will be loaded the next time terminal count is detected.
 406:Generated_Source\PSoC5/Counter.c **** *
 407:Generated_Source\PSoC5/Counter.c **** * Parameters:  
 408:Generated_Source\PSoC5/Counter.c **** *  period: (uint16) A value of 0 will result in
 409:Generated_Source\PSoC5/Counter.c **** *         the counter remaining at zero.  
 410:Generated_Source\PSoC5/Counter.c **** *
 411:Generated_Source\PSoC5/Counter.c **** * Return: 
 412:Generated_Source\PSoC5/Counter.c **** *  void
 413:Generated_Source\PSoC5/Counter.c **** *
 414:Generated_Source\PSoC5/Counter.c **** *******************************************************************************/
 415:Generated_Source\PSoC5/Counter.c **** void Counter_WritePeriod(uint16 period) 
 416:Generated_Source\PSoC5/Counter.c **** {
 193              		.loc 1 416 0
 194              		.cfi_startproc
 195              		@ args = 0, pretend = 0, frame = 0
 196              		@ frame_needed = 0, uses_anonymous_args = 0
 197              		@ link register save eliminated.
 198              	.LVL2:
 417:Generated_Source\PSoC5/Counter.c ****     #if(Counter_UsingFixedFunction)
 418:Generated_Source\PSoC5/Counter.c ****         CY_SET_REG16(Counter_PERIOD_LSB_PTR,(uint16)period);
 419:Generated_Source\PSoC5/Counter.c ****     #else
 420:Generated_Source\PSoC5/Counter.c ****         CY_SET_REG16(Counter_PERIOD_LSB_PTR, period);
 199              		.loc 1 420 0
 200 0000 014B     		ldr	r3, .L19
 201 0002 1880     		strh	r0, [r3]	@ movhi
 202 0004 7047     		bx	lr
 203              	.L20:
 204 0006 00BF     		.align	2
 205              	.L19:
 206 0008 54680040 		.word	1073768532
 207              		.cfi_endproc
ARM GAS  C:\Users\MODELA~1\AppData\Local\Temp\ccIXvuKM.s 			page 12


 208              	.LFE9:
 209              		.size	Counter_WritePeriod, .-Counter_WritePeriod
 210              		.section	.text.Counter_ReadPeriod,"ax",%progbits
 211              		.align	2
 212              		.global	Counter_ReadPeriod
 213              		.thumb
 214              		.thumb_func
 215              		.type	Counter_ReadPeriod, %function
 216              	Counter_ReadPeriod:
 217              	.LFB10:
 421:Generated_Source\PSoC5/Counter.c ****     #endif /* (Counter_UsingFixedFunction) */
 422:Generated_Source\PSoC5/Counter.c **** }
 423:Generated_Source\PSoC5/Counter.c **** 
 424:Generated_Source\PSoC5/Counter.c **** 
 425:Generated_Source\PSoC5/Counter.c **** /*******************************************************************************
 426:Generated_Source\PSoC5/Counter.c **** * Function Name: Counter_ReadPeriod
 427:Generated_Source\PSoC5/Counter.c **** ********************************************************************************
 428:Generated_Source\PSoC5/Counter.c **** * Summary:
 429:Generated_Source\PSoC5/Counter.c **** * Reads the current period value without affecting counter operation.
 430:Generated_Source\PSoC5/Counter.c **** *
 431:Generated_Source\PSoC5/Counter.c **** * Parameters:  
 432:Generated_Source\PSoC5/Counter.c **** *  void:  
 433:Generated_Source\PSoC5/Counter.c **** *
 434:Generated_Source\PSoC5/Counter.c **** * Return: 
 435:Generated_Source\PSoC5/Counter.c **** *  (uint16) Present period value.
 436:Generated_Source\PSoC5/Counter.c **** *
 437:Generated_Source\PSoC5/Counter.c **** *******************************************************************************/
 438:Generated_Source\PSoC5/Counter.c **** uint16 Counter_ReadPeriod(void) 
 439:Generated_Source\PSoC5/Counter.c **** {
 218              		.loc 1 439 0
 219              		.cfi_startproc
 220              		@ args = 0, pretend = 0, frame = 0
 221              		@ frame_needed = 0, uses_anonymous_args = 0
 222              		@ link register save eliminated.
 440:Generated_Source\PSoC5/Counter.c ****     #if(Counter_UsingFixedFunction)
 441:Generated_Source\PSoC5/Counter.c ****         return ((uint16)CY_GET_REG16(Counter_PERIOD_LSB_PTR));
 442:Generated_Source\PSoC5/Counter.c ****     #else
 443:Generated_Source\PSoC5/Counter.c ****         return (CY_GET_REG16(Counter_PERIOD_LSB_PTR));
 223              		.loc 1 443 0
 224 0000 014B     		ldr	r3, .L22
 225 0002 1888     		ldrh	r0, [r3]
 444:Generated_Source\PSoC5/Counter.c ****     #endif /* (Counter_UsingFixedFunction) */
 445:Generated_Source\PSoC5/Counter.c **** }
 226              		.loc 1 445 0
 227 0004 80B2     		uxth	r0, r0
 228 0006 7047     		bx	lr
 229              	.L23:
 230              		.align	2
 231              	.L22:
 232 0008 54680040 		.word	1073768532
 233              		.cfi_endproc
 234              	.LFE10:
 235              		.size	Counter_ReadPeriod, .-Counter_ReadPeriod
 236              		.section	.text.Counter_WriteCompare,"ax",%progbits
 237              		.align	2
 238              		.global	Counter_WriteCompare
 239              		.thumb
ARM GAS  C:\Users\MODELA~1\AppData\Local\Temp\ccIXvuKM.s 			page 13


 240              		.thumb_func
 241              		.type	Counter_WriteCompare, %function
 242              	Counter_WriteCompare:
 243              	.LFB11:
 446:Generated_Source\PSoC5/Counter.c **** 
 447:Generated_Source\PSoC5/Counter.c **** 
 448:Generated_Source\PSoC5/Counter.c **** #if (!Counter_UsingFixedFunction)
 449:Generated_Source\PSoC5/Counter.c **** /*******************************************************************************
 450:Generated_Source\PSoC5/Counter.c **** * Function Name: Counter_WriteCompare
 451:Generated_Source\PSoC5/Counter.c **** ********************************************************************************
 452:Generated_Source\PSoC5/Counter.c **** * Summary:
 453:Generated_Source\PSoC5/Counter.c **** * Changes the compare value.  The compare output will 
 454:Generated_Source\PSoC5/Counter.c **** * reflect the new value on the next UDB clock.  The compare output will be 
 455:Generated_Source\PSoC5/Counter.c **** * driven high when the present counter value compares true based on the 
 456:Generated_Source\PSoC5/Counter.c **** * configured compare mode setting. 
 457:Generated_Source\PSoC5/Counter.c **** *
 458:Generated_Source\PSoC5/Counter.c **** * Parameters:  
 459:Generated_Source\PSoC5/Counter.c **** *  Compare:  New compare value. 
 460:Generated_Source\PSoC5/Counter.c **** *
 461:Generated_Source\PSoC5/Counter.c **** * Return: 
 462:Generated_Source\PSoC5/Counter.c **** *  void
 463:Generated_Source\PSoC5/Counter.c **** *
 464:Generated_Source\PSoC5/Counter.c **** *******************************************************************************/
 465:Generated_Source\PSoC5/Counter.c **** void Counter_WriteCompare(uint16 compare) \
 466:Generated_Source\PSoC5/Counter.c ****                                    
 467:Generated_Source\PSoC5/Counter.c **** {
 244              		.loc 1 467 0
 245              		.cfi_startproc
 246              		@ args = 0, pretend = 0, frame = 0
 247              		@ frame_needed = 0, uses_anonymous_args = 0
 248              		@ link register save eliminated.
 249              	.LVL3:
 468:Generated_Source\PSoC5/Counter.c ****     #if(Counter_UsingFixedFunction)
 469:Generated_Source\PSoC5/Counter.c ****         CY_SET_REG16(Counter_COMPARE_LSB_PTR, (uint16)compare);
 470:Generated_Source\PSoC5/Counter.c ****     #else
 471:Generated_Source\PSoC5/Counter.c ****         CY_SET_REG16(Counter_COMPARE_LSB_PTR, compare);
 250              		.loc 1 471 0
 251 0000 014B     		ldr	r3, .L25
 252 0002 1880     		strh	r0, [r3]	@ movhi
 253 0004 7047     		bx	lr
 254              	.L26:
 255 0006 00BF     		.align	2
 256              	.L25:
 257 0008 74680040 		.word	1073768564
 258              		.cfi_endproc
 259              	.LFE11:
 260              		.size	Counter_WriteCompare, .-Counter_WriteCompare
 261              		.section	.text.Counter_ReadCompare,"ax",%progbits
 262              		.align	2
 263              		.global	Counter_ReadCompare
 264              		.thumb
 265              		.thumb_func
 266              		.type	Counter_ReadCompare, %function
 267              	Counter_ReadCompare:
 268              	.LFB12:
 472:Generated_Source\PSoC5/Counter.c ****     #endif /* (Counter_UsingFixedFunction) */
 473:Generated_Source\PSoC5/Counter.c **** }
ARM GAS  C:\Users\MODELA~1\AppData\Local\Temp\ccIXvuKM.s 			page 14


 474:Generated_Source\PSoC5/Counter.c **** 
 475:Generated_Source\PSoC5/Counter.c **** 
 476:Generated_Source\PSoC5/Counter.c **** /*******************************************************************************
 477:Generated_Source\PSoC5/Counter.c **** * Function Name: Counter_ReadCompare
 478:Generated_Source\PSoC5/Counter.c **** ********************************************************************************
 479:Generated_Source\PSoC5/Counter.c **** * Summary:
 480:Generated_Source\PSoC5/Counter.c **** * Returns the compare value.
 481:Generated_Source\PSoC5/Counter.c **** *
 482:Generated_Source\PSoC5/Counter.c **** * Parameters:  
 483:Generated_Source\PSoC5/Counter.c **** *  void:
 484:Generated_Source\PSoC5/Counter.c **** *
 485:Generated_Source\PSoC5/Counter.c **** * Return: 
 486:Generated_Source\PSoC5/Counter.c **** *  (uint16) Present compare value.
 487:Generated_Source\PSoC5/Counter.c **** *
 488:Generated_Source\PSoC5/Counter.c **** *******************************************************************************/
 489:Generated_Source\PSoC5/Counter.c **** uint16 Counter_ReadCompare(void) 
 490:Generated_Source\PSoC5/Counter.c **** {
 269              		.loc 1 490 0
 270              		.cfi_startproc
 271              		@ args = 0, pretend = 0, frame = 0
 272              		@ frame_needed = 0, uses_anonymous_args = 0
 273              		@ link register save eliminated.
 491:Generated_Source\PSoC5/Counter.c ****     return (CY_GET_REG16(Counter_COMPARE_LSB_PTR));
 274              		.loc 1 491 0
 275 0000 014B     		ldr	r3, .L28
 276 0002 1888     		ldrh	r0, [r3]
 492:Generated_Source\PSoC5/Counter.c **** }
 277              		.loc 1 492 0
 278 0004 80B2     		uxth	r0, r0
 279 0006 7047     		bx	lr
 280              	.L29:
 281              		.align	2
 282              	.L28:
 283 0008 74680040 		.word	1073768564
 284              		.cfi_endproc
 285              	.LFE12:
 286              		.size	Counter_ReadCompare, .-Counter_ReadCompare
 287              		.section	.text.Counter_ClearFIFO,"ax",%progbits
 288              		.align	2
 289              		.global	Counter_ClearFIFO
 290              		.thumb
 291              		.thumb_func
 292              		.type	Counter_ClearFIFO, %function
 293              	Counter_ClearFIFO:
 294              	.LFB13:
 493:Generated_Source\PSoC5/Counter.c **** 
 494:Generated_Source\PSoC5/Counter.c **** 
 495:Generated_Source\PSoC5/Counter.c **** #if (Counter_COMPARE_MODE_SOFTWARE)
 496:Generated_Source\PSoC5/Counter.c **** /*******************************************************************************
 497:Generated_Source\PSoC5/Counter.c **** * Function Name: Counter_SetCompareMode
 498:Generated_Source\PSoC5/Counter.c **** ********************************************************************************
 499:Generated_Source\PSoC5/Counter.c **** * Summary:
 500:Generated_Source\PSoC5/Counter.c **** *  Sets the software controlled Compare Mode.
 501:Generated_Source\PSoC5/Counter.c **** *
 502:Generated_Source\PSoC5/Counter.c **** * Parameters:
 503:Generated_Source\PSoC5/Counter.c **** *  compareMode:  Compare Mode Enumerated Type.
 504:Generated_Source\PSoC5/Counter.c **** *
ARM GAS  C:\Users\MODELA~1\AppData\Local\Temp\ccIXvuKM.s 			page 15


 505:Generated_Source\PSoC5/Counter.c **** * Return:
 506:Generated_Source\PSoC5/Counter.c **** *  void
 507:Generated_Source\PSoC5/Counter.c **** *
 508:Generated_Source\PSoC5/Counter.c **** *******************************************************************************/
 509:Generated_Source\PSoC5/Counter.c **** void Counter_SetCompareMode(uint8 compareMode) 
 510:Generated_Source\PSoC5/Counter.c **** {
 511:Generated_Source\PSoC5/Counter.c ****     /* Clear the compare mode bits in the control register */
 512:Generated_Source\PSoC5/Counter.c ****     Counter_CONTROL &= ((uint8)(~Counter_CTRL_CMPMODE_MASK));
 513:Generated_Source\PSoC5/Counter.c ****     
 514:Generated_Source\PSoC5/Counter.c ****     /* Write the new setting */
 515:Generated_Source\PSoC5/Counter.c ****     Counter_CONTROL |= compareMode;
 516:Generated_Source\PSoC5/Counter.c **** }
 517:Generated_Source\PSoC5/Counter.c **** #endif  /* (Counter_COMPARE_MODE_SOFTWARE) */
 518:Generated_Source\PSoC5/Counter.c **** 
 519:Generated_Source\PSoC5/Counter.c **** 
 520:Generated_Source\PSoC5/Counter.c **** #if (Counter_CAPTURE_MODE_SOFTWARE)
 521:Generated_Source\PSoC5/Counter.c **** /*******************************************************************************
 522:Generated_Source\PSoC5/Counter.c **** * Function Name: Counter_SetCaptureMode
 523:Generated_Source\PSoC5/Counter.c **** ********************************************************************************
 524:Generated_Source\PSoC5/Counter.c **** * Summary:
 525:Generated_Source\PSoC5/Counter.c **** *  Sets the software controlled Capture Mode.
 526:Generated_Source\PSoC5/Counter.c **** *
 527:Generated_Source\PSoC5/Counter.c **** * Parameters:
 528:Generated_Source\PSoC5/Counter.c **** *  captureMode:  Capture Mode Enumerated Type.
 529:Generated_Source\PSoC5/Counter.c **** *
 530:Generated_Source\PSoC5/Counter.c **** * Return:
 531:Generated_Source\PSoC5/Counter.c **** *  void
 532:Generated_Source\PSoC5/Counter.c **** *
 533:Generated_Source\PSoC5/Counter.c **** *******************************************************************************/
 534:Generated_Source\PSoC5/Counter.c **** void Counter_SetCaptureMode(uint8 captureMode) 
 535:Generated_Source\PSoC5/Counter.c **** {
 536:Generated_Source\PSoC5/Counter.c ****     /* Clear the capture mode bits in the control register */
 537:Generated_Source\PSoC5/Counter.c ****     Counter_CONTROL &= ((uint8)(~Counter_CTRL_CAPMODE_MASK));
 538:Generated_Source\PSoC5/Counter.c ****     
 539:Generated_Source\PSoC5/Counter.c ****     /* Write the new setting */
 540:Generated_Source\PSoC5/Counter.c ****     Counter_CONTROL |= ((uint8)((uint8)captureMode << Counter_CTRL_CAPMODE0_SHIFT));
 541:Generated_Source\PSoC5/Counter.c **** }
 542:Generated_Source\PSoC5/Counter.c **** #endif  /* (Counter_CAPTURE_MODE_SOFTWARE) */
 543:Generated_Source\PSoC5/Counter.c **** 
 544:Generated_Source\PSoC5/Counter.c **** 
 545:Generated_Source\PSoC5/Counter.c **** /*******************************************************************************
 546:Generated_Source\PSoC5/Counter.c **** * Function Name: Counter_ClearFIFO
 547:Generated_Source\PSoC5/Counter.c **** ********************************************************************************
 548:Generated_Source\PSoC5/Counter.c **** * Summary:
 549:Generated_Source\PSoC5/Counter.c **** *   This function clears all capture data from the capture FIFO
 550:Generated_Source\PSoC5/Counter.c **** *
 551:Generated_Source\PSoC5/Counter.c **** * Parameters:  
 552:Generated_Source\PSoC5/Counter.c **** *  void:
 553:Generated_Source\PSoC5/Counter.c **** *
 554:Generated_Source\PSoC5/Counter.c **** * Return: 
 555:Generated_Source\PSoC5/Counter.c **** *  None
 556:Generated_Source\PSoC5/Counter.c **** *
 557:Generated_Source\PSoC5/Counter.c **** *******************************************************************************/
 558:Generated_Source\PSoC5/Counter.c **** void Counter_ClearFIFO(void) 
 559:Generated_Source\PSoC5/Counter.c **** {
 295              		.loc 1 559 0
 296              		.cfi_startproc
ARM GAS  C:\Users\MODELA~1\AppData\Local\Temp\ccIXvuKM.s 			page 16


 297              		@ args = 0, pretend = 0, frame = 0
 298              		@ frame_needed = 0, uses_anonymous_args = 0
 299 0000 08B5     		push	{r3, lr}
 300              		.cfi_def_cfa_offset 8
 301              		.cfi_offset 3, -8
 302              		.cfi_offset 14, -4
 560:Generated_Source\PSoC5/Counter.c **** 
 561:Generated_Source\PSoC5/Counter.c ****     while(0u != (Counter_ReadStatusRegister() & Counter_STATUS_FIFONEMP))
 303              		.loc 1 561 0
 304 0002 01E0     		b	.L31
 305              	.L32:
 562:Generated_Source\PSoC5/Counter.c ****     {
 563:Generated_Source\PSoC5/Counter.c ****         (void)Counter_ReadCapture();
 306              		.loc 1 563 0
 307 0004 FFF7FEFF 		bl	Counter_ReadCapture
 308              	.LVL4:
 309              	.L31:
 561:Generated_Source\PSoC5/Counter.c ****     {
 310              		.loc 1 561 0
 311 0008 FFF7FEFF 		bl	Counter_ReadStatusRegister
 312              	.LVL5:
 313 000c 10F0400F 		tst	r0, #64
 314 0010 F8D1     		bne	.L32
 564:Generated_Source\PSoC5/Counter.c ****     }
 565:Generated_Source\PSoC5/Counter.c **** 
 566:Generated_Source\PSoC5/Counter.c **** }
 315              		.loc 1 566 0
 316 0012 08BD     		pop	{r3, pc}
 317              		.cfi_endproc
 318              	.LFE13:
 319              		.size	Counter_ClearFIFO, .-Counter_ClearFIFO
 320              		.section	.text.Counter_Init,"ax",%progbits
 321              		.align	2
 322              		.global	Counter_Init
 323              		.thumb
 324              		.thumb_func
 325              		.type	Counter_Init, %function
 326              	Counter_Init:
 327              	.LFB0:
  38:Generated_Source\PSoC5/Counter.c ****         #if (!Counter_UsingFixedFunction && !Counter_ControlRegRemoved)
 328              		.loc 1 38 0
 329              		.cfi_startproc
 330              		@ args = 0, pretend = 0, frame = 0
 331              		@ frame_needed = 0, uses_anonymous_args = 0
 332 0000 08B5     		push	{r3, lr}
 333              		.cfi_def_cfa_offset 8
 334              		.cfi_offset 3, -8
 335              		.cfi_offset 14, -4
  96:Generated_Source\PSoC5/Counter.c ****         #endif /* (!Counter_UsingFixedFunction) */
 336              		.loc 1 96 0
 337 0002 FFF7FEFF 		bl	Counter_ClearFIFO
 338              	.LVL6:
 100:Generated_Source\PSoC5/Counter.c ****         #if (!(Counter_UsingFixedFunction && (CY_PSOC5A)))
 339              		.loc 1 100 0
 340 0006 0A20     		movs	r0, #10
 341 0008 FFF7FEFF 		bl	Counter_WritePeriod
 342              	.LVL7:
ARM GAS  C:\Users\MODELA~1\AppData\Local\Temp\ccIXvuKM.s 			page 17


 102:Generated_Source\PSoC5/Counter.c ****         #endif /* (!(Counter_UsingFixedFunction && (CY_PSOC5A))) */
 343              		.loc 1 102 0
 344 000c 0020     		movs	r0, #0
 345 000e FFF7FEFF 		bl	Counter_WriteCounter
 346              	.LVL8:
 104:Generated_Source\PSoC5/Counter.c ****         
 347              		.loc 1 104 0
 348 0012 0020     		movs	r0, #0
 349 0014 FFF7FEFF 		bl	Counter_SetInterruptMode
 350              	.LVL9:
 108:Generated_Source\PSoC5/Counter.c ****             /* Set the compare value (only available to non-fixed function implementation */
 351              		.loc 1 108 0
 352 0018 FFF7FEFF 		bl	Counter_ReadStatusRegister
 353              	.LVL10:
 110:Generated_Source\PSoC5/Counter.c ****             /* Use the interrupt output of the status register for IRQ output */
 354              		.loc 1 110 0
 355 001c 0420     		movs	r0, #4
 356 001e FFF7FEFF 		bl	Counter_WriteCompare
 357              	.LVL11:
 115:Generated_Source\PSoC5/Counter.c ****             
 358              		.loc 1 115 0
 359 0022 FFF7FEFF 		bl	CyEnterCriticalSection
 360              	.LVL12:
 117:Generated_Source\PSoC5/Counter.c ****             
 361              		.loc 1 117 0
 362 0026 044A     		ldr	r2, .L36
 363 0028 1378     		ldrb	r3, [r2]	@ zero_extendqisi2
 364 002a 43F01003 		orr	r3, r3, #16
 365 002e 1370     		strb	r3, [r2]
 120:Generated_Source\PSoC5/Counter.c ****             
 366              		.loc 1 120 0
 367 0030 FFF7FEFF 		bl	CyExitCriticalSection
 368              	.LVL13:
 369 0034 08BD     		pop	{r3, pc}
 370              	.L37:
 371 0036 00BF     		.align	2
 372              	.L36:
 373 0038 9C640040 		.word	1073767580
 374              		.cfi_endproc
 375              	.LFE0:
 376              		.size	Counter_Init, .-Counter_Init
 377              		.section	.text.Counter_Start,"ax",%progbits
 378              		.align	2
 379              		.global	Counter_Start
 380              		.thumb
 381              		.thumb_func
 382              		.type	Counter_Start, %function
 383              	Counter_Start:
 384              	.LFB2:
 179:Generated_Source\PSoC5/Counter.c ****     if(Counter_initVar == 0u)
 385              		.loc 1 179 0
 386              		.cfi_startproc
 387              		@ args = 0, pretend = 0, frame = 0
 388              		@ frame_needed = 0, uses_anonymous_args = 0
 389 0000 08B5     		push	{r3, lr}
 390              		.cfi_def_cfa_offset 8
 391              		.cfi_offset 3, -8
ARM GAS  C:\Users\MODELA~1\AppData\Local\Temp\ccIXvuKM.s 			page 18


 392              		.cfi_offset 14, -4
 180:Generated_Source\PSoC5/Counter.c ****     {
 393              		.loc 1 180 0
 394 0002 044B     		ldr	r3, .L41
 395 0004 1B78     		ldrb	r3, [r3]	@ zero_extendqisi2
 396 0006 23B9     		cbnz	r3, .L38
 182:Generated_Source\PSoC5/Counter.c ****         
 397              		.loc 1 182 0
 398 0008 FFF7FEFF 		bl	Counter_Init
 399              	.LVL14:
 184:Generated_Source\PSoC5/Counter.c ****     }
 400              		.loc 1 184 0
 401 000c 0122     		movs	r2, #1
 402 000e 014B     		ldr	r3, .L41
 403 0010 1A70     		strb	r2, [r3]
 404              	.L38:
 405 0012 08BD     		pop	{r3, pc}
 406              	.L42:
 407              		.align	2
 408              	.L41:
 409 0014 00000000 		.word	.LANCHOR0
 410              		.cfi_endproc
 411              	.LFE2:
 412              		.size	Counter_Start, .-Counter_Start
 413              		.global	Counter_initVar
 414              		.bss
 415              		.set	.LANCHOR0,. + 0
 416              		.type	Counter_initVar, %object
 417              		.size	Counter_initVar, 1
 418              	Counter_initVar:
 419 0000 00       		.space	1
 420              		.text
 421              	.Letext0:
 422              		.file 2 "Generated_Source\\PSoC5\\cytypes.h"
 423              		.file 3 "Generated_Source\\PSoC5\\CyLib.h"
 424              		.section	.debug_info,"",%progbits
 425              	.Ldebug_info0:
 426 0000 EB020000 		.4byte	0x2eb
 427 0004 0400     		.2byte	0x4
 428 0006 00000000 		.4byte	.Ldebug_abbrev0
 429 000a 04       		.byte	0x4
 430 000b 01       		.uleb128 0x1
 431 000c B4000000 		.4byte	.LASF38
 432 0010 0C       		.byte	0xc
 433 0011 EF020000 		.4byte	.LASF39
 434 0015 DF010000 		.4byte	.LASF40
 435 0019 00000000 		.4byte	.Ldebug_ranges0+0
 436 001d 00000000 		.4byte	0
 437 0021 00000000 		.4byte	.Ldebug_line0
 438 0025 02       		.uleb128 0x2
 439 0026 01       		.byte	0x1
 440 0027 06       		.byte	0x6
 441 0028 DB020000 		.4byte	.LASF0
 442 002c 02       		.uleb128 0x2
 443 002d 01       		.byte	0x1
 444 002e 08       		.byte	0x8
 445 002f A6000000 		.4byte	.LASF1
ARM GAS  C:\Users\MODELA~1\AppData\Local\Temp\ccIXvuKM.s 			page 19


 446 0033 02       		.uleb128 0x2
 447 0034 02       		.byte	0x2
 448 0035 05       		.byte	0x5
 449 0036 8F020000 		.4byte	.LASF2
 450 003a 02       		.uleb128 0x2
 451 003b 02       		.byte	0x2
 452 003c 07       		.byte	0x7
 453 003d 66000000 		.4byte	.LASF3
 454 0041 02       		.uleb128 0x2
 455 0042 04       		.byte	0x4
 456 0043 05       		.byte	0x5
 457 0044 B4020000 		.4byte	.LASF4
 458 0048 02       		.uleb128 0x2
 459 0049 04       		.byte	0x4
 460 004a 07       		.byte	0x7
 461 004b 47010000 		.4byte	.LASF5
 462 004f 02       		.uleb128 0x2
 463 0050 08       		.byte	0x8
 464 0051 05       		.byte	0x5
 465 0052 7C020000 		.4byte	.LASF6
 466 0056 02       		.uleb128 0x2
 467 0057 08       		.byte	0x8
 468 0058 07       		.byte	0x7
 469 0059 8F000000 		.4byte	.LASF7
 470 005d 03       		.uleb128 0x3
 471 005e 04       		.byte	0x4
 472 005f 05       		.byte	0x5
 473 0060 696E7400 		.ascii	"int\000"
 474 0064 02       		.uleb128 0x2
 475 0065 04       		.byte	0x4
 476 0066 07       		.byte	0x7
 477 0067 27020000 		.4byte	.LASF8
 478 006b 04       		.uleb128 0x4
 479 006c 59010000 		.4byte	.LASF9
 480 0070 02       		.byte	0x2
 481 0071 E401     		.2byte	0x1e4
 482 0073 2C000000 		.4byte	0x2c
 483 0077 04       		.uleb128 0x4
 484 0078 C1010000 		.4byte	.LASF10
 485 007c 02       		.byte	0x2
 486 007d E501     		.2byte	0x1e5
 487 007f 3A000000 		.4byte	0x3a
 488 0083 02       		.uleb128 0x2
 489 0084 04       		.byte	0x4
 490 0085 04       		.byte	0x4
 491 0086 38000000 		.4byte	.LASF11
 492 008a 02       		.uleb128 0x2
 493 008b 08       		.byte	0x8
 494 008c 04       		.byte	0x4
 495 008d AD010000 		.4byte	.LASF12
 496 0091 02       		.uleb128 0x2
 497 0092 01       		.byte	0x1
 498 0093 08       		.byte	0x8
 499 0094 8A020000 		.4byte	.LASF13
 500 0098 04       		.uleb128 0x4
 501 0099 42010000 		.4byte	.LASF14
 502 009d 02       		.byte	0x2
ARM GAS  C:\Users\MODELA~1\AppData\Local\Temp\ccIXvuKM.s 			page 20


 503 009e 8E02     		.2byte	0x28e
 504 00a0 A4000000 		.4byte	0xa4
 505 00a4 05       		.uleb128 0x5
 506 00a5 6B000000 		.4byte	0x6b
 507 00a9 04       		.uleb128 0x4
 508 00aa 00000000 		.4byte	.LASF15
 509 00ae 02       		.byte	0x2
 510 00af 8F02     		.2byte	0x28f
 511 00b1 B5000000 		.4byte	0xb5
 512 00b5 05       		.uleb128 0x5
 513 00b6 77000000 		.4byte	0x77
 514 00ba 02       		.uleb128 0x2
 515 00bb 08       		.byte	0x8
 516 00bc 04       		.byte	0x4
 517 00bd BD020000 		.4byte	.LASF16
 518 00c1 02       		.uleb128 0x2
 519 00c2 04       		.byte	0x4
 520 00c3 07       		.byte	0x7
 521 00c4 5E020000 		.4byte	.LASF17
 522 00c8 06       		.uleb128 0x6
 523 00c9 06000000 		.4byte	.LASF18
 524 00cd 01       		.byte	0x1
 525 00ce 8F       		.byte	0x8f
 526 00cf 00000000 		.4byte	.LFB1
 527 00d3 02000000 		.4byte	.LFE1-.LFB1
 528 00d7 01       		.uleb128 0x1
 529 00d8 9C       		.byte	0x9c
 530 00d9 06       		.uleb128 0x6
 531 00da B4010000 		.4byte	.LASF19
 532 00de 01       		.byte	0x1
 533 00df D0       		.byte	0xd0
 534 00e0 00000000 		.4byte	.LFB3
 535 00e4 02000000 		.4byte	.LFE3-.LFB3
 536 00e8 01       		.uleb128 0x1
 537 00e9 9C       		.byte	0x9c
 538 00ea 07       		.uleb128 0x7
 539 00eb 10030000 		.4byte	.LASF20
 540 00ef 01       		.byte	0x1
 541 00f0 ED       		.byte	0xed
 542 00f1 00000000 		.4byte	.LFB4
 543 00f5 0C000000 		.4byte	.LFE4-.LFB4
 544 00f9 01       		.uleb128 0x1
 545 00fa 9C       		.byte	0x9c
 546 00fb 0D010000 		.4byte	0x10d
 547 00ff 08       		.uleb128 0x8
 548 0100 5F010000 		.4byte	.LASF22
 549 0104 01       		.byte	0x1
 550 0105 ED       		.byte	0xed
 551 0106 6B000000 		.4byte	0x6b
 552 010a 01       		.uleb128 0x1
 553 010b 50       		.byte	0x50
 554 010c 00       		.byte	0
 555 010d 09       		.uleb128 0x9
 556 010e 99020000 		.4byte	.LASF24
 557 0112 01       		.byte	0x1
 558 0113 0501     		.2byte	0x105
 559 0115 6B000000 		.4byte	0x6b
ARM GAS  C:\Users\MODELA~1\AppData\Local\Temp\ccIXvuKM.s 			page 21


 560 0119 00000000 		.4byte	.LFB5
 561 011d 0C000000 		.4byte	.LFE5-.LFB5
 562 0121 01       		.uleb128 0x1
 563 0122 9C       		.byte	0x9c
 564 0123 0A       		.uleb128 0xa
 565 0124 29030000 		.4byte	.LASF21
 566 0128 01       		.byte	0x1
 567 0129 4601     		.2byte	0x146
 568 012b 00000000 		.4byte	.LFB6
 569 012f 0C000000 		.4byte	.LFE6-.LFB6
 570 0133 01       		.uleb128 0x1
 571 0134 9C       		.byte	0x9c
 572 0135 48010000 		.4byte	0x148
 573 0139 0B       		.uleb128 0xb
 574 013a 87000000 		.4byte	.LASF23
 575 013e 01       		.byte	0x1
 576 013f 4601     		.2byte	0x146
 577 0141 77000000 		.4byte	0x77
 578 0145 01       		.uleb128 0x1
 579 0146 50       		.byte	0x50
 580 0147 00       		.byte	0
 581 0148 09       		.uleb128 0x9
 582 0149 6E010000 		.4byte	.LASF25
 583 014d 01       		.byte	0x1
 584 014e 6501     		.2byte	0x165
 585 0150 77000000 		.4byte	0x77
 586 0154 00000000 		.4byte	.LFB7
 587 0158 14000000 		.4byte	.LFE7-.LFB7
 588 015c 01       		.uleb128 0x1
 589 015d 9C       		.byte	0x9c
 590 015e 09       		.uleb128 0x9
 591 015f 3E000000 		.4byte	.LASF26
 592 0163 01       		.byte	0x1
 593 0164 8601     		.2byte	0x186
 594 0166 77000000 		.4byte	0x77
 595 016a 00000000 		.4byte	.LFB8
 596 016e 0C000000 		.4byte	.LFE8-.LFB8
 597 0172 01       		.uleb128 0x1
 598 0173 9C       		.byte	0x9c
 599 0174 0A       		.uleb128 0xa
 600 0175 34020000 		.4byte	.LASF27
 601 0179 01       		.byte	0x1
 602 017a 9F01     		.2byte	0x19f
 603 017c 00000000 		.4byte	.LFB9
 604 0180 0C000000 		.4byte	.LFE9-.LFB9
 605 0184 01       		.uleb128 0x1
 606 0185 9C       		.byte	0x9c
 607 0186 99010000 		.4byte	0x199
 608 018a 0B       		.uleb128 0xb
 609 018b 52000000 		.4byte	.LASF28
 610 018f 01       		.byte	0x1
 611 0190 9F01     		.2byte	0x19f
 612 0192 77000000 		.4byte	0x77
 613 0196 01       		.uleb128 0x1
 614 0197 50       		.byte	0x50
 615 0198 00       		.byte	0
 616 0199 09       		.uleb128 0x9
ARM GAS  C:\Users\MODELA~1\AppData\Local\Temp\ccIXvuKM.s 			page 22


 617 019a 15000000 		.4byte	.LASF29
 618 019e 01       		.byte	0x1
 619 019f B601     		.2byte	0x1b6
 620 01a1 77000000 		.4byte	0x77
 621 01a5 00000000 		.4byte	.LFB10
 622 01a9 0C000000 		.4byte	.LFE10-.LFB10
 623 01ad 01       		.uleb128 0x1
 624 01ae 9C       		.byte	0x9c
 625 01af 0A       		.uleb128 0xa
 626 01b0 67020000 		.4byte	.LASF30
 627 01b4 01       		.byte	0x1
 628 01b5 D101     		.2byte	0x1d1
 629 01b7 00000000 		.4byte	.LFB11
 630 01bb 0C000000 		.4byte	.LFE11-.LFB11
 631 01bf 01       		.uleb128 0x1
 632 01c0 9C       		.byte	0x9c
 633 01c1 D4010000 		.4byte	0x1d4
 634 01c5 0B       		.uleb128 0xb
 635 01c6 E7020000 		.4byte	.LASF31
 636 01ca 01       		.byte	0x1
 637 01cb D101     		.2byte	0x1d1
 638 01cd 77000000 		.4byte	0x77
 639 01d1 01       		.uleb128 0x1
 640 01d2 50       		.byte	0x50
 641 01d3 00       		.byte	0
 642 01d4 09       		.uleb128 0x9
 643 01d5 99010000 		.4byte	.LASF32
 644 01d9 01       		.byte	0x1
 645 01da E901     		.2byte	0x1e9
 646 01dc 77000000 		.4byte	0x77
 647 01e0 00000000 		.4byte	.LFB12
 648 01e4 0C000000 		.4byte	.LFE12-.LFB12
 649 01e8 01       		.uleb128 0x1
 650 01e9 9C       		.byte	0x9c
 651 01ea 0A       		.uleb128 0xa
 652 01eb C9020000 		.4byte	.LASF33
 653 01ef 01       		.byte	0x1
 654 01f0 2E02     		.2byte	0x22e
 655 01f2 00000000 		.4byte	.LFB13
 656 01f6 14000000 		.4byte	.LFE13-.LFB13
 657 01fa 01       		.uleb128 0x1
 658 01fb 9C       		.byte	0x9c
 659 01fc 13020000 		.4byte	0x213
 660 0200 0C       		.uleb128 0xc
 661 0201 08000000 		.4byte	.LVL4
 662 0205 5E010000 		.4byte	0x15e
 663 0209 0C       		.uleb128 0xc
 664 020a 0C000000 		.4byte	.LVL5
 665 020e 0D010000 		.4byte	0x10d
 666 0212 00       		.byte	0
 667 0213 07       		.uleb128 0x7
 668 0214 59000000 		.4byte	.LASF34
 669 0218 01       		.byte	0x1
 670 0219 25       		.byte	0x25
 671 021a 00000000 		.4byte	.LFB0
 672 021e 3C000000 		.4byte	.LFE0-.LFB0
 673 0222 01       		.uleb128 0x1
ARM GAS  C:\Users\MODELA~1\AppData\Local\Temp\ccIXvuKM.s 			page 23


 674 0223 9C       		.byte	0x9c
 675 0224 A8020000 		.4byte	0x2a8
 676 0228 0D       		.uleb128 0xd
 677 0229 82010000 		.4byte	.LASF41
 678 022d 01       		.byte	0x1
 679 022e 2D       		.byte	0x2d
 680 022f 6B000000 		.4byte	0x6b
 681 0233 00000000 		.4byte	.LLST0
 682 0237 0C       		.uleb128 0xc
 683 0238 06000000 		.4byte	.LVL6
 684 023c EA010000 		.4byte	0x1ea
 685 0240 0E       		.uleb128 0xe
 686 0241 0C000000 		.4byte	.LVL7
 687 0245 74010000 		.4byte	0x174
 688 0249 53020000 		.4byte	0x253
 689 024d 0F       		.uleb128 0xf
 690 024e 01       		.uleb128 0x1
 691 024f 50       		.byte	0x50
 692 0250 01       		.uleb128 0x1
 693 0251 3A       		.byte	0x3a
 694 0252 00       		.byte	0
 695 0253 0E       		.uleb128 0xe
 696 0254 12000000 		.4byte	.LVL8
 697 0258 23010000 		.4byte	0x123
 698 025c 66020000 		.4byte	0x266
 699 0260 0F       		.uleb128 0xf
 700 0261 01       		.uleb128 0x1
 701 0262 50       		.byte	0x50
 702 0263 01       		.uleb128 0x1
 703 0264 30       		.byte	0x30
 704 0265 00       		.byte	0
 705 0266 0E       		.uleb128 0xe
 706 0267 18000000 		.4byte	.LVL9
 707 026b EA000000 		.4byte	0xea
 708 026f 79020000 		.4byte	0x279
 709 0273 0F       		.uleb128 0xf
 710 0274 01       		.uleb128 0x1
 711 0275 50       		.byte	0x50
 712 0276 01       		.uleb128 0x1
 713 0277 30       		.byte	0x30
 714 0278 00       		.byte	0
 715 0279 0C       		.uleb128 0xc
 716 027a 1C000000 		.4byte	.LVL10
 717 027e 0D010000 		.4byte	0x10d
 718 0282 0E       		.uleb128 0xe
 719 0283 22000000 		.4byte	.LVL11
 720 0287 AF010000 		.4byte	0x1af
 721 028b 95020000 		.4byte	0x295
 722 028f 0F       		.uleb128 0xf
 723 0290 01       		.uleb128 0x1
 724 0291 50       		.byte	0x50
 725 0292 01       		.uleb128 0x1
 726 0293 34       		.byte	0x34
 727 0294 00       		.byte	0
 728 0295 0C       		.uleb128 0xc
 729 0296 26000000 		.4byte	.LVL12
 730 029a D8020000 		.4byte	0x2d8
ARM GAS  C:\Users\MODELA~1\AppData\Local\Temp\ccIXvuKM.s 			page 24


 731 029e 0C       		.uleb128 0xc
 732 029f 34000000 		.4byte	.LVL13
 733 02a3 E3020000 		.4byte	0x2e3
 734 02a7 00       		.byte	0
 735 02a8 07       		.uleb128 0x7
 736 02a9 79000000 		.4byte	.LASF35
 737 02ad 01       		.byte	0x1
 738 02ae B2       		.byte	0xb2
 739 02af 00000000 		.4byte	.LFB2
 740 02b3 18000000 		.4byte	.LFE2-.LFB2
 741 02b7 01       		.uleb128 0x1
 742 02b8 9C       		.byte	0x9c
 743 02b9 C7020000 		.4byte	0x2c7
 744 02bd 0C       		.uleb128 0xc
 745 02be 0C000000 		.4byte	.LVL14
 746 02c2 13020000 		.4byte	0x213
 747 02c6 00       		.byte	0
 748 02c7 10       		.uleb128 0x10
 749 02c8 28000000 		.4byte	.LASF42
 750 02cc 01       		.byte	0x1
 751 02cd 15       		.byte	0x15
 752 02ce 6B000000 		.4byte	0x6b
 753 02d2 05       		.uleb128 0x5
 754 02d3 03       		.byte	0x3
 755 02d4 00000000 		.4byte	Counter_initVar
 756 02d8 11       		.uleb128 0x11
 757 02d9 C8010000 		.4byte	.LASF36
 758 02dd C8010000 		.4byte	.LASF36
 759 02e1 03       		.byte	0x3
 760 02e2 7D       		.byte	0x7d
 761 02e3 11       		.uleb128 0x11
 762 02e4 48020000 		.4byte	.LASF37
 763 02e8 48020000 		.4byte	.LASF37
 764 02ec 03       		.byte	0x3
 765 02ed 7E       		.byte	0x7e
 766 02ee 00       		.byte	0
 767              		.section	.debug_abbrev,"",%progbits
 768              	.Ldebug_abbrev0:
 769 0000 01       		.uleb128 0x1
 770 0001 11       		.uleb128 0x11
 771 0002 01       		.byte	0x1
 772 0003 25       		.uleb128 0x25
 773 0004 0E       		.uleb128 0xe
 774 0005 13       		.uleb128 0x13
 775 0006 0B       		.uleb128 0xb
 776 0007 03       		.uleb128 0x3
 777 0008 0E       		.uleb128 0xe
 778 0009 1B       		.uleb128 0x1b
 779 000a 0E       		.uleb128 0xe
 780 000b 55       		.uleb128 0x55
 781 000c 17       		.uleb128 0x17
 782 000d 11       		.uleb128 0x11
 783 000e 01       		.uleb128 0x1
 784 000f 10       		.uleb128 0x10
 785 0010 17       		.uleb128 0x17
 786 0011 00       		.byte	0
 787 0012 00       		.byte	0
ARM GAS  C:\Users\MODELA~1\AppData\Local\Temp\ccIXvuKM.s 			page 25


 788 0013 02       		.uleb128 0x2
 789 0014 24       		.uleb128 0x24
 790 0015 00       		.byte	0
 791 0016 0B       		.uleb128 0xb
 792 0017 0B       		.uleb128 0xb
 793 0018 3E       		.uleb128 0x3e
 794 0019 0B       		.uleb128 0xb
 795 001a 03       		.uleb128 0x3
 796 001b 0E       		.uleb128 0xe
 797 001c 00       		.byte	0
 798 001d 00       		.byte	0
 799 001e 03       		.uleb128 0x3
 800 001f 24       		.uleb128 0x24
 801 0020 00       		.byte	0
 802 0021 0B       		.uleb128 0xb
 803 0022 0B       		.uleb128 0xb
 804 0023 3E       		.uleb128 0x3e
 805 0024 0B       		.uleb128 0xb
 806 0025 03       		.uleb128 0x3
 807 0026 08       		.uleb128 0x8
 808 0027 00       		.byte	0
 809 0028 00       		.byte	0
 810 0029 04       		.uleb128 0x4
 811 002a 16       		.uleb128 0x16
 812 002b 00       		.byte	0
 813 002c 03       		.uleb128 0x3
 814 002d 0E       		.uleb128 0xe
 815 002e 3A       		.uleb128 0x3a
 816 002f 0B       		.uleb128 0xb
 817 0030 3B       		.uleb128 0x3b
 818 0031 05       		.uleb128 0x5
 819 0032 49       		.uleb128 0x49
 820 0033 13       		.uleb128 0x13
 821 0034 00       		.byte	0
 822 0035 00       		.byte	0
 823 0036 05       		.uleb128 0x5
 824 0037 35       		.uleb128 0x35
 825 0038 00       		.byte	0
 826 0039 49       		.uleb128 0x49
 827 003a 13       		.uleb128 0x13
 828 003b 00       		.byte	0
 829 003c 00       		.byte	0
 830 003d 06       		.uleb128 0x6
 831 003e 2E       		.uleb128 0x2e
 832 003f 00       		.byte	0
 833 0040 3F       		.uleb128 0x3f
 834 0041 19       		.uleb128 0x19
 835 0042 03       		.uleb128 0x3
 836 0043 0E       		.uleb128 0xe
 837 0044 3A       		.uleb128 0x3a
 838 0045 0B       		.uleb128 0xb
 839 0046 3B       		.uleb128 0x3b
 840 0047 0B       		.uleb128 0xb
 841 0048 27       		.uleb128 0x27
 842 0049 19       		.uleb128 0x19
 843 004a 11       		.uleb128 0x11
 844 004b 01       		.uleb128 0x1
ARM GAS  C:\Users\MODELA~1\AppData\Local\Temp\ccIXvuKM.s 			page 26


 845 004c 12       		.uleb128 0x12
 846 004d 06       		.uleb128 0x6
 847 004e 40       		.uleb128 0x40
 848 004f 18       		.uleb128 0x18
 849 0050 9742     		.uleb128 0x2117
 850 0052 19       		.uleb128 0x19
 851 0053 00       		.byte	0
 852 0054 00       		.byte	0
 853 0055 07       		.uleb128 0x7
 854 0056 2E       		.uleb128 0x2e
 855 0057 01       		.byte	0x1
 856 0058 3F       		.uleb128 0x3f
 857 0059 19       		.uleb128 0x19
 858 005a 03       		.uleb128 0x3
 859 005b 0E       		.uleb128 0xe
 860 005c 3A       		.uleb128 0x3a
 861 005d 0B       		.uleb128 0xb
 862 005e 3B       		.uleb128 0x3b
 863 005f 0B       		.uleb128 0xb
 864 0060 27       		.uleb128 0x27
 865 0061 19       		.uleb128 0x19
 866 0062 11       		.uleb128 0x11
 867 0063 01       		.uleb128 0x1
 868 0064 12       		.uleb128 0x12
 869 0065 06       		.uleb128 0x6
 870 0066 40       		.uleb128 0x40
 871 0067 18       		.uleb128 0x18
 872 0068 9742     		.uleb128 0x2117
 873 006a 19       		.uleb128 0x19
 874 006b 01       		.uleb128 0x1
 875 006c 13       		.uleb128 0x13
 876 006d 00       		.byte	0
 877 006e 00       		.byte	0
 878 006f 08       		.uleb128 0x8
 879 0070 05       		.uleb128 0x5
 880 0071 00       		.byte	0
 881 0072 03       		.uleb128 0x3
 882 0073 0E       		.uleb128 0xe
 883 0074 3A       		.uleb128 0x3a
 884 0075 0B       		.uleb128 0xb
 885 0076 3B       		.uleb128 0x3b
 886 0077 0B       		.uleb128 0xb
 887 0078 49       		.uleb128 0x49
 888 0079 13       		.uleb128 0x13
 889 007a 02       		.uleb128 0x2
 890 007b 18       		.uleb128 0x18
 891 007c 00       		.byte	0
 892 007d 00       		.byte	0
 893 007e 09       		.uleb128 0x9
 894 007f 2E       		.uleb128 0x2e
 895 0080 00       		.byte	0
 896 0081 3F       		.uleb128 0x3f
 897 0082 19       		.uleb128 0x19
 898 0083 03       		.uleb128 0x3
 899 0084 0E       		.uleb128 0xe
 900 0085 3A       		.uleb128 0x3a
 901 0086 0B       		.uleb128 0xb
ARM GAS  C:\Users\MODELA~1\AppData\Local\Temp\ccIXvuKM.s 			page 27


 902 0087 3B       		.uleb128 0x3b
 903 0088 05       		.uleb128 0x5
 904 0089 27       		.uleb128 0x27
 905 008a 19       		.uleb128 0x19
 906 008b 49       		.uleb128 0x49
 907 008c 13       		.uleb128 0x13
 908 008d 11       		.uleb128 0x11
 909 008e 01       		.uleb128 0x1
 910 008f 12       		.uleb128 0x12
 911 0090 06       		.uleb128 0x6
 912 0091 40       		.uleb128 0x40
 913 0092 18       		.uleb128 0x18
 914 0093 9742     		.uleb128 0x2117
 915 0095 19       		.uleb128 0x19
 916 0096 00       		.byte	0
 917 0097 00       		.byte	0
 918 0098 0A       		.uleb128 0xa
 919 0099 2E       		.uleb128 0x2e
 920 009a 01       		.byte	0x1
 921 009b 3F       		.uleb128 0x3f
 922 009c 19       		.uleb128 0x19
 923 009d 03       		.uleb128 0x3
 924 009e 0E       		.uleb128 0xe
 925 009f 3A       		.uleb128 0x3a
 926 00a0 0B       		.uleb128 0xb
 927 00a1 3B       		.uleb128 0x3b
 928 00a2 05       		.uleb128 0x5
 929 00a3 27       		.uleb128 0x27
 930 00a4 19       		.uleb128 0x19
 931 00a5 11       		.uleb128 0x11
 932 00a6 01       		.uleb128 0x1
 933 00a7 12       		.uleb128 0x12
 934 00a8 06       		.uleb128 0x6
 935 00a9 40       		.uleb128 0x40
 936 00aa 18       		.uleb128 0x18
 937 00ab 9742     		.uleb128 0x2117
 938 00ad 19       		.uleb128 0x19
 939 00ae 01       		.uleb128 0x1
 940 00af 13       		.uleb128 0x13
 941 00b0 00       		.byte	0
 942 00b1 00       		.byte	0
 943 00b2 0B       		.uleb128 0xb
 944 00b3 05       		.uleb128 0x5
 945 00b4 00       		.byte	0
 946 00b5 03       		.uleb128 0x3
 947 00b6 0E       		.uleb128 0xe
 948 00b7 3A       		.uleb128 0x3a
 949 00b8 0B       		.uleb128 0xb
 950 00b9 3B       		.uleb128 0x3b
 951 00ba 05       		.uleb128 0x5
 952 00bb 49       		.uleb128 0x49
 953 00bc 13       		.uleb128 0x13
 954 00bd 02       		.uleb128 0x2
 955 00be 18       		.uleb128 0x18
 956 00bf 00       		.byte	0
 957 00c0 00       		.byte	0
 958 00c1 0C       		.uleb128 0xc
ARM GAS  C:\Users\MODELA~1\AppData\Local\Temp\ccIXvuKM.s 			page 28


 959 00c2 898201   		.uleb128 0x4109
 960 00c5 00       		.byte	0
 961 00c6 11       		.uleb128 0x11
 962 00c7 01       		.uleb128 0x1
 963 00c8 31       		.uleb128 0x31
 964 00c9 13       		.uleb128 0x13
 965 00ca 00       		.byte	0
 966 00cb 00       		.byte	0
 967 00cc 0D       		.uleb128 0xd
 968 00cd 34       		.uleb128 0x34
 969 00ce 00       		.byte	0
 970 00cf 03       		.uleb128 0x3
 971 00d0 0E       		.uleb128 0xe
 972 00d1 3A       		.uleb128 0x3a
 973 00d2 0B       		.uleb128 0xb
 974 00d3 3B       		.uleb128 0x3b
 975 00d4 0B       		.uleb128 0xb
 976 00d5 49       		.uleb128 0x49
 977 00d6 13       		.uleb128 0x13
 978 00d7 02       		.uleb128 0x2
 979 00d8 17       		.uleb128 0x17
 980 00d9 00       		.byte	0
 981 00da 00       		.byte	0
 982 00db 0E       		.uleb128 0xe
 983 00dc 898201   		.uleb128 0x4109
 984 00df 01       		.byte	0x1
 985 00e0 11       		.uleb128 0x11
 986 00e1 01       		.uleb128 0x1
 987 00e2 31       		.uleb128 0x31
 988 00e3 13       		.uleb128 0x13
 989 00e4 01       		.uleb128 0x1
 990 00e5 13       		.uleb128 0x13
 991 00e6 00       		.byte	0
 992 00e7 00       		.byte	0
 993 00e8 0F       		.uleb128 0xf
 994 00e9 8A8201   		.uleb128 0x410a
 995 00ec 00       		.byte	0
 996 00ed 02       		.uleb128 0x2
 997 00ee 18       		.uleb128 0x18
 998 00ef 9142     		.uleb128 0x2111
 999 00f1 18       		.uleb128 0x18
 1000 00f2 00       		.byte	0
 1001 00f3 00       		.byte	0
 1002 00f4 10       		.uleb128 0x10
 1003 00f5 34       		.uleb128 0x34
 1004 00f6 00       		.byte	0
 1005 00f7 03       		.uleb128 0x3
 1006 00f8 0E       		.uleb128 0xe
 1007 00f9 3A       		.uleb128 0x3a
 1008 00fa 0B       		.uleb128 0xb
 1009 00fb 3B       		.uleb128 0x3b
 1010 00fc 0B       		.uleb128 0xb
 1011 00fd 49       		.uleb128 0x49
 1012 00fe 13       		.uleb128 0x13
 1013 00ff 3F       		.uleb128 0x3f
 1014 0100 19       		.uleb128 0x19
 1015 0101 02       		.uleb128 0x2
ARM GAS  C:\Users\MODELA~1\AppData\Local\Temp\ccIXvuKM.s 			page 29


 1016 0102 18       		.uleb128 0x18
 1017 0103 00       		.byte	0
 1018 0104 00       		.byte	0
 1019 0105 11       		.uleb128 0x11
 1020 0106 2E       		.uleb128 0x2e
 1021 0107 00       		.byte	0
 1022 0108 3F       		.uleb128 0x3f
 1023 0109 19       		.uleb128 0x19
 1024 010a 3C       		.uleb128 0x3c
 1025 010b 19       		.uleb128 0x19
 1026 010c 6E       		.uleb128 0x6e
 1027 010d 0E       		.uleb128 0xe
 1028 010e 03       		.uleb128 0x3
 1029 010f 0E       		.uleb128 0xe
 1030 0110 3A       		.uleb128 0x3a
 1031 0111 0B       		.uleb128 0xb
 1032 0112 3B       		.uleb128 0x3b
 1033 0113 0B       		.uleb128 0xb
 1034 0114 00       		.byte	0
 1035 0115 00       		.byte	0
 1036 0116 00       		.byte	0
 1037              		.section	.debug_loc,"",%progbits
 1038              	.Ldebug_loc0:
 1039              	.LLST0:
 1040 0000 26000000 		.4byte	.LVL12
 1041 0004 33000000 		.4byte	.LVL13-1
 1042 0008 0100     		.2byte	0x1
 1043 000a 50       		.byte	0x50
 1044 000b 00000000 		.4byte	0
 1045 000f 00000000 		.4byte	0
 1046              		.section	.debug_aranges,"",%progbits
 1047 0000 84000000 		.4byte	0x84
 1048 0004 0200     		.2byte	0x2
 1049 0006 00000000 		.4byte	.Ldebug_info0
 1050 000a 04       		.byte	0x4
 1051 000b 00       		.byte	0
 1052 000c 0000     		.2byte	0
 1053 000e 0000     		.2byte	0
 1054 0010 00000000 		.4byte	.LFB1
 1055 0014 02000000 		.4byte	.LFE1-.LFB1
 1056 0018 00000000 		.4byte	.LFB3
 1057 001c 02000000 		.4byte	.LFE3-.LFB3
 1058 0020 00000000 		.4byte	.LFB4
 1059 0024 0C000000 		.4byte	.LFE4-.LFB4
 1060 0028 00000000 		.4byte	.LFB5
 1061 002c 0C000000 		.4byte	.LFE5-.LFB5
 1062 0030 00000000 		.4byte	.LFB6
 1063 0034 0C000000 		.4byte	.LFE6-.LFB6
 1064 0038 00000000 		.4byte	.LFB7
 1065 003c 14000000 		.4byte	.LFE7-.LFB7
 1066 0040 00000000 		.4byte	.LFB8
 1067 0044 0C000000 		.4byte	.LFE8-.LFB8
 1068 0048 00000000 		.4byte	.LFB9
 1069 004c 0C000000 		.4byte	.LFE9-.LFB9
 1070 0050 00000000 		.4byte	.LFB10
 1071 0054 0C000000 		.4byte	.LFE10-.LFB10
 1072 0058 00000000 		.4byte	.LFB11
ARM GAS  C:\Users\MODELA~1\AppData\Local\Temp\ccIXvuKM.s 			page 30


 1073 005c 0C000000 		.4byte	.LFE11-.LFB11
 1074 0060 00000000 		.4byte	.LFB12
 1075 0064 0C000000 		.4byte	.LFE12-.LFB12
 1076 0068 00000000 		.4byte	.LFB13
 1077 006c 14000000 		.4byte	.LFE13-.LFB13
 1078 0070 00000000 		.4byte	.LFB0
 1079 0074 3C000000 		.4byte	.LFE0-.LFB0
 1080 0078 00000000 		.4byte	.LFB2
 1081 007c 18000000 		.4byte	.LFE2-.LFB2
 1082 0080 00000000 		.4byte	0
 1083 0084 00000000 		.4byte	0
 1084              		.section	.debug_ranges,"",%progbits
 1085              	.Ldebug_ranges0:
 1086 0000 00000000 		.4byte	.LFB1
 1087 0004 02000000 		.4byte	.LFE1
 1088 0008 00000000 		.4byte	.LFB3
 1089 000c 02000000 		.4byte	.LFE3
 1090 0010 00000000 		.4byte	.LFB4
 1091 0014 0C000000 		.4byte	.LFE4
 1092 0018 00000000 		.4byte	.LFB5
 1093 001c 0C000000 		.4byte	.LFE5
 1094 0020 00000000 		.4byte	.LFB6
 1095 0024 0C000000 		.4byte	.LFE6
 1096 0028 00000000 		.4byte	.LFB7
 1097 002c 14000000 		.4byte	.LFE7
 1098 0030 00000000 		.4byte	.LFB8
 1099 0034 0C000000 		.4byte	.LFE8
 1100 0038 00000000 		.4byte	.LFB9
 1101 003c 0C000000 		.4byte	.LFE9
 1102 0040 00000000 		.4byte	.LFB10
 1103 0044 0C000000 		.4byte	.LFE10
 1104 0048 00000000 		.4byte	.LFB11
 1105 004c 0C000000 		.4byte	.LFE11
 1106 0050 00000000 		.4byte	.LFB12
 1107 0054 0C000000 		.4byte	.LFE12
 1108 0058 00000000 		.4byte	.LFB13
 1109 005c 14000000 		.4byte	.LFE13
 1110 0060 00000000 		.4byte	.LFB0
 1111 0064 3C000000 		.4byte	.LFE0
 1112 0068 00000000 		.4byte	.LFB2
 1113 006c 18000000 		.4byte	.LFE2
 1114 0070 00000000 		.4byte	0
 1115 0074 00000000 		.4byte	0
 1116              		.section	.debug_line,"",%progbits
 1117              	.Ldebug_line0:
 1118 0000 57010000 		.section	.debug_str,"MS",%progbits,1
 1118      02004F00 
 1118      00000201 
 1118      FB0E0D00 
 1118      01010101 
 1119              	.LASF15:
 1120 0000 72656731 		.ascii	"reg16\000"
 1120      3600
 1121              	.LASF18:
 1122 0006 436F756E 		.ascii	"Counter_Enable\000"
 1122      7465725F 
 1122      456E6162 
ARM GAS  C:\Users\MODELA~1\AppData\Local\Temp\ccIXvuKM.s 			page 31


 1122      6C6500
 1123              	.LASF29:
 1124 0015 436F756E 		.ascii	"Counter_ReadPeriod\000"
 1124      7465725F 
 1124      52656164 
 1124      50657269 
 1124      6F6400
 1125              	.LASF42:
 1126 0028 436F756E 		.ascii	"Counter_initVar\000"
 1126      7465725F 
 1126      696E6974 
 1126      56617200 
 1127              	.LASF11:
 1128 0038 666C6F61 		.ascii	"float\000"
 1128      7400
 1129              	.LASF26:
 1130 003e 436F756E 		.ascii	"Counter_ReadCapture\000"
 1130      7465725F 
 1130      52656164 
 1130      43617074 
 1130      75726500 
 1131              	.LASF28:
 1132 0052 70657269 		.ascii	"period\000"
 1132      6F6400
 1133              	.LASF34:
 1134 0059 436F756E 		.ascii	"Counter_Init\000"
 1134      7465725F 
 1134      496E6974 
 1134      00
 1135              	.LASF3:
 1136 0066 73686F72 		.ascii	"short unsigned int\000"
 1136      7420756E 
 1136      7369676E 
 1136      65642069 
 1136      6E7400
 1137              	.LASF35:
 1138 0079 436F756E 		.ascii	"Counter_Start\000"
 1138      7465725F 
 1138      53746172 
 1138      7400
 1139              	.LASF23:
 1140 0087 636F756E 		.ascii	"counter\000"
 1140      74657200 
 1141              	.LASF7:
 1142 008f 6C6F6E67 		.ascii	"long long unsigned int\000"
 1142      206C6F6E 
 1142      6720756E 
 1142      7369676E 
 1142      65642069 
 1143              	.LASF1:
 1144 00a6 756E7369 		.ascii	"unsigned char\000"
 1144      676E6564 
 1144      20636861 
 1144      7200
 1145              	.LASF38:
 1146 00b4 474E5520 		.ascii	"GNU C11 5.4.1 20160609 (release) [ARM/embedded-5-br"
 1146      43313120 
ARM GAS  C:\Users\MODELA~1\AppData\Local\Temp\ccIXvuKM.s 			page 32


 1146      352E342E 
 1146      31203230 
 1146      31363036 
 1147 00e7 616E6368 		.ascii	"anch revision 237715] -mcpu=cortex-m3 -mthumb -g -O"
 1147      20726576 
 1147      6973696F 
 1147      6E203233 
 1147      37373135 
 1148 011a 67202D66 		.ascii	"g -ffunction-sections -ffat-lto-objects\000"
 1148      66756E63 
 1148      74696F6E 
 1148      2D736563 
 1148      74696F6E 
 1149              	.LASF14:
 1150 0142 72656738 		.ascii	"reg8\000"
 1150      00
 1151              	.LASF5:
 1152 0147 6C6F6E67 		.ascii	"long unsigned int\000"
 1152      20756E73 
 1152      69676E65 
 1152      6420696E 
 1152      7400
 1153              	.LASF9:
 1154 0159 75696E74 		.ascii	"uint8\000"
 1154      3800
 1155              	.LASF22:
 1156 015f 696E7465 		.ascii	"interruptsMask\000"
 1156      72727570 
 1156      74734D61 
 1156      736B00
 1157              	.LASF25:
 1158 016e 436F756E 		.ascii	"Counter_ReadCounter\000"
 1158      7465725F 
 1158      52656164 
 1158      436F756E 
 1158      74657200 
 1159              	.LASF41:
 1160 0182 436F756E 		.ascii	"Counter_interruptState\000"
 1160      7465725F 
 1160      696E7465 
 1160      72727570 
 1160      74537461 
 1161              	.LASF32:
 1162 0199 436F756E 		.ascii	"Counter_ReadCompare\000"
 1162      7465725F 
 1162      52656164 
 1162      436F6D70 
 1162      61726500 
 1163              	.LASF12:
 1164 01ad 646F7562 		.ascii	"double\000"
 1164      6C6500
 1165              	.LASF19:
 1166 01b4 436F756E 		.ascii	"Counter_Stop\000"
 1166      7465725F 
 1166      53746F70 
 1166      00
 1167              	.LASF10:
ARM GAS  C:\Users\MODELA~1\AppData\Local\Temp\ccIXvuKM.s 			page 33


 1168 01c1 75696E74 		.ascii	"uint16\000"
 1168      313600
 1169              	.LASF36:
 1170 01c8 4379456E 		.ascii	"CyEnterCriticalSection\000"
 1170      74657243 
 1170      72697469 
 1170      63616C53 
 1170      65637469 
 1171              	.LASF40:
 1172 01df 433A5C4C 		.ascii	"C:\\LAB\\Coding\\Python\\Trigger\\Psoc_creator_proj"
 1172      41425C43 
 1172      6F64696E 
 1172      675C5079 
 1172      74686F6E 
 1173 020d 65637420 		.ascii	"ect _Debugg\\Trigger.cydsn\000"
 1173      5F446562 
 1173      7567675C 
 1173      54726967 
 1173      6765722E 
 1174              	.LASF8:
 1175 0227 756E7369 		.ascii	"unsigned int\000"
 1175      676E6564 
 1175      20696E74 
 1175      00
 1176              	.LASF27:
 1177 0234 436F756E 		.ascii	"Counter_WritePeriod\000"
 1177      7465725F 
 1177      57726974 
 1177      65506572 
 1177      696F6400 
 1178              	.LASF37:
 1179 0248 43794578 		.ascii	"CyExitCriticalSection\000"
 1179      69744372 
 1179      69746963 
 1179      616C5365 
 1179      6374696F 
 1180              	.LASF17:
 1181 025e 73697A65 		.ascii	"sizetype\000"
 1181      74797065 
 1181      00
 1182              	.LASF30:
 1183 0267 436F756E 		.ascii	"Counter_WriteCompare\000"
 1183      7465725F 
 1183      57726974 
 1183      65436F6D 
 1183      70617265 
 1184              	.LASF6:
 1185 027c 6C6F6E67 		.ascii	"long long int\000"
 1185      206C6F6E 
 1185      6720696E 
 1185      7400
 1186              	.LASF13:
 1187 028a 63686172 		.ascii	"char\000"
 1187      00
 1188              	.LASF2:
 1189 028f 73686F72 		.ascii	"short int\000"
 1189      7420696E 
ARM GAS  C:\Users\MODELA~1\AppData\Local\Temp\ccIXvuKM.s 			page 34


 1189      7400
 1190              	.LASF24:
 1191 0299 436F756E 		.ascii	"Counter_ReadStatusRegister\000"
 1191      7465725F 
 1191      52656164 
 1191      53746174 
 1191      75735265 
 1192              	.LASF4:
 1193 02b4 6C6F6E67 		.ascii	"long int\000"
 1193      20696E74 
 1193      00
 1194              	.LASF16:
 1195 02bd 6C6F6E67 		.ascii	"long double\000"
 1195      20646F75 
 1195      626C6500 
 1196              	.LASF33:
 1197 02c9 436F756E 		.ascii	"Counter_ClearFIFO\000"
 1197      7465725F 
 1197      436C6561 
 1197      72464946 
 1197      4F00
 1198              	.LASF0:
 1199 02db 7369676E 		.ascii	"signed char\000"
 1199      65642063 
 1199      68617200 
 1200              	.LASF31:
 1201 02e7 636F6D70 		.ascii	"compare\000"
 1201      61726500 
 1202              	.LASF39:
 1203 02ef 47656E65 		.ascii	"Generated_Source\\PSoC5\\Counter.c\000"
 1203      72617465 
 1203      645F536F 
 1203      75726365 
 1203      5C50536F 
 1204              	.LASF20:
 1205 0310 436F756E 		.ascii	"Counter_SetInterruptMode\000"
 1205      7465725F 
 1205      53657449 
 1205      6E746572 
 1205      72757074 
 1206              	.LASF21:
 1207 0329 436F756E 		.ascii	"Counter_WriteCounter\000"
 1207      7465725F 
 1207      57726974 
 1207      65436F75 
 1207      6E746572 
 1208              		.ident	"GCC: (GNU Tools for ARM Embedded Processors) 5.4.1 20160609 (release) [ARM/embedded-5-bran
