ARM GAS  C:\Users\MODELA~1\AppData\Local\Temp\ccSpXYBd.s 			page 1


   1              		.syntax unified
   2              		.cpu cortex-m3
   3              		.fpu softvfp
   4              		.eabi_attribute 20, 1
   5              		.eabi_attribute 21, 1
   6              		.eabi_attribute 23, 3
   7              		.eabi_attribute 24, 1
   8              		.eabi_attribute 25, 1
   9              		.eabi_attribute 26, 1
  10              		.eabi_attribute 30, 1
  11              		.eabi_attribute 34, 1
  12              		.eabi_attribute 18, 4
  13              		.thumb
  14              		.syntax unified
  15              		.file	"cymetadata.c"
  16              		.text
  17              	.Ltext0:
  18              		.cfi_sections	.debug_frame
  19              		.global	cy_metadata
  20              		.global	cy_meta_flashprotect
  21              		.global	cy_meta_wonvl
  22              		.global	cy_meta_custnvl
  23              		.global	cy_meta_configecc
  24              		.section	.cyconfigecc,"a",%progbits
  25              		.align	2
  26              		.type	cy_meta_configecc, %object
  27              		.size	cy_meta_configecc, 2048
  28              	cy_meta_configecc:
  29 0000 02       		.byte	2
  30 0001 4F       		.byte	79
  31 0002 00       		.byte	0
  32 0003 40       		.byte	64
  33 0004 01       		.byte	1
  34 0005 5A       		.byte	90
  35 0006 00       		.byte	0
  36 0007 40       		.byte	64
  37 0008 05       		.byte	5
  38 0009 64       		.byte	100
  39 000a 00       		.byte	0
  40 000b 40       		.byte	64
  41 000c 01       		.byte	1
  42 000d 65       		.byte	101
  43 000e 00       		.byte	0
  44 000f 40       		.byte	64
  45 0010 01       		.byte	1
  46 0011 03       		.byte	3
  47 0012 01       		.byte	1
  48 0013 40       		.byte	64
  49 0014 45       		.byte	69
  50 0015 04       		.byte	4
  51 0016 01       		.byte	1
  52 0017 40       		.byte	64
  53 0018 24       		.byte	36
  54 0019 05       		.byte	5
  55 001a 01       		.byte	1
  56 001b 40       		.byte	64
  57 001c 03       		.byte	3
ARM GAS  C:\Users\MODELA~1\AppData\Local\Temp\ccSpXYBd.s 			page 2


  58 001d 07       		.byte	7
  59 001e 01       		.byte	1
  60 001f 40       		.byte	64
  61 0020 06       		.byte	6
  62 0021 08       		.byte	8
  63 0022 01       		.byte	1
  64 0023 40       		.byte	64
  65 0024 39       		.byte	57
  66 0025 09       		.byte	9
  67 0026 01       		.byte	1
  68 0027 40       		.byte	64
  69 0028 61       		.byte	97
  70 0029 0A       		.byte	10
  71 002a 01       		.byte	1
  72 002b 40       		.byte	64
  73 002c 46       		.byte	70
  74 002d 0B       		.byte	11
  75 002e 01       		.byte	1
  76 002f 40       		.byte	64
  77 0030 4B       		.byte	75
  78 0031 0C       		.byte	12
  79 0032 01       		.byte	1
  80 0033 40       		.byte	64
  81 0034 2B       		.byte	43
  82 0035 0D       		.byte	13
  83 0036 01       		.byte	1
  84 0037 40       		.byte	64
  85 0038 43       		.byte	67
  86 0039 0E       		.byte	14
  87 003a 01       		.byte	1
  88 003b 40       		.byte	64
  89 003c 20       		.byte	32
  90 003d 0F       		.byte	15
  91 003e 01       		.byte	1
  92 003f 40       		.byte	64
  93 0040 01       		.byte	1
  94 0041 15       		.byte	21
  95 0042 01       		.byte	1
  96 0043 40       		.byte	64
  97 0044 41       		.byte	65
  98 0045 18       		.byte	24
  99 0046 01       		.byte	1
 100 0047 40       		.byte	64
 101 0048 32       		.byte	50
 102 0049 19       		.byte	25
 103 004a 01       		.byte	1
 104 004b 40       		.byte	64
 105 004c 43       		.byte	67
 106 004d 1A       		.byte	26
 107 004e 01       		.byte	1
 108 004f 40       		.byte	64
 109 0050 3A       		.byte	58
 110 0051 1B       		.byte	27
 111 0052 01       		.byte	1
 112 0053 40       		.byte	64
 113 0054 04       		.byte	4
 114 0055 40       		.byte	64
ARM GAS  C:\Users\MODELA~1\AppData\Local\Temp\ccSpXYBd.s 			page 3


 115 0056 01       		.byte	1
 116 0057 40       		.byte	64
 117 0058 08       		.byte	8
 118 0059 41       		.byte	65
 119 005a 01       		.byte	1
 120 005b 40       		.byte	64
 121 005c 0C       		.byte	12
 122 005d 42       		.byte	66
 123 005e 01       		.byte	1
 124 005f 40       		.byte	64
 125 0060 06       		.byte	6
 126 0061 43       		.byte	67
 127 0062 01       		.byte	1
 128 0063 40       		.byte	64
 129 0064 02       		.byte	2
 130 0065 45       		.byte	69
 131 0066 01       		.byte	1
 132 0067 40       		.byte	64
 133 0068 04       		.byte	4
 134 0069 46       		.byte	70
 135 006a 01       		.byte	1
 136 006b 40       		.byte	64
 137 006c 02       		.byte	2
 138 006d 47       		.byte	71
 139 006e 01       		.byte	1
 140 006f 40       		.byte	64
 141 0070 02       		.byte	2
 142 0071 48       		.byte	72
 143 0072 01       		.byte	1
 144 0073 40       		.byte	64
 145 0074 01       		.byte	1
 146 0075 49       		.byte	73
 147 0076 01       		.byte	1
 148 0077 40       		.byte	64
 149 0078 01       		.byte	1
 150 0079 4C       		.byte	76
 151 007a 01       		.byte	1
 152 007b 40       		.byte	64
 153 007c 09       		.byte	9
 154 007d 4D       		.byte	77
 155 007e 01       		.byte	1
 156 007f 40       		.byte	64
 157 0080 06       		.byte	6
 158 0081 50       		.byte	80
 159 0082 01       		.byte	1
 160 0083 40       		.byte	64
 161 0084 01       		.byte	1
 162 0085 51       		.byte	81
 163 0086 01       		.byte	1
 164 0087 40       		.byte	64
 165 0088 01       		.byte	1
 166 0089 80       		.byte	-128
 167 008a 0A       		.byte	10
 168 008b 4B       		.byte	75
 169 008c D7       		.byte	-41
 170 008d 04       		.byte	4
 171 008e 85       		.byte	-123
ARM GAS  C:\Users\MODELA~1\AppData\Local\Temp\ccSpXYBd.s 			page 4


 172 008f 0D       		.byte	13
 173 0090 89       		.byte	-119
 174 0091 38       		.byte	56
 175 0092 8A       		.byte	-118
 176 0093 72       		.byte	114
 177 0094 8C       		.byte	-116
 178 0095 67       		.byte	103
 179 0096 8F       		.byte	-113
 180 0097 67       		.byte	103
 181 0098 89       		.byte	-119
 182 0099 0F       		.byte	15
 183 009a E6       		.byte	-26
 184 009b 08       		.byte	8
 185 009c 29       		.byte	41
 186 009d 01       		.byte	1
 187 009e 33       		.byte	51
 188 009f 01       		.byte	1
 189 00a0 3F       		.byte	63
 190 00a1 04       		.byte	4
 191 00a2 40       		.byte	64
 192 00a3 30       		.byte	48
 193 00a4 41       		.byte	65
 194 00a5 02       		.byte	2
 195 00a6 49       		.byte	73
 196 00a7 FF       		.byte	-1
 197 00a8 4A       		.byte	74
 198 00a9 FF       		.byte	-1
 199 00aa 4B       		.byte	75
 200 00ab FF       		.byte	-1
 201 00ac 4D       		.byte	77
 202 00ad A0       		.byte	-96
 203 00ae 4F       		.byte	79
 204 00af 04       		.byte	4
 205 00b0 50       		.byte	80
 206 00b1 18       		.byte	24
 207 00b2 59       		.byte	89
 208 00b3 04       		.byte	4
 209 00b4 5A       		.byte	90
 210 00b5 04       		.byte	4
 211 00b6 5D       		.byte	93
 212 00b7 02       		.byte	2
 213 00b8 5F       		.byte	95
 214 00b9 01       		.byte	1
 215 00ba 60       		.byte	96
 216 00bb 40       		.byte	64
 217 00bc 62       		.byte	98
 218 00bd C0       		.byte	-64
 219 00be 64       		.byte	100
 220 00bf 40       		.byte	64
 221 00c0 65       		.byte	101
 222 00c1 40       		.byte	64
 223 00c2 66       		.byte	102
 224 00c3 C0       		.byte	-64
 225 00c4 68       		.byte	104
 226 00c5 C0       		.byte	-64
 227 00c6 6A       		.byte	106
 228 00c7 C0       		.byte	-64
ARM GAS  C:\Users\MODELA~1\AppData\Local\Temp\ccSpXYBd.s 			page 5


 229 00c8 6C       		.byte	108
 230 00c9 C0       		.byte	-64
 231 00ca 6E       		.byte	110
 232 00cb C0       		.byte	-64
 233 00cc 86       		.byte	-122
 234 00cd 04       		.byte	4
 235 00ce 87       		.byte	-121
 236 00cf 07       		.byte	7
 237 00d0 8A       		.byte	-118
 238 00d1 02       		.byte	2
 239 00d2 8B       		.byte	-117
 240 00d3 04       		.byte	4
 241 00d4 95       		.byte	-107
 242 00d5 02       		.byte	2
 243 00d6 9A       		.byte	-102
 244 00d7 02       		.byte	2
 245 00d8 A2       		.byte	-94
 246 00d9 01       		.byte	1
 247 00da A8       		.byte	-88
 248 00db 04       		.byte	4
 249 00dc B0       		.byte	-80
 250 00dd 04       		.byte	4
 251 00de B2       		.byte	-78
 252 00df 01       		.byte	1
 253 00e0 B3       		.byte	-77
 254 00e1 04       		.byte	4
 255 00e2 B4       		.byte	-76
 256 00e3 02       		.byte	2
 257 00e4 B5       		.byte	-75
 258 00e5 01       		.byte	1
 259 00e6 B7       		.byte	-73
 260 00e7 02       		.byte	2
 261 00e8 BE       		.byte	-66
 262 00e9 11       		.byte	17
 263 00ea C0       		.byte	-64
 264 00eb 30       		.byte	48
 265 00ec C1       		.byte	-63
 266 00ed 02       		.byte	2
 267 00ee C5       		.byte	-59
 268 00ef D1       		.byte	-47
 269 00f0 C6       		.byte	-58
 270 00f1 20       		.byte	32
 271 00f2 C8       		.byte	-56
 272 00f3 0B       		.byte	11
 273 00f4 C9       		.byte	-55
 274 00f5 FF       		.byte	-1
 275 00f6 CA       		.byte	-54
 276 00f7 FF       		.byte	-1
 277 00f8 CB       		.byte	-53
 278 00f9 FF       		.byte	-1
 279 00fa CD       		.byte	-51
 280 00fb AF       		.byte	-81
 281 00fc CE       		.byte	-50
 282 00fd 0F       		.byte	15
 283 00fe CF       		.byte	-49
 284 00ff 04       		.byte	4
 285 0100 D0       		.byte	-48
ARM GAS  C:\Users\MODELA~1\AppData\Local\Temp\ccSpXYBd.s 			page 6


 286 0101 18       		.byte	24
 287 0102 D2       		.byte	-46
 288 0103 80       		.byte	-128
 289 0104 D4       		.byte	-44
 290 0105 05       		.byte	5
 291 0106 D8       		.byte	-40
 292 0107 04       		.byte	4
 293 0108 D9       		.byte	-39
 294 0109 04       		.byte	4
 295 010a DA       		.byte	-38
 296 010b 04       		.byte	4
 297 010c DB       		.byte	-37
 298 010d 04       		.byte	4
 299 010e DC       		.byte	-36
 300 010f 22       		.byte	34
 301 0110 DD       		.byte	-35
 302 0111 22       		.byte	34
 303 0112 DF       		.byte	-33
 304 0113 01       		.byte	1
 305 0114 E0       		.byte	-32
 306 0115 40       		.byte	64
 307 0116 E2       		.byte	-30
 308 0117 C0       		.byte	-64
 309 0118 E4       		.byte	-28
 310 0119 40       		.byte	64
 311 011a E5       		.byte	-27
 312 011b 40       		.byte	64
 313 011c E6       		.byte	-26
 314 011d C0       		.byte	-64
 315 011e E8       		.byte	-24
 316 011f C0       		.byte	-64
 317 0120 EA       		.byte	-22
 318 0121 C0       		.byte	-64
 319 0122 EC       		.byte	-20
 320 0123 C0       		.byte	-64
 321 0124 EE       		.byte	-18
 322 0125 C0       		.byte	-64
 323 0126 04       		.byte	4
 324 0127 10       		.byte	16
 325 0128 07       		.byte	7
 326 0129 10       		.byte	16
 327 012a 0D       		.byte	13
 328 012b 20       		.byte	32
 329 012c 14       		.byte	20
 330 012d 08       		.byte	8
 331 012e 16       		.byte	22
 332 012f 40       		.byte	64
 333 0130 1C       		.byte	28
 334 0131 10       		.byte	16
 335 0132 1D       		.byte	29
 336 0133 08       		.byte	8
 337 0134 1E       		.byte	30
 338 0135 08       		.byte	8
 339 0136 1F       		.byte	31
 340 0137 01       		.byte	1
 341 0138 23       		.byte	35
 342 0139 20       		.byte	32
ARM GAS  C:\Users\MODELA~1\AppData\Local\Temp\ccSpXYBd.s 			page 7


 343 013a 26       		.byte	38
 344 013b 40       		.byte	64
 345 013c 27       		.byte	39
 346 013d 18       		.byte	24
 347 013e 28       		.byte	40
 348 013f 08       		.byte	8
 349 0140 37       		.byte	55
 350 0141 08       		.byte	8
 351 0142 3C       		.byte	60
 352 0143 10       		.byte	16
 353 0144 3F       		.byte	63
 354 0145 08       		.byte	8
 355 0146 40       		.byte	64
 356 0147 10       		.byte	16
 357 0148 41       		.byte	65
 358 0149 20       		.byte	32
 359 014a 45       		.byte	69
 360 014b 28       		.byte	40
 361 014c 4F       		.byte	79
 362 014d 09       		.byte	9
 363 014e 55       		.byte	85
 364 014f 20       		.byte	32
 365 0150 5E       		.byte	94
 366 0151 88       		.byte	-120
 367 0152 5F       		.byte	95
 368 0153 01       		.byte	1
 369 0154 76       		.byte	118
 370 0155 40       		.byte	64
 371 0156 98       		.byte	-104
 372 0157 08       		.byte	8
 373 0158 A8       		.byte	-88
 374 0159 08       		.byte	8
 375 015a C0       		.byte	-64
 376 015b 60       		.byte	96
 377 015c C2       		.byte	-62
 378 015d 40       		.byte	64
 379 015e C4       		.byte	-60
 380 015f 50       		.byte	80
 381 0160 CA       		.byte	-54
 382 0161 04       		.byte	4
 383 0162 CC       		.byte	-52
 384 0163 40       		.byte	64
 385 0164 CE       		.byte	-50
 386 0165 60       		.byte	96
 387 0166 D0       		.byte	-48
 388 0167 66       		.byte	102
 389 0168 D6       		.byte	-42
 390 0169 D0       		.byte	-48
 391 016a E2       		.byte	-30
 392 016b 02       		.byte	2
 393 016c EE       		.byte	-18
 394 016d 04       		.byte	4
 395 016e AB       		.byte	-85
 396 016f 20       		.byte	32
 397 0170 B7       		.byte	-73
 398 0171 01       		.byte	1
 399 0172 EA       		.byte	-22
ARM GAS  C:\Users\MODELA~1\AppData\Local\Temp\ccSpXYBd.s 			page 8


 400 0173 40       		.byte	64
 401 0174 13       		.byte	19
 402 0175 01       		.byte	1
 403 0176 17       		.byte	23
 404 0177 01       		.byte	1
 405 0178 37       		.byte	55
 406 0179 01       		.byte	1
 407 017a 3F       		.byte	63
 408 017b 40       		.byte	64
 409 017c 59       		.byte	89
 410 017d 04       		.byte	4
 411 017e 5F       		.byte	95
 412 017f 01       		.byte	1
 413 0180 00       		.byte	0
 414 0181 20       		.byte	32
 415 0182 01       		.byte	1
 416 0183 80       		.byte	-128
 417 0184 03       		.byte	3
 418 0185 10       		.byte	16
 419 0186 08       		.byte	8
 420 0187 A2       		.byte	-94
 421 0188 09       		.byte	9
 422 0189 08       		.byte	8
 423 018a 10       		.byte	16
 424 018b 84       		.byte	-124
 425 018c 12       		.byte	18
 426 018d 12       		.byte	18
 427 018e 13       		.byte	19
 428 018f 20       		.byte	32
 429 0190 18       		.byte	24
 430 0191 02       		.byte	2
 431 0192 19       		.byte	25
 432 0193 C0       		.byte	-64
 433 0194 1B       		.byte	27
 434 0195 40       		.byte	64
 435 0196 20       		.byte	32
 436 0197 20       		.byte	32
 437 0198 21       		.byte	33
 438 0199 40       		.byte	64
 439 019a 22       		.byte	34
 440 019b 04       		.byte	4
 441 019c 23       		.byte	35
 442 019d 14       		.byte	20
 443 019e 25       		.byte	37
 444 019f 80       		.byte	-128
 445 01a0 29       		.byte	41
 446 01a1 04       		.byte	4
 447 01a2 2A       		.byte	42
 448 01a3 80       		.byte	-128
 449 01a4 2B       		.byte	43
 450 01a5 48       		.byte	72
 451 01a6 30       		.byte	48
 452 01a7 84       		.byte	-124
 453 01a8 31       		.byte	49
 454 01a9 10       		.byte	16
 455 01aa 33       		.byte	51
 456 01ab 02       		.byte	2
ARM GAS  C:\Users\MODELA~1\AppData\Local\Temp\ccSpXYBd.s 			page 9


 457 01ac 36       		.byte	54
 458 01ad 08       		.byte	8
 459 01ae 37       		.byte	55
 460 01af 02       		.byte	2
 461 01b0 38       		.byte	56
 462 01b1 20       		.byte	32
 463 01b2 39       		.byte	57
 464 01b3 88       		.byte	-120
 465 01b4 3A       		.byte	58
 466 01b5 12       		.byte	18
 467 01b6 40       		.byte	64
 468 01b7 81       		.byte	-127
 469 01b8 41       		.byte	65
 470 01b9 08       		.byte	8
 471 01ba 42       		.byte	66
 472 01bb C0       		.byte	-64
 473 01bc 43       		.byte	67
 474 01bd 08       		.byte	8
 475 01be 49       		.byte	73
 476 01bf 64       		.byte	100
 477 01c0 52       		.byte	82
 478 01c1 08       		.byte	8
 479 01c2 5A       		.byte	90
 480 01c3 02       		.byte	2
 481 01c4 61       		.byte	97
 482 01c5 80       		.byte	-128
 483 01c6 63       		.byte	99
 484 01c7 04       		.byte	4
 485 01c8 8D       		.byte	-115
 486 01c9 20       		.byte	32
 487 01ca 8F       		.byte	-113
 488 01cb 02       		.byte	2
 489 01cc 90       		.byte	-112
 490 01cd 20       		.byte	32
 491 01ce 91       		.byte	-111
 492 01cf 10       		.byte	16
 493 01d0 92       		.byte	-110
 494 01d1 44       		.byte	68
 495 01d2 96       		.byte	-106
 496 01d3 08       		.byte	8
 497 01d4 99       		.byte	-103
 498 01d5 10       		.byte	16
 499 01d6 9B       		.byte	-101
 500 01d7 32       		.byte	50
 501 01d8 9D       		.byte	-99
 502 01d9 40       		.byte	64
 503 01da A0       		.byte	-96
 504 01db 80       		.byte	-128
 505 01dc A7       		.byte	-89
 506 01dd 08       		.byte	8
 507 01de C0       		.byte	-64
 508 01df 07       		.byte	7
 509 01e0 C2       		.byte	-62
 510 01e1 0F       		.byte	15
 511 01e2 C4       		.byte	-60
 512 01e3 0F       		.byte	15
 513 01e4 CA       		.byte	-54
ARM GAS  C:\Users\MODELA~1\AppData\Local\Temp\ccSpXYBd.s 			page 10


 514 01e5 0F       		.byte	15
 515 01e6 CC       		.byte	-52
 516 01e7 CF       		.byte	-49
 517 01e8 CE       		.byte	-50
 518 01e9 0F       		.byte	15
 519 01ea D0       		.byte	-48
 520 01eb 0B       		.byte	11
 521 01ec D2       		.byte	-46
 522 01ed 0C       		.byte	12
 523 01ee D6       		.byte	-42
 524 01ef 01       		.byte	1
 525 01f0 D8       		.byte	-40
 526 01f1 0C       		.byte	12
 527 01f2 01       		.byte	1
 528 01f3 04       		.byte	4
 529 01f4 04       		.byte	4
 530 01f5 01       		.byte	1
 531 01f6 05       		.byte	5
 532 01f7 06       		.byte	6
 533 01f8 08       		.byte	8
 534 01f9 01       		.byte	1
 535 01fa 09       		.byte	9
 536 01fb 02       		.byte	2
 537 01fc 0C       		.byte	12
 538 01fd 02       		.byte	2
 539 01fe 0E       		.byte	14
 540 01ff 0C       		.byte	12
 541 0200 12       		.byte	18
 542 0201 02       		.byte	2
 543 0202 13       		.byte	19
 544 0203 01       		.byte	1
 545 0204 14       		.byte	20
 546 0205 0E       		.byte	14
 547 0206 15       		.byte	21
 548 0207 0F       		.byte	15
 549 0208 18       		.byte	24
 550 0209 0C       		.byte	12
 551 020a 19       		.byte	25
 552 020b 0E       		.byte	14
 553 020c 1A       		.byte	26
 554 020d 02       		.byte	2
 555 020e 1B       		.byte	27
 556 020f 01       		.byte	1
 557 0210 1C       		.byte	28
 558 0211 0C       		.byte	12
 559 0212 1E       		.byte	30
 560 0213 02       		.byte	2
 561 0214 20       		.byte	32
 562 0215 08       		.byte	8
 563 0216 24       		.byte	36
 564 0217 04       		.byte	4
 565 0218 28       		.byte	40
 566 0219 0C       		.byte	12
 567 021a 29       		.byte	41
 568 021b 0F       		.byte	15
 569 021c 2C       		.byte	44
 570 021d 01       		.byte	1
ARM GAS  C:\Users\MODELA~1\AppData\Local\Temp\ccSpXYBd.s 			page 11


 571 021e 2D       		.byte	45
 572 021f 09       		.byte	9
 573 0220 2F       		.byte	47
 574 0221 06       		.byte	6
 575 0222 30       		.byte	48
 576 0223 01       		.byte	1
 577 0224 31       		.byte	49
 578 0225 08       		.byte	8
 579 0226 34       		.byte	52
 580 0227 0E       		.byte	14
 581 0228 37       		.byte	55
 582 0229 07       		.byte	7
 583 022a 3A       		.byte	58
 584 022b 20       		.byte	32
 585 022c 3F       		.byte	63
 586 022d 01       		.byte	1
 587 022e 40       		.byte	64
 588 022f 61       		.byte	97
 589 0230 41       		.byte	65
 590 0231 02       		.byte	2
 591 0232 49       		.byte	73
 592 0233 FF       		.byte	-1
 593 0234 4A       		.byte	74
 594 0235 FF       		.byte	-1
 595 0236 4B       		.byte	75
 596 0237 FF       		.byte	-1
 597 0238 4D       		.byte	77
 598 0239 A0       		.byte	-96
 599 023a 4F       		.byte	79
 600 023b 01       		.byte	1
 601 023c 50       		.byte	80
 602 023d 18       		.byte	24
 603 023e 56       		.byte	86
 604 023f 02       		.byte	2
 605 0240 57       		.byte	87
 606 0241 13       		.byte	19
 607 0242 58       		.byte	88
 608 0243 04       		.byte	4
 609 0244 59       		.byte	89
 610 0245 04       		.byte	4
 611 0246 5A       		.byte	90
 612 0247 04       		.byte	4
 613 0248 5B       		.byte	91
 614 0249 04       		.byte	4
 615 024a 5C       		.byte	92
 616 024b 11       		.byte	17
 617 024c 5D       		.byte	93
 618 024d 10       		.byte	16
 619 024e 5F       		.byte	95
 620 024f 01       		.byte	1
 621 0250 60       		.byte	96
 622 0251 40       		.byte	64
 623 0252 62       		.byte	98
 624 0253 80       		.byte	-128
 625 0254 64       		.byte	100
 626 0255 40       		.byte	64
 627 0256 65       		.byte	101
ARM GAS  C:\Users\MODELA~1\AppData\Local\Temp\ccSpXYBd.s 			page 12


 628 0257 40       		.byte	64
 629 0258 66       		.byte	102
 630 0259 80       		.byte	-128
 631 025a 68       		.byte	104
 632 025b 40       		.byte	64
 633 025c 6A       		.byte	106
 634 025d 50       		.byte	80
 635 025e 6B       		.byte	107
 636 025f A8       		.byte	-88
 637 0260 6C       		.byte	108
 638 0261 40       		.byte	64
 639 0262 6D       		.byte	109
 640 0263 20       		.byte	32
 641 0264 6E       		.byte	110
 642 0265 50       		.byte	80
 643 0266 6F       		.byte	111
 644 0267 A8       		.byte	-88
 645 0268 87       		.byte	-121
 646 0269 01       		.byte	1
 647 026a 90       		.byte	-112
 648 026b 01       		.byte	1
 649 026c AC       		.byte	-84
 650 026d 01       		.byte	1
 651 026e B1       		.byte	-79
 652 026f 01       		.byte	1
 653 0270 B4       		.byte	-76
 654 0271 01       		.byte	1
 655 0272 B5       		.byte	-75
 656 0273 01       		.byte	1
 657 0274 B6       		.byte	-74
 658 0275 01       		.byte	1
 659 0276 B8       		.byte	-72
 660 0277 A0       		.byte	-96
 661 0278 BE       		.byte	-66
 662 0279 50       		.byte	80
 663 027a C0       		.byte	-64
 664 027b 62       		.byte	98
 665 027c C1       		.byte	-63
 666 027d 03       		.byte	3
 667 027e C5       		.byte	-59
 668 027f 4C       		.byte	76
 669 0280 C6       		.byte	-58
 670 0281 20       		.byte	32
 671 0282 C7       		.byte	-57
 672 0283 5E       		.byte	94
 673 0284 C8       		.byte	-56
 674 0285 3F       		.byte	63
 675 0286 C9       		.byte	-55
 676 0287 FF       		.byte	-1
 677 0288 CA       		.byte	-54
 678 0289 FF       		.byte	-1
 679 028a CB       		.byte	-53
 680 028b FF       		.byte	-1
 681 028c CD       		.byte	-51
 682 028d AF       		.byte	-81
 683 028e CE       		.byte	-50
 684 028f 07       		.byte	7
ARM GAS  C:\Users\MODELA~1\AppData\Local\Temp\ccSpXYBd.s 			page 13


 685 0290 CF       		.byte	-49
 686 0291 01       		.byte	1
 687 0292 D0       		.byte	-48
 688 0293 18       		.byte	24
 689 0294 D8       		.byte	-40
 690 0295 04       		.byte	4
 691 0296 D9       		.byte	-39
 692 0297 04       		.byte	4
 693 0298 DA       		.byte	-38
 694 0299 04       		.byte	4
 695 029a DF       		.byte	-33
 696 029b 01       		.byte	1
 697 029c E0       		.byte	-32
 698 029d 40       		.byte	64
 699 029e E2       		.byte	-30
 700 029f 80       		.byte	-128
 701 02a0 E4       		.byte	-28
 702 02a1 40       		.byte	64
 703 02a2 E5       		.byte	-27
 704 02a3 40       		.byte	64
 705 02a4 E6       		.byte	-26
 706 02a5 80       		.byte	-128
 707 02a6 E8       		.byte	-24
 708 02a7 40       		.byte	64
 709 02a8 EA       		.byte	-22
 710 02a9 50       		.byte	80
 711 02aa EB       		.byte	-21
 712 02ab A8       		.byte	-88
 713 02ac EC       		.byte	-20
 714 02ad 40       		.byte	64
 715 02ae ED       		.byte	-19
 716 02af 20       		.byte	32
 717 02b0 EE       		.byte	-18
 718 02b1 50       		.byte	80
 719 02b2 EF       		.byte	-17
 720 02b3 A8       		.byte	-88
 721 02b4 01       		.byte	1
 722 02b5 94       		.byte	-108
 723 02b6 08       		.byte	8
 724 02b7 08       		.byte	8
 725 02b8 0A       		.byte	10
 726 02b9 48       		.byte	72
 727 02ba 0B       		.byte	11
 728 02bb 02       		.byte	2
 729 02bc 0F       		.byte	15
 730 02bd 80       		.byte	-128
 731 02be 10       		.byte	16
 732 02bf 82       		.byte	-126
 733 02c0 13       		.byte	19
 734 02c1 28       		.byte	40
 735 02c2 17       		.byte	23
 736 02c3 80       		.byte	-128
 737 02c4 19       		.byte	25
 738 02c5 11       		.byte	17
 739 02c6 1A       		.byte	26
 740 02c7 40       		.byte	64
 741 02c8 1D       		.byte	29
ARM GAS  C:\Users\MODELA~1\AppData\Local\Temp\ccSpXYBd.s 			page 14


 742 02c9 20       		.byte	32
 743 02ca 1E       		.byte	30
 744 02cb 01       		.byte	1
 745 02cc 22       		.byte	34
 746 02cd 01       		.byte	1
 747 02ce 23       		.byte	35
 748 02cf 02       		.byte	2
 749 02d0 26       		.byte	38
 750 02d1 20       		.byte	32
 751 02d2 27       		.byte	39
 752 02d3 80       		.byte	-128
 753 02d4 28       		.byte	40
 754 02d5 08       		.byte	8
 755 02d6 29       		.byte	41
 756 02d7 C0       		.byte	-64
 757 02d8 2B       		.byte	43
 758 02d9 08       		.byte	8
 759 02da 31       		.byte	49
 760 02db 11       		.byte	17
 761 02dc 32       		.byte	50
 762 02dd 04       		.byte	4
 763 02de 33       		.byte	51
 764 02df 10       		.byte	16
 765 02e0 38       		.byte	56
 766 02e1 28       		.byte	40
 767 02e2 3A       		.byte	58
 768 02e3 02       		.byte	2
 769 02e4 3F       		.byte	63
 770 02e5 08       		.byte	8
 771 02e6 40       		.byte	64
 772 02e7 04       		.byte	4
 773 02e8 42       		.byte	66
 774 02e9 31       		.byte	49
 775 02ea 45       		.byte	69
 776 02eb 24       		.byte	36
 777 02ec 48       		.byte	72
 778 02ed 04       		.byte	4
 779 02ee 4A       		.byte	74
 780 02ef 08       		.byte	8
 781 02f0 4D       		.byte	77
 782 02f1 02       		.byte	2
 783 02f2 4E       		.byte	78
 784 02f3 08       		.byte	8
 785 02f4 4F       		.byte	79
 786 02f5 04       		.byte	4
 787 02f6 56       		.byte	86
 788 02f7 28       		.byte	40
 789 02f8 57       		.byte	87
 790 02f9 41       		.byte	65
 791 02fa 5A       		.byte	90
 792 02fb 02       		.byte	2
 793 02fc 68       		.byte	104
 794 02fd 02       		.byte	2
 795 02fe 69       		.byte	105
 796 02ff 14       		.byte	20
 797 0300 6A       		.byte	106
 798 0301 04       		.byte	4
ARM GAS  C:\Users\MODELA~1\AppData\Local\Temp\ccSpXYBd.s 			page 15


 799 0302 70       		.byte	112
 800 0303 94       		.byte	-108
 801 0304 72       		.byte	114
 802 0305 02       		.byte	2
 803 0306 73       		.byte	115
 804 0307 28       		.byte	40
 805 0308 7C       		.byte	124
 806 0309 04       		.byte	4
 807 030a 7D       		.byte	125
 808 030b 08       		.byte	8
 809 030c 85       		.byte	-123
 810 030d 10       		.byte	16
 811 030e 8D       		.byte	-115
 812 030f 10       		.byte	16
 813 0310 8F       		.byte	-113
 814 0311 01       		.byte	1
 815 0312 90       		.byte	-112
 816 0313 04       		.byte	4
 817 0314 95       		.byte	-107
 818 0315 20       		.byte	32
 819 0316 96       		.byte	-106
 820 0317 10       		.byte	16
 821 0318 97       		.byte	-105
 822 0319 04       		.byte	4
 823 031a 9D       		.byte	-99
 824 031b 02       		.byte	2
 825 031c 9E       		.byte	-98
 826 031d 08       		.byte	8
 827 031e A0       		.byte	-96
 828 031f 04       		.byte	4
 829 0320 A3       		.byte	-93
 830 0321 04       		.byte	4
 831 0322 A5       		.byte	-91
 832 0323 04       		.byte	4
 833 0324 A6       		.byte	-90
 834 0325 20       		.byte	32
 835 0326 A7       		.byte	-89
 836 0327 41       		.byte	65
 837 0328 AB       		.byte	-85
 838 0329 04       		.byte	4
 839 032a C0       		.byte	-64
 840 032b 07       		.byte	7
 841 032c C2       		.byte	-62
 842 032d 1F       		.byte	31
 843 032e C4       		.byte	-60
 844 032f 8F       		.byte	-113
 845 0330 CA       		.byte	-54
 846 0331 0C       		.byte	12
 847 0332 CC       		.byte	-52
 848 0333 07       		.byte	7
 849 0334 CE       		.byte	-50
 850 0335 47       		.byte	71
 851 0336 D0       		.byte	-48
 852 0337 6C       		.byte	108
 853 0338 D2       		.byte	-46
 854 0339 24       		.byte	36
 855 033a D6       		.byte	-42
ARM GAS  C:\Users\MODELA~1\AppData\Local\Temp\ccSpXYBd.s 			page 16


 856 033b 01       		.byte	1
 857 033c E2       		.byte	-30
 858 033d 02       		.byte	2
 859 033e EE       		.byte	-18
 860 033f 04       		.byte	4
 861 0340 00       		.byte	0
 862 0341 08       		.byte	8
 863 0342 01       		.byte	1
 864 0343 04       		.byte	4
 865 0344 05       		.byte	5
 866 0345 08       		.byte	8
 867 0346 0C       		.byte	12
 868 0347 08       		.byte	8
 869 0348 0E       		.byte	14
 870 0349 01       		.byte	1
 871 034a 0F       		.byte	15
 872 034b 02       		.byte	2
 873 034c 11       		.byte	17
 874 034d 04       		.byte	4
 875 034e 12       		.byte	18
 876 034f 02       		.byte	2
 877 0350 17       		.byte	23
 878 0351 01       		.byte	1
 879 0352 18       		.byte	24
 880 0353 04       		.byte	4
 881 0354 1C       		.byte	28
 882 0355 08       		.byte	8
 883 0356 1F       		.byte	31
 884 0357 08       		.byte	8
 885 0358 21       		.byte	33
 886 0359 02       		.byte	2
 887 035a 29       		.byte	41
 888 035b 08       		.byte	8
 889 035c 2A       		.byte	42
 890 035d 04       		.byte	4
 891 035e 2C       		.byte	44
 892 035f 04       		.byte	4
 893 0360 30       		.byte	48
 894 0361 08       		.byte	8
 895 0362 31       		.byte	49
 896 0363 01       		.byte	1
 897 0364 32       		.byte	50
 898 0365 01       		.byte	1
 899 0366 33       		.byte	51
 900 0367 08       		.byte	8
 901 0368 34       		.byte	52
 902 0369 04       		.byte	4
 903 036a 35       		.byte	53
 904 036b 02       		.byte	2
 905 036c 36       		.byte	54
 906 036d 02       		.byte	2
 907 036e 37       		.byte	55
 908 036f 04       		.byte	4
 909 0370 3E       		.byte	62
 910 0371 11       		.byte	17
 911 0372 3F       		.byte	63
 912 0373 14       		.byte	20
ARM GAS  C:\Users\MODELA~1\AppData\Local\Temp\ccSpXYBd.s 			page 17


 913 0374 40       		.byte	64
 914 0375 21       		.byte	33
 915 0376 41       		.byte	65
 916 0377 03       		.byte	3
 917 0378 49       		.byte	73
 918 0379 FF       		.byte	-1
 919 037a 4A       		.byte	74
 920 037b FF       		.byte	-1
 921 037c 4B       		.byte	75
 922 037d FF       		.byte	-1
 923 037e 4D       		.byte	77
 924 037f A0       		.byte	-96
 925 0380 4F       		.byte	79
 926 0381 01       		.byte	1
 927 0382 50       		.byte	80
 928 0383 18       		.byte	24
 929 0384 54       		.byte	84
 930 0385 07       		.byte	7
 931 0386 58       		.byte	88
 932 0387 04       		.byte	4
 933 0388 59       		.byte	89
 934 0389 04       		.byte	4
 935 038a 5A       		.byte	90
 936 038b 04       		.byte	4
 937 038c 5B       		.byte	91
 938 038d 04       		.byte	4
 939 038e 5F       		.byte	95
 940 038f 05       		.byte	5
 941 0390 60       		.byte	96
 942 0391 40       		.byte	64
 943 0392 62       		.byte	98
 944 0393 80       		.byte	-128
 945 0394 64       		.byte	100
 946 0395 40       		.byte	64
 947 0396 65       		.byte	101
 948 0397 40       		.byte	64
 949 0398 66       		.byte	102
 950 0399 80       		.byte	-128
 951 039a 68       		.byte	104
 952 039b 40       		.byte	64
 953 039c 6A       		.byte	106
 954 039d 50       		.byte	80
 955 039e 6B       		.byte	107
 956 039f A8       		.byte	-88
 957 03a0 6C       		.byte	108
 958 03a1 40       		.byte	64
 959 03a2 6D       		.byte	109
 960 03a3 20       		.byte	32
 961 03a4 6E       		.byte	110
 962 03a5 50       		.byte	80
 963 03a6 6F       		.byte	111
 964 03a7 A8       		.byte	-88
 965 03a8 C0       		.byte	-64
 966 03a9 31       		.byte	49
 967 03aa C1       		.byte	-63
 968 03ab 02       		.byte	2
 969 03ac C9       		.byte	-55
ARM GAS  C:\Users\MODELA~1\AppData\Local\Temp\ccSpXYBd.s 			page 18


 970 03ad FF       		.byte	-1
 971 03ae CA       		.byte	-54
 972 03af FF       		.byte	-1
 973 03b0 CB       		.byte	-53
 974 03b1 FF       		.byte	-1
 975 03b2 CD       		.byte	-51
 976 03b3 AF       		.byte	-81
 977 03b4 CE       		.byte	-50
 978 03b5 07       		.byte	7
 979 03b6 CF       		.byte	-49
 980 03b7 01       		.byte	1
 981 03b8 D0       		.byte	-48
 982 03b9 18       		.byte	24
 983 03ba DA       		.byte	-38
 984 03bb 04       		.byte	4
 985 03bc DF       		.byte	-33
 986 03bd 01       		.byte	1
 987 03be E0       		.byte	-32
 988 03bf 40       		.byte	64
 989 03c0 E2       		.byte	-30
 990 03c1 80       		.byte	-128
 991 03c2 E4       		.byte	-28
 992 03c3 40       		.byte	64
 993 03c4 E5       		.byte	-27
 994 03c5 40       		.byte	64
 995 03c6 E6       		.byte	-26
 996 03c7 80       		.byte	-128
 997 03c8 E8       		.byte	-24
 998 03c9 40       		.byte	64
 999 03ca EA       		.byte	-22
 1000 03cb 50       		.byte	80
 1001 03cc EB       		.byte	-21
 1002 03cd A8       		.byte	-88
 1003 03ce EC       		.byte	-20
 1004 03cf 40       		.byte	64
 1005 03d0 ED       		.byte	-19
 1006 03d1 20       		.byte	32
 1007 03d2 EE       		.byte	-18
 1008 03d3 50       		.byte	80
 1009 03d4 EF       		.byte	-17
 1010 03d5 A8       		.byte	-88
 1011 03d6 05       		.byte	5
 1012 03d7 02       		.byte	2
 1013 03d8 07       		.byte	7
 1014 03d9 01       		.byte	1
 1015 03da 0F       		.byte	15
 1016 03db 8A       		.byte	-118
 1017 03dc 14       		.byte	20
 1018 03dd 08       		.byte	8
 1019 03de 15       		.byte	21
 1020 03df 20       		.byte	32
 1021 03e0 17       		.byte	23
 1022 03e1 40       		.byte	64
 1023 03e2 1C       		.byte	28
 1024 03e3 08       		.byte	8
 1025 03e4 1E       		.byte	30
 1026 03e5 80       		.byte	-128
ARM GAS  C:\Users\MODELA~1\AppData\Local\Temp\ccSpXYBd.s 			page 19


 1027 03e6 1F       		.byte	31
 1028 03e7 48       		.byte	72
 1029 03e8 24       		.byte	36
 1030 03e9 10       		.byte	16
 1031 03ea 26       		.byte	38
 1032 03eb 80       		.byte	-128
 1033 03ec 27       		.byte	39
 1034 03ed 69       		.byte	105
 1035 03ee 2F       		.byte	47
 1036 03ef 48       		.byte	72
 1037 03f0 34       		.byte	52
 1038 03f1 08       		.byte	8
 1039 03f2 35       		.byte	53
 1040 03f3 02       		.byte	2
 1041 03f4 36       		.byte	54
 1042 03f5 80       		.byte	-128
 1043 03f6 3F       		.byte	63
 1044 03f7 8A       		.byte	-118
 1045 03f8 40       		.byte	64
 1046 03f9 14       		.byte	20
 1047 03fa 42       		.byte	66
 1048 03fb 02       		.byte	2
 1049 03fc 45       		.byte	69
 1050 03fd 04       		.byte	4
 1051 03fe 46       		.byte	70
 1052 03ff 02       		.byte	2
 1053 0400 47       		.byte	71
 1054 0401 20       		.byte	32
 1055 0402 5E       		.byte	94
 1056 0403 90       		.byte	-112
 1057 0404 5F       		.byte	95
 1058 0405 08       		.byte	8
 1059 0406 66       		.byte	102
 1060 0407 08       		.byte	8
 1061 0408 67       		.byte	103
 1062 0409 04       		.byte	4
 1063 040a 7E       		.byte	126
 1064 040b 20       		.byte	32
 1065 040c 86       		.byte	-122
 1066 040d 80       		.byte	-128
 1067 040e 90       		.byte	-112
 1068 040f 04       		.byte	4
 1069 0410 94       		.byte	-108
 1070 0411 10       		.byte	16
 1071 0412 9A       		.byte	-102
 1072 0413 02       		.byte	2
 1073 0414 9F       		.byte	-97
 1074 0415 20       		.byte	32
 1075 0416 A5       		.byte	-91
 1076 0417 04       		.byte	4
 1077 0418 C0       		.byte	-64
 1078 0419 90       		.byte	-112
 1079 041a C2       		.byte	-62
 1080 041b D0       		.byte	-48
 1081 041c C4       		.byte	-60
 1082 041d C0       		.byte	-64
 1083 041e CA       		.byte	-54
ARM GAS  C:\Users\MODELA~1\AppData\Local\Temp\ccSpXYBd.s 			page 20


 1084 041f A0       		.byte	-96
 1085 0420 CC       		.byte	-52
 1086 0421 D0       		.byte	-48
 1087 0422 CE       		.byte	-50
 1088 0423 D0       		.byte	-48
 1089 0424 D0       		.byte	-48
 1090 0425 7E       		.byte	126
 1091 0426 D6       		.byte	-42
 1092 0427 70       		.byte	112
 1093 0428 D8       		.byte	-40
 1094 0429 60       		.byte	96
 1095 042a DE       		.byte	-34
 1096 042b 40       		.byte	64
 1097 042c 39       		.byte	57
 1098 042d 20       		.byte	32
 1099 042e 3F       		.byte	63
 1100 042f 10       		.byte	16
 1101 0430 40       		.byte	64
 1102 0431 35       		.byte	53
 1103 0432 41       		.byte	65
 1104 0433 02       		.byte	2
 1105 0434 49       		.byte	73
 1106 0435 FF       		.byte	-1
 1107 0436 4A       		.byte	74
 1108 0437 FF       		.byte	-1
 1109 0438 4B       		.byte	75
 1110 0439 FF       		.byte	-1
 1111 043a 4D       		.byte	77
 1112 043b AF       		.byte	-81
 1113 043c 4E       		.byte	78
 1114 043d 07       		.byte	7
 1115 043e 4F       		.byte	79
 1116 043f 01       		.byte	1
 1117 0440 50       		.byte	80
 1118 0441 18       		.byte	24
 1119 0442 59       		.byte	89
 1120 0443 04       		.byte	4
 1121 0444 5A       		.byte	90
 1122 0445 04       		.byte	4
 1123 0446 5F       		.byte	95
 1124 0447 01       		.byte	1
 1125 0448 60       		.byte	96
 1126 0449 40       		.byte	64
 1127 044a 62       		.byte	98
 1128 044b 80       		.byte	-128
 1129 044c 64       		.byte	100
 1130 044d 40       		.byte	64
 1131 044e 65       		.byte	101
 1132 044f 40       		.byte	64
 1133 0450 66       		.byte	102
 1134 0451 80       		.byte	-128
 1135 0452 68       		.byte	104
 1136 0453 40       		.byte	64
 1137 0454 6A       		.byte	106
 1138 0455 50       		.byte	80
 1139 0456 6B       		.byte	107
 1140 0457 A8       		.byte	-88
ARM GAS  C:\Users\MODELA~1\AppData\Local\Temp\ccSpXYBd.s 			page 21


 1141 0458 6C       		.byte	108
 1142 0459 40       		.byte	64
 1143 045a 6D       		.byte	109
 1144 045b 20       		.byte	32
 1145 045c 6E       		.byte	110
 1146 045d 50       		.byte	80
 1147 045e 6F       		.byte	111
 1148 045f A8       		.byte	-88
 1149 0460 83       		.byte	-125
 1150 0461 02       		.byte	2
 1151 0462 93       		.byte	-109
 1152 0463 05       		.byte	5
 1153 0464 99       		.byte	-103
 1154 0465 01       		.byte	1
 1155 0466 A1       		.byte	-95
 1156 0467 02       		.byte	2
 1157 0468 AE       		.byte	-82
 1158 0469 01       		.byte	1
 1159 046a B3       		.byte	-77
 1160 046b 04       		.byte	4
 1161 046c B5       		.byte	-75
 1162 046d 02       		.byte	2
 1163 046e B6       		.byte	-74
 1164 046f 01       		.byte	1
 1165 0470 B7       		.byte	-73
 1166 0471 01       		.byte	1
 1167 0472 BF       		.byte	-65
 1168 0473 50       		.byte	80
 1169 0474 C0       		.byte	-64
 1170 0475 25       		.byte	37
 1171 0476 C1       		.byte	-63
 1172 0477 03       		.byte	3
 1173 0478 C5       		.byte	-59
 1174 0479 4C       		.byte	76
 1175 047a C6       		.byte	-58
 1176 047b 20       		.byte	32
 1177 047c C7       		.byte	-57
 1178 047d 0E       		.byte	14
 1179 047e C8       		.byte	-56
 1180 047f 3B       		.byte	59
 1181 0480 C9       		.byte	-55
 1182 0481 FF       		.byte	-1
 1183 0482 CA       		.byte	-54
 1184 0483 FF       		.byte	-1
 1185 0484 CB       		.byte	-53
 1186 0485 FF       		.byte	-1
 1187 0486 CD       		.byte	-51
 1188 0487 AF       		.byte	-81
 1189 0488 CE       		.byte	-50
 1190 0489 07       		.byte	7
 1191 048a CF       		.byte	-49
 1192 048b 01       		.byte	1
 1193 048c D0       		.byte	-48
 1194 048d 18       		.byte	24
 1195 048e D4       		.byte	-44
 1196 048f 07       		.byte	7
 1197 0490 D8       		.byte	-40
ARM GAS  C:\Users\MODELA~1\AppData\Local\Temp\ccSpXYBd.s 			page 22


 1198 0491 04       		.byte	4
 1199 0492 D9       		.byte	-39
 1200 0493 04       		.byte	4
 1201 0494 DA       		.byte	-38
 1202 0495 04       		.byte	4
 1203 0496 DB       		.byte	-37
 1204 0497 04       		.byte	4
 1205 0498 DF       		.byte	-33
 1206 0499 01       		.byte	1
 1207 049a E0       		.byte	-32
 1208 049b 40       		.byte	64
 1209 049c E2       		.byte	-30
 1210 049d 80       		.byte	-128
 1211 049e E4       		.byte	-28
 1212 049f 40       		.byte	64
 1213 04a0 E5       		.byte	-27
 1214 04a1 40       		.byte	64
 1215 04a2 E6       		.byte	-26
 1216 04a3 80       		.byte	-128
 1217 04a4 E8       		.byte	-24
 1218 04a5 40       		.byte	64
 1219 04a6 EA       		.byte	-22
 1220 04a7 50       		.byte	80
 1221 04a8 EB       		.byte	-21
 1222 04a9 A8       		.byte	-88
 1223 04aa EC       		.byte	-20
 1224 04ab 40       		.byte	64
 1225 04ac ED       		.byte	-19
 1226 04ad 20       		.byte	32
 1227 04ae EE       		.byte	-18
 1228 04af 50       		.byte	80
 1229 04b0 EF       		.byte	-17
 1230 04b1 A8       		.byte	-88
 1231 04b2 16       		.byte	22
 1232 04b3 02       		.byte	2
 1233 04b4 1F       		.byte	31
 1234 04b5 80       		.byte	-128
 1235 04b6 20       		.byte	32
 1236 04b7 04       		.byte	4
 1237 04b8 26       		.byte	38
 1238 04b9 40       		.byte	64
 1239 04ba 27       		.byte	39
 1240 04bb 18       		.byte	24
 1241 04bc 2F       		.byte	47
 1242 04bd 80       		.byte	-128
 1243 04be 35       		.byte	53
 1244 04bf 02       		.byte	2
 1245 04c0 37       		.byte	55
 1246 04c1 10       		.byte	16
 1247 04c2 3E       		.byte	62
 1248 04c3 02       		.byte	2
 1249 04c4 40       		.byte	64
 1250 04c5 14       		.byte	20
 1251 04c6 45       		.byte	69
 1252 04c7 04       		.byte	4
 1253 04c8 47       		.byte	71
 1254 04c9 20       		.byte	32
ARM GAS  C:\Users\MODELA~1\AppData\Local\Temp\ccSpXYBd.s 			page 23


 1255 04ca 48       		.byte	72
 1256 04cb 02       		.byte	2
 1257 04cc 4C       		.byte	76
 1258 04cd 02       		.byte	2
 1259 04ce 4D       		.byte	77
 1260 04cf 02       		.byte	2
 1261 04d0 4F       		.byte	79
 1262 04d1 04       		.byte	4
 1263 04d2 54       		.byte	84
 1264 04d3 02       		.byte	2
 1265 04d4 56       		.byte	86
 1266 04d5 0A       		.byte	10
 1267 04d6 57       		.byte	87
 1268 04d7 10       		.byte	16
 1269 04d8 5E       		.byte	94
 1270 04d9 80       		.byte	-128
 1271 04da 5F       		.byte	95
 1272 04db 18       		.byte	24
 1273 04dc 63       		.byte	99
 1274 04dd 30       		.byte	48
 1275 04de 66       		.byte	102
 1276 04df 08       		.byte	8
 1277 04e0 67       		.byte	103
 1278 04e1 04       		.byte	4
 1279 04e2 C4       		.byte	-60
 1280 04e3 80       		.byte	-128
 1281 04e4 CA       		.byte	-54
 1282 04e5 80       		.byte	-128
 1283 04e6 CC       		.byte	-52
 1284 04e7 A0       		.byte	-96
 1285 04e8 CE       		.byte	-50
 1286 04e9 80       		.byte	-128
 1287 04ea D0       		.byte	-48
 1288 04eb 66       		.byte	102
 1289 04ec D2       		.byte	-46
 1290 04ed 18       		.byte	24
 1291 04ee D6       		.byte	-42
 1292 04ef 70       		.byte	112
 1293 04f0 D8       		.byte	-40
 1294 04f1 60       		.byte	96
 1295 04f2 E8       		.byte	-24
 1296 04f3 10       		.byte	16
 1297 04f4 3A       		.byte	58
 1298 04f5 08       		.byte	8
 1299 04f6 58       		.byte	88
 1300 04f7 04       		.byte	4
 1301 04f8 5C       		.byte	92
 1302 04f9 01       		.byte	1
 1303 04fa 5F       		.byte	95
 1304 04fb 01       		.byte	1
 1305 04fc 81       		.byte	-127
 1306 04fd 60       		.byte	96
 1307 04fe 84       		.byte	-124
 1308 04ff 13       		.byte	19
 1309 0500 85       		.byte	-123
 1310 0501 08       		.byte	8
 1311 0502 86       		.byte	-122
ARM GAS  C:\Users\MODELA~1\AppData\Local\Temp\ccSpXYBd.s 			page 24


 1312 0503 64       		.byte	100
 1313 0504 8B       		.byte	-117
 1314 0505 60       		.byte	96
 1315 0506 8C       		.byte	-116
 1316 0507 13       		.byte	19
 1317 0508 8D       		.byte	-115
 1318 0509 08       		.byte	8
 1319 050a 8E       		.byte	-114
 1320 050b 2C       		.byte	44
 1321 050c 91       		.byte	-111
 1322 050d 40       		.byte	64
 1323 050e 93       		.byte	-109
 1324 050f 04       		.byte	4
 1325 0510 94       		.byte	-108
 1326 0511 4A       		.byte	74
 1327 0512 95       		.byte	-107
 1328 0513 60       		.byte	96
 1329 0514 96       		.byte	-106
 1330 0515 34       		.byte	52
 1331 0516 9A       		.byte	-102
 1332 0517 48       		.byte	72
 1333 0518 9B       		.byte	-101
 1334 0519 08       		.byte	8
 1335 051a 9C       		.byte	-100
 1336 051b 03       		.byte	3
 1337 051c 9D       		.byte	-99
 1338 051d 10       		.byte	16
 1339 051e 9E       		.byte	-98
 1340 051f 14       		.byte	20
 1341 0520 A2       		.byte	-94
 1342 0521 35       		.byte	53
 1343 0522 A3       		.byte	-93
 1344 0523 60       		.byte	96
 1345 0524 A4       		.byte	-92
 1346 0525 80       		.byte	-128
 1347 0526 A5       		.byte	-91
 1348 0527 20       		.byte	32
 1349 0528 A7       		.byte	-89
 1350 0529 05       		.byte	5
 1351 052a AA       		.byte	-86
 1352 052b 40       		.byte	64
 1353 052c AB       		.byte	-85
 1354 052d 60       		.byte	96
 1355 052e AD       		.byte	-83
 1356 052f 60       		.byte	96
 1357 0530 AF       		.byte	-81
 1358 0531 02       		.byte	2
 1359 0532 B0       		.byte	-80
 1360 0533 0F       		.byte	15
 1361 0534 B1       		.byte	-79
 1362 0535 60       		.byte	96
 1363 0536 B2       		.byte	-78
 1364 0537 80       		.byte	-128
 1365 0538 B3       		.byte	-77
 1366 0539 01       		.byte	1
 1367 053a B4       		.byte	-76
 1368 053b 68       		.byte	104
ARM GAS  C:\Users\MODELA~1\AppData\Local\Temp\ccSpXYBd.s 			page 25


 1369 053c B5       		.byte	-75
 1370 053d 18       		.byte	24
 1371 053e B6       		.byte	-74
 1372 053f 10       		.byte	16
 1373 0540 B7       		.byte	-73
 1374 0541 06       		.byte	6
 1375 0542 B9       		.byte	-71
 1376 0543 20       		.byte	32
 1377 0544 BA       		.byte	-70
 1378 0545 22       		.byte	34
 1379 0546 BE       		.byte	-66
 1380 0547 44       		.byte	68
 1381 0548 BF       		.byte	-65
 1382 0549 40       		.byte	64
 1383 054a C0       		.byte	-64
 1384 054b 41       		.byte	65
 1385 054c C1       		.byte	-63
 1386 054d 02       		.byte	2
 1387 054e C5       		.byte	-59
 1388 054f 0E       		.byte	14
 1389 0550 C6       		.byte	-58
 1390 0551 BC       		.byte	-68
 1391 0552 C8       		.byte	-56
 1392 0553 0D       		.byte	13
 1393 0554 C9       		.byte	-55
 1394 0555 FF       		.byte	-1
 1395 0556 CA       		.byte	-54
 1396 0557 FF       		.byte	-1
 1397 0558 CB       		.byte	-53
 1398 0559 FF       		.byte	-1
 1399 055a CE       		.byte	-50
 1400 055b F0       		.byte	-16
 1401 055c CF       		.byte	-49
 1402 055d 44       		.byte	68
 1403 055e D0       		.byte	-48
 1404 055f 0C       		.byte	12
 1405 0560 D4       		.byte	-44
 1406 0561 01       		.byte	1
 1407 0562 D8       		.byte	-40
 1408 0563 04       		.byte	4
 1409 0564 D9       		.byte	-39
 1410 0565 04       		.byte	4
 1411 0566 DA       		.byte	-38
 1412 0567 04       		.byte	4
 1413 0568 DB       		.byte	-37
 1414 0569 04       		.byte	4
 1415 056a DC       		.byte	-36
 1416 056b 11       		.byte	17
 1417 056c DD       		.byte	-35
 1418 056d 11       		.byte	17
 1419 056e DF       		.byte	-33
 1420 056f 01       		.byte	1
 1421 0570 E6       		.byte	-26
 1422 0571 C0       		.byte	-64
 1423 0572 EA       		.byte	-22
 1424 0573 40       		.byte	64
 1425 0574 EB       		.byte	-21
ARM GAS  C:\Users\MODELA~1\AppData\Local\Temp\ccSpXYBd.s 			page 26


 1426 0575 02       		.byte	2
 1427 0576 00       		.byte	0
 1428 0577 44       		.byte	68
 1429 0578 09       		.byte	9
 1430 0579 80       		.byte	-128
 1431 057a 0A       		.byte	10
 1432 057b 20       		.byte	32
 1433 057c 0B       		.byte	11
 1434 057d 04       		.byte	4
 1435 057e 10       		.byte	16
 1436 057f A8       		.byte	-88
 1437 0580 18       		.byte	24
 1438 0581 C4       		.byte	-60
 1439 0582 19       		.byte	25
 1440 0583 44       		.byte	68
 1441 0584 1A       		.byte	26
 1442 0585 08       		.byte	8
 1443 0586 1F       		.byte	31
 1444 0587 08       		.byte	8
 1445 0588 20       		.byte	32
 1446 0589 01       		.byte	1
 1447 058a 21       		.byte	33
 1448 058b 04       		.byte	4
 1449 058c 22       		.byte	34
 1450 058d 01       		.byte	1
 1451 058e 23       		.byte	35
 1452 058f 04       		.byte	4
 1453 0590 28       		.byte	40
 1454 0591 A2       		.byte	-94
 1455 0592 29       		.byte	41
 1456 0593 10       		.byte	16
 1457 0594 2B       		.byte	43
 1458 0595 01       		.byte	1
 1459 0596 30       		.byte	48
 1460 0597 80       		.byte	-128
 1461 0598 32       		.byte	50
 1462 0599 12       		.byte	18
 1463 059a 33       		.byte	51
 1464 059b 08       		.byte	8
 1465 059c 38       		.byte	56
 1466 059d 46       		.byte	70
 1467 059e 3B       		.byte	59
 1468 059f 10       		.byte	16
 1469 05a0 40       		.byte	64
 1470 05a1 44       		.byte	68
 1471 05a2 41       		.byte	65
 1472 05a3 40       		.byte	64
 1473 05a4 48       		.byte	72
 1474 05a5 20       		.byte	32
 1475 05a6 51       		.byte	81
 1476 05a7 80       		.byte	-128
 1477 05a8 52       		.byte	82
 1478 05a9 10       		.byte	16
 1479 05aa 58       		.byte	88
 1480 05ab 11       		.byte	17
 1481 05ac 59       		.byte	89
 1482 05ad 44       		.byte	68
ARM GAS  C:\Users\MODELA~1\AppData\Local\Temp\ccSpXYBd.s 			page 27


 1483 05ae 90       		.byte	-112
 1484 05af 02       		.byte	2
 1485 05b0 91       		.byte	-111
 1486 05b1 10       		.byte	16
 1487 05b2 92       		.byte	-110
 1488 05b3 04       		.byte	4
 1489 05b4 93       		.byte	-109
 1490 05b5 10       		.byte	16
 1491 05b6 94       		.byte	-108
 1492 05b7 01       		.byte	1
 1493 05b8 95       		.byte	-107
 1494 05b9 08       		.byte	8
 1495 05ba 96       		.byte	-106
 1496 05bb 02       		.byte	2
 1497 05bc 98       		.byte	-104
 1498 05bd 80       		.byte	-128
 1499 05be 99       		.byte	-103
 1500 05bf 10       		.byte	16
 1501 05c0 9C       		.byte	-100
 1502 05c1 22       		.byte	34
 1503 05c2 9E       		.byte	-98
 1504 05c3 02       		.byte	2
 1505 05c4 A6       		.byte	-90
 1506 05c5 02       		.byte	2
 1507 05c6 A7       		.byte	-89
 1508 05c7 08       		.byte	8
 1509 05c8 B3       		.byte	-77
 1510 05c9 12       		.byte	18
 1511 05ca C0       		.byte	-64
 1512 05cb 05       		.byte	5
 1513 05cc C2       		.byte	-62
 1514 05cd 07       		.byte	7
 1515 05ce C4       		.byte	-60
 1516 05cf 0E       		.byte	14
 1517 05d0 CA       		.byte	-54
 1518 05d1 0F       		.byte	15
 1519 05d2 CC       		.byte	-52
 1520 05d3 0F       		.byte	15
 1521 05d4 CE       		.byte	-50
 1522 05d5 0F       		.byte	15
 1523 05d6 D0       		.byte	-48
 1524 05d7 0D       		.byte	13
 1525 05d8 D6       		.byte	-42
 1526 05d9 0F       		.byte	15
 1527 05da 00       		.byte	0
 1528 05db 40       		.byte	64
 1529 05dc 02       		.byte	2
 1530 05dd 20       		.byte	32
 1531 05de 04       		.byte	4
 1532 05df 0C       		.byte	12
 1533 05e0 06       		.byte	6
 1534 05e1 11       		.byte	17
 1535 05e2 07       		.byte	7
 1536 05e3 0C       		.byte	12
 1537 05e4 09       		.byte	9
 1538 05e5 C0       		.byte	-64
 1539 05e6 0A       		.byte	10
ARM GAS  C:\Users\MODELA~1\AppData\Local\Temp\ccSpXYBd.s 			page 28


 1540 05e7 03       		.byte	3
 1541 05e8 0C       		.byte	12
 1542 05e9 20       		.byte	32
 1543 05ea 0D       		.byte	13
 1544 05eb 31       		.byte	49
 1545 05ec 0E       		.byte	14
 1546 05ed C0       		.byte	-64
 1547 05ee 0F       		.byte	15
 1548 05ef 06       		.byte	6
 1549 05f0 10       		.byte	16
 1550 05f1 E0       		.byte	-32
 1551 05f2 11       		.byte	17
 1552 05f3 80       		.byte	-128
 1553 05f4 13       		.byte	19
 1554 05f5 40       		.byte	64
 1555 05f6 14       		.byte	20
 1556 05f7 1C       		.byte	28
 1557 05f8 15       		.byte	21
 1558 05f9 31       		.byte	49
 1559 05fa 16       		.byte	22
 1560 05fb 02       		.byte	2
 1561 05fc 17       		.byte	23
 1562 05fd 0E       		.byte	14
 1563 05fe 18       		.byte	24
 1564 05ff 09       		.byte	9
 1565 0600 19       		.byte	25
 1566 0601 2C       		.byte	44
 1567 0602 1A       		.byte	26
 1568 0603 10       		.byte	16
 1569 0604 1B       		.byte	27
 1570 0605 03       		.byte	3
 1571 0606 1C       		.byte	28
 1572 0607 80       		.byte	-128
 1573 0608 1E       		.byte	30
 1574 0609 20       		.byte	32
 1575 060a 1F       		.byte	31
 1576 060b 13       		.byte	19
 1577 060c 20       		.byte	32
 1578 060d 10       		.byte	16
 1579 060e 24       		.byte	36
 1580 060f 14       		.byte	20
 1581 0610 25       		.byte	37
 1582 0611 40       		.byte	64
 1583 0612 27       		.byte	39
 1584 0613 80       		.byte	-128
 1585 0614 28       		.byte	40
 1586 0615 E0       		.byte	-32
 1587 0616 2B       		.byte	43
 1588 0617 08       		.byte	8
 1589 0618 2C       		.byte	44
 1590 0619 10       		.byte	16
 1591 061a 2D       		.byte	45
 1592 061b C0       		.byte	-64
 1593 061c 2E       		.byte	46
 1594 061d 0C       		.byte	12
 1595 061e 30       		.byte	48
 1596 061f E0       		.byte	-32
ARM GAS  C:\Users\MODELA~1\AppData\Local\Temp\ccSpXYBd.s 			page 29


 1597 0620 31       		.byte	49
 1598 0621 C0       		.byte	-64
 1599 0622 33       		.byte	51
 1600 0623 30       		.byte	48
 1601 0624 34       		.byte	52
 1602 0625 1F       		.byte	31
 1603 0626 35       		.byte	53
 1604 0627 0F       		.byte	15
 1605 0628 39       		.byte	57
 1606 0629 08       		.byte	8
 1607 062a 3B       		.byte	59
 1608 062b 20       		.byte	32
 1609 062c 3F       		.byte	63
 1610 062d 04       		.byte	4
 1611 062e 40       		.byte	64
 1612 062f 03       		.byte	3
 1613 0630 47       		.byte	71
 1614 0631 04       		.byte	4
 1615 0632 49       		.byte	73
 1616 0633 FF       		.byte	-1
 1617 0634 4A       		.byte	74
 1618 0635 07       		.byte	7
 1619 0636 4B       		.byte	75
 1620 0637 FF       		.byte	-1
 1621 0638 4C       		.byte	76
 1622 0639 40       		.byte	64
 1623 063a 4D       		.byte	77
 1624 063b 20       		.byte	32
 1625 063c 4E       		.byte	78
 1626 063d F0       		.byte	-16
 1627 063e 4F       		.byte	79
 1628 063f 05       		.byte	5
 1629 0640 50       		.byte	80
 1630 0641 08       		.byte	8
 1631 0642 58       		.byte	88
 1632 0643 04       		.byte	4
 1633 0644 59       		.byte	89
 1634 0645 04       		.byte	4
 1635 0646 5A       		.byte	90
 1636 0647 04       		.byte	4
 1637 0648 5C       		.byte	92
 1638 0649 11       		.byte	17
 1639 064a 5D       		.byte	93
 1640 064b 01       		.byte	1
 1641 064c 5F       		.byte	95
 1642 064d 01       		.byte	1
 1643 064e 60       		.byte	96
 1644 064f 40       		.byte	64
 1645 0650 61       		.byte	97
 1646 0651 A8       		.byte	-88
 1647 0652 62       		.byte	98
 1648 0653 40       		.byte	64
 1649 0654 63       		.byte	99
 1650 0655 20       		.byte	32
 1651 0656 88       		.byte	-120
 1652 0657 01       		.byte	1
 1653 0658 B6       		.byte	-74
ARM GAS  C:\Users\MODELA~1\AppData\Local\Temp\ccSpXYBd.s 			page 30


 1654 0659 01       		.byte	1
 1655 065a BE       		.byte	-66
 1656 065b 40       		.byte	64
 1657 065c D8       		.byte	-40
 1658 065d 04       		.byte	4
 1659 065e DF       		.byte	-33
 1660 065f 01       		.byte	1
 1661 0660 00       		.byte	0
 1662 0661 44       		.byte	68
 1663 0662 01       		.byte	1
 1664 0663 20       		.byte	32
 1665 0664 03       		.byte	3
 1666 0665 80       		.byte	-128
 1667 0666 05       		.byte	5
 1668 0667 20       		.byte	32
 1669 0668 08       		.byte	8
 1670 0669 01       		.byte	1
 1671 066a 0A       		.byte	10
 1672 066b 22       		.byte	34
 1673 066c 0B       		.byte	11
 1674 066d 04       		.byte	4
 1675 066e 11       		.byte	17
 1676 066f 50       		.byte	80
 1677 0670 12       		.byte	18
 1678 0671 10       		.byte	16
 1679 0672 13       		.byte	19
 1680 0673 01       		.byte	1
 1681 0674 18       		.byte	24
 1682 0675 40       		.byte	64
 1683 0676 19       		.byte	25
 1684 0677 20       		.byte	32
 1685 0678 1B       		.byte	27
 1686 0679 01       		.byte	1
 1687 067a 1E       		.byte	30
 1688 067b 02       		.byte	2
 1689 067c 21       		.byte	33
 1690 067d 04       		.byte	4
 1691 067e 22       		.byte	34
 1692 067f 13       		.byte	19
 1693 0680 28       		.byte	40
 1694 0681 21       		.byte	33
 1695 0682 2A       		.byte	42
 1696 0683 80       		.byte	-128
 1697 0684 2B       		.byte	43
 1698 0685 08       		.byte	8
 1699 0686 30       		.byte	48
 1700 0687 80       		.byte	-128
 1701 0688 32       		.byte	50
 1702 0689 15       		.byte	21
 1703 068a 38       		.byte	56
 1704 068b 80       		.byte	-128
 1705 068c 39       		.byte	57
 1706 068d 50       		.byte	80
 1707 068e 3B       		.byte	59
 1708 068f 04       		.byte	4
 1709 0690 41       		.byte	65
 1710 0691 04       		.byte	4
ARM GAS  C:\Users\MODELA~1\AppData\Local\Temp\ccSpXYBd.s 			page 31


 1711 0692 50       		.byte	80
 1712 0693 88       		.byte	-120
 1713 0694 51       		.byte	81
 1714 0695 40       		.byte	64
 1715 0696 53       		.byte	83
 1716 0697 08       		.byte	8
 1717 0698 82       		.byte	-126
 1718 0699 01       		.byte	1
 1719 069a 88       		.byte	-120
 1720 069b 20       		.byte	32
 1721 069c 8A       		.byte	-118
 1722 069d 02       		.byte	2
 1723 069e 8B       		.byte	-117
 1724 069f 80       		.byte	-128
 1725 06a0 8C       		.byte	-116
 1726 06a1 08       		.byte	8
 1727 06a2 8F       		.byte	-113
 1728 06a3 01       		.byte	1
 1729 06a4 90       		.byte	-112
 1730 06a5 84       		.byte	-124
 1731 06a6 91       		.byte	-111
 1732 06a7 10       		.byte	16
 1733 06a8 92       		.byte	-110
 1734 06a9 08       		.byte	8
 1735 06aa 93       		.byte	-109
 1736 06ab 04       		.byte	4
 1737 06ac 95       		.byte	-107
 1738 06ad 80       		.byte	-128
 1739 06ae 96       		.byte	-106
 1740 06af 20       		.byte	32
 1741 06b0 9A       		.byte	-102
 1742 06b1 90       		.byte	-112
 1743 06b2 9C       		.byte	-100
 1744 06b3 20       		.byte	32
 1745 06b4 9E       		.byte	-98
 1746 06b5 02       		.byte	2
 1747 06b6 A4       		.byte	-92
 1748 06b7 88       		.byte	-120
 1749 06b8 A6       		.byte	-90
 1750 06b9 02       		.byte	2
 1751 06ba A7       		.byte	-89
 1752 06bb 01       		.byte	1
 1753 06bc AC       		.byte	-84
 1754 06bd 31       		.byte	49
 1755 06be AD       		.byte	-83
 1756 06bf 80       		.byte	-128
 1757 06c0 B2       		.byte	-78
 1758 06c1 84       		.byte	-124
 1759 06c2 C0       		.byte	-64
 1760 06c3 4F       		.byte	79
 1761 06c4 C2       		.byte	-62
 1762 06c5 0F       		.byte	15
 1763 06c6 C4       		.byte	-60
 1764 06c7 0F       		.byte	15
 1765 06c8 CA       		.byte	-54
 1766 06c9 0E       		.byte	14
 1767 06ca CC       		.byte	-52
ARM GAS  C:\Users\MODELA~1\AppData\Local\Temp\ccSpXYBd.s 			page 32


 1768 06cb 0F       		.byte	15
 1769 06cc CE       		.byte	-50
 1770 06cd 0E       		.byte	14
 1771 06ce D0       		.byte	-48
 1772 06cf 02       		.byte	2
 1773 06d0 E4       		.byte	-28
 1774 06d1 01       		.byte	1
 1775 06d2 E8       		.byte	-24
 1776 06d3 10       		.byte	16
 1777 06d4 30       		.byte	48
 1778 06d5 40       		.byte	64
 1779 06d6 33       		.byte	51
 1780 06d7 04       		.byte	4
 1781 06d8 34       		.byte	52
 1782 06d9 20       		.byte	32
 1783 06da CC       		.byte	-52
 1784 06db 70       		.byte	112
 1785 06dc 51       		.byte	81
 1786 06dd 10       		.byte	16
 1787 06de 69       		.byte	105
 1788 06df 04       		.byte	4
 1789 06e0 6B       		.byte	107
 1790 06e1 04       		.byte	4
 1791 06e2 84       		.byte	-124
 1792 06e3 40       		.byte	64
 1793 06e4 9C       		.byte	-100
 1794 06e5 60       		.byte	96
 1795 06e6 9F       		.byte	-97
 1796 06e7 04       		.byte	4
 1797 06e8 D4       		.byte	-44
 1798 06e9 20       		.byte	32
 1799 06ea E6       		.byte	-26
 1800 06eb 10       		.byte	16
 1801 06ec 11       		.byte	17
 1802 06ed 04       		.byte	4
 1803 06ee 57       		.byte	87
 1804 06ef 04       		.byte	4
 1805 06f0 60       		.byte	96
 1806 06f1 01       		.byte	1
 1807 06f2 85       		.byte	-123
 1808 06f3 10       		.byte	16
 1809 06f4 95       		.byte	-107
 1810 06f5 24       		.byte	36
 1811 06f6 98       		.byte	-104
 1812 06f7 20       		.byte	32
 1813 06f8 A8       		.byte	-88
 1814 06f9 20       		.byte	32
 1815 06fa C4       		.byte	-60
 1816 06fb 10       		.byte	16
 1817 06fc D4       		.byte	-44
 1818 06fd 40       		.byte	64
 1819 06fe D6       		.byte	-42
 1820 06ff 40       		.byte	64
 1821 0700 E2       		.byte	-30
 1822 0701 40       		.byte	64
 1823 0702 EE       		.byte	-18
 1824 0703 20       		.byte	32
ARM GAS  C:\Users\MODELA~1\AppData\Local\Temp\ccSpXYBd.s 			page 33


 1825 0704 60       		.byte	96
 1826 0705 20       		.byte	32
 1827 0706 98       		.byte	-104
 1828 0707 20       		.byte	32
 1829 0708 A8       		.byte	-88
 1830 0709 01       		.byte	1
 1831 070a B7       		.byte	-73
 1832 070b 04       		.byte	4
 1833 070c D8       		.byte	-40
 1834 070d 40       		.byte	64
 1835 070e EA       		.byte	-22
 1836 070f 80       		.byte	-128
 1837 0710 00       		.byte	0
 1838 0711 40       		.byte	64
 1839 0712 C0       		.byte	-64
 1840 0713 02       		.byte	2
 1841 0714 02       		.byte	2
 1842 0715 02       		.byte	2
 1843 0716 86       		.byte	-122
 1844 0717 02       		.byte	2
 1845 0718 A8       		.byte	-88
 1846 0719 40       		.byte	64
 1847 071a C0       		.byte	-64
 1848 071b 02       		.byte	2
 1849 071c 40       		.byte	64
 1850 071d 02       		.byte	2
 1851 071e D0       		.byte	-48
 1852 071f 08       		.byte	8
 1853 0720 24       		.byte	36
 1854 0721 08       		.byte	8
 1855 0722 C8       		.byte	-56
 1856 0723 20       		.byte	32
 1857 0724 B4       		.byte	-76
 1858 0725 04       		.byte	4
 1859 0726 9C       		.byte	-100
 1860 0727 02       		.byte	2
 1861 0728 10       		.byte	16
 1862 0729 40       		.byte	64
 1863 072a 70       		.byte	112
 1864 072b 04       		.byte	4
 1865 072c 80       		.byte	-128
 1866 072d 04       		.byte	4
 1867 072e 88       		.byte	-120
 1868 072f 40       		.byte	64
 1869 0730 B4       		.byte	-76
 1870 0731 02       		.byte	2
 1871 0732 C4       		.byte	-60
 1872 0733 08       		.byte	8
 1873 0734 DC       		.byte	-36
 1874 0735 01       		.byte	1
 1875 0736 E2       		.byte	-30
 1876 0737 01       		.byte	1
 1877 0738 E8       		.byte	-24
 1878 0739 08       		.byte	8
 1879 073a 00       		.byte	0
 1880 073b 07       		.byte	7
 1881 073c 0A       		.byte	10
ARM GAS  C:\Users\MODELA~1\AppData\Local\Temp\ccSpXYBd.s 			page 34


 1882 073d 04       		.byte	4
 1883 073e 0C       		.byte	12
 1884 073f 03       		.byte	3
 1885 0740 0E       		.byte	14
 1886 0741 01       		.byte	1
 1887 0742 10       		.byte	16
 1888 0743 02       		.byte	2
 1889 0744 1C       		.byte	28
 1890 0745 02       		.byte	2
 1891 0746 00       		.byte	0
 1892 0747 2F       		.byte	47
 1893 0748 08       		.byte	8
 1894 0749 88       		.byte	-120
 1895 074a 00       		.byte	0
 1896 074b 00       		.byte	0
 1897 074c 40       		.byte	64
 1898 074d 00       		.byte	0
 1899 074e 00       		.byte	0
 1900 074f 00       		.byte	0
 1901 0750 00       		.byte	0
 1902 0751 08       		.byte	8
 1903 0752 00       		.byte	0
 1904 0753 00       		.byte	0
 1905 0754 0F       		.byte	15
 1906 0755 00       		.byte	0
 1907 0756 00       		.byte	0
 1908 0757 08       		.byte	8
 1909 0758 0C       		.byte	12
 1910 0759 10       		.byte	16
 1911 075a 03       		.byte	3
 1912 075b 00       		.byte	0
 1913 075c 03       		.byte	3
 1914 075d 00       		.byte	0
 1915 075e 0C       		.byte	12
 1916 075f 40       		.byte	64
 1917 0760 03       		.byte	3
 1918 0761 38       		.byte	56
 1919 0762 00       		.byte	0
 1920 0763 05       		.byte	5
 1921 0764 0F       		.byte	15
 1922 0765 30       		.byte	48
 1923 0766 00       		.byte	0
 1924 0767 00       		.byte	0
 1925 0768 01       		.byte	1
 1926 0769 38       		.byte	56
 1927 076a 00       		.byte	0
 1928 076b 03       		.byte	3
 1929 076c 00       		.byte	0
 1930 076d 20       		.byte	32
 1931 076e 03       		.byte	3
 1932 076f 00       		.byte	0
 1933 0770 08       		.byte	8
 1934 0771 0F       		.byte	15
 1935 0772 00       		.byte	0
 1936 0773 30       		.byte	48
 1937 0774 04       		.byte	4
 1938 0775 00       		.byte	0
ARM GAS  C:\Users\MODELA~1\AppData\Local\Temp\ccSpXYBd.s 			page 35


 1939 0776 00       		.byte	0
 1940 0777 40       		.byte	64
 1941 0778 0C       		.byte	12
 1942 0779 3F       		.byte	63
 1943 077a 00       		.byte	0
 1944 077b 00       		.byte	0
 1945 077c 02       		.byte	2
 1946 077d 00       		.byte	0
 1947 077e 00       		.byte	0
 1948 077f 06       		.byte	6
 1949 0780 00       		.byte	0
 1950 0781 00       		.byte	0
 1951 0782 00       		.byte	0
 1952 0783 3E       		.byte	62
 1953 0784 00       		.byte	0
 1954 0785 40       		.byte	64
 1955 0786 0F       		.byte	15
 1956 0787 01       		.byte	1
 1957 0788 00       		.byte	0
 1958 0789 80       		.byte	-128
 1959 078a 80       		.byte	-128
 1960 078b 08       		.byte	8
 1961 078c 00       		.byte	0
 1962 078d 00       		.byte	0
 1963 078e 00       		.byte	0
 1964 078f 10       		.byte	16
 1965 0790 54       		.byte	84
 1966 0791 03       		.byte	3
 1967 0792 06       		.byte	6
 1968 0793 00       		.byte	0
 1969 0794 01       		.byte	1
 1970 0795 0E       		.byte	14
 1971 0796 00       		.byte	0
 1972 0797 0C       		.byte	12
 1973 0798 11       		.byte	17
 1974 0799 FF       		.byte	-1
 1975 079a FF       		.byte	-1
 1976 079b FF       		.byte	-1
 1977 079c 62       		.byte	98
 1978 079d A0       		.byte	-96
 1979 079e F0       		.byte	-16
 1980 079f 41       		.byte	65
 1981 07a0 0C       		.byte	12
 1982 07a1 00       		.byte	0
 1983 07a2 00       		.byte	0
 1984 07a3 00       		.byte	0
 1985 07a4 18       		.byte	24
 1986 07a5 00       		.byte	0
 1987 07a6 00       		.byte	0
 1988 07a7 00       		.byte	0
 1989 07a8 04       		.byte	4
 1990 07a9 04       		.byte	4
 1991 07aa 04       		.byte	4
 1992 07ab 04       		.byte	4
 1993 07ac 11       		.byte	17
 1994 07ad 11       		.byte	17
 1995 07ae 00       		.byte	0
ARM GAS  C:\Users\MODELA~1\AppData\Local\Temp\ccSpXYBd.s 			page 36


 1996 07af 01       		.byte	1
 1997 07b0 00       		.byte	0
 1998 07b1 00       		.byte	0
 1999 07b2 00       		.byte	0
 2000 07b3 00       		.byte	0
 2001 07b4 00       		.byte	0
 2002 07b5 00       		.byte	0
 2003 07b6 40       		.byte	64
 2004 07b7 02       		.byte	2
 2005 07b8 00       		.byte	0
 2006 07b9 10       		.byte	16
 2007 07ba 30       		.byte	48
 2008 07bb 10       		.byte	16
 2009 07bc 00       		.byte	0
 2010 07bd 10       		.byte	16
 2011 07be 10       		.byte	16
 2012 07bf 12       		.byte	18
 2013 07c0 00       		.byte	0
 2014 07c1 00       		.byte	0
 2015 07c2 00       		.byte	0
 2016 07c3 00       		.byte	0
 2017 07c4 00       		.byte	0
 2018 07c5 00       		.byte	0
 2019 07c6 00       		.byte	0
 2020 07c7 00       		.byte	0
 2021 07c8 00       		.byte	0
 2022 07c9 00       		.byte	0
 2023 07ca 00       		.byte	0
 2024 07cb 00       		.byte	0
 2025 07cc 00       		.byte	0
 2026 07cd 00       		.byte	0
 2027 07ce 00       		.byte	0
 2028 07cf 00       		.byte	0
 2029 07d0 00       		.byte	0
 2030 07d1 02       		.byte	2
 2031 07d2 02       		.byte	2
 2032 07d3 00       		.byte	0
 2033 07d4 02       		.byte	2
 2034 07d5 00       		.byte	0
 2035 07d6 40       		.byte	64
 2036 07d7 00       		.byte	0
 2037 07d8 80       		.byte	-128
 2038 07d9 00       		.byte	0
 2039 07da 40       		.byte	64
 2040 07db 88       		.byte	-120
 2041 07dc 88       		.byte	-120
 2042 07dd 00       		.byte	0
 2043 07de 88       		.byte	-120
 2044 07df 00       		.byte	0
 2045 07e0 00       		.byte	0
 2046 07e1 00       		.byte	0
 2047 07e2 00       		.byte	0
 2048 07e3 00       		.byte	0
 2049 07e4 00       		.byte	0
 2050 07e5 0B       		.byte	11
 2051 07e6 0B       		.byte	11
 2052 07e7 00       		.byte	0
ARM GAS  C:\Users\MODELA~1\AppData\Local\Temp\ccSpXYBd.s 			page 37


 2053 07e8 00       		.byte	0
 2054 07e9 00       		.byte	0
 2055 07ea 00       		.byte	0
 2056 07eb 00       		.byte	0
 2057 07ec 04       		.byte	4
 2058 07ed 00       		.byte	0
 2059 07ee 00       		.byte	0
 2060 07ef 04       		.byte	4
 2061 07f0 00       		.byte	0
 2062 07f1 00       		.byte	0
 2063 07f2 00       		.byte	0
 2064 07f3 00       		.byte	0
 2065 07f4 00       		.byte	0
 2066 07f5 00       		.byte	0
 2067 07f6 00       		.byte	0
 2068 07f7 00       		.byte	0
 2069 07f8 00       		.byte	0
 2070 07f9 00       		.byte	0
 2071 07fa 00       		.byte	0
 2072 07fb 00       		.byte	0
 2073 07fc 00       		.byte	0
 2074 07fd 00       		.byte	0
 2075 07fe 40       		.byte	64
 2076 07ff 00       		.byte	0
 2077              		.section	.cywolatch,"a",%progbits
 2078              		.align	2
 2079              		.type	cy_meta_wonvl, %object
 2080              		.size	cy_meta_wonvl, 4
 2081              	cy_meta_wonvl:
 2082 0000 BC       		.byte	-68
 2083 0001 90       		.byte	-112
 2084 0002 AC       		.byte	-84
 2085 0003 AF       		.byte	-81
 2086              		.section	.cycustnvl,"a",%progbits
 2087              		.align	2
 2088              		.type	cy_meta_custnvl, %object
 2089              		.size	cy_meta_custnvl, 4
 2090              	cy_meta_custnvl:
 2091 0000 00       		.byte	0
 2092 0001 00       		.byte	0
 2093 0002 40       		.byte	64
 2094 0003 05       		.byte	5
 2095              		.section	.cymeta,"a",%progbits
 2096              		.align	2
 2097              		.type	cy_metadata, %object
 2098              		.size	cy_metadata, 12
 2099              	cy_metadata:
 2100 0000 00       		.byte	0
 2101 0001 01       		.byte	1
 2102 0002 2E       		.byte	46
 2103 0003 16       		.byte	22
 2104 0004 10       		.byte	16
 2105 0005 69       		.byte	105
 2106 0006 00       		.byte	0
 2107 0007 01       		.byte	1
 2108 0008 00       		.byte	0
 2109 0009 00       		.byte	0
ARM GAS  C:\Users\MODELA~1\AppData\Local\Temp\ccSpXYBd.s 			page 38


 2110 000a 00       		.byte	0
 2111 000b 00       		.byte	0
 2112              		.section	.cyflashprotect,"a",%progbits
 2113              		.align	2
 2114              		.type	cy_meta_flashprotect, %object
 2115              		.size	cy_meta_flashprotect, 256
 2116              	cy_meta_flashprotect:
 2117 0000 00000000 		.space	256
 2117      00000000 
 2117      00000000 
 2117      00000000 
 2117      00000000 
 2118              		.text
 2119              	.Letext0:
 2120              		.file 1 "c:\\program files (x86)\\cypress\\psoc creator\\4.3\\psoc creator\\import\\gnu\\arm\\5.4.
 2121              		.file 2 "c:\\program files (x86)\\cypress\\psoc creator\\4.3\\psoc creator\\import\\gnu\\arm\\5.4.
 2122              		.file 3 "Generated_Source\\PSoC5\\cymetadata.c"
 2123              		.section	.debug_info,"",%progbits
 2124              	.Ldebug_info0:
 2125 0000 35010000 		.4byte	0x135
 2126 0004 0400     		.2byte	0x4
 2127 0006 00000000 		.4byte	.Ldebug_abbrev0
 2128 000a 04       		.byte	0x4
 2129 000b 01       		.uleb128 0x1
 2130 000c 24000000 		.4byte	.LASF17
 2131 0010 0C       		.byte	0xc
 2132 0011 C6010000 		.4byte	.LASF18
 2133 0015 F9000000 		.4byte	.LASF19
 2134 0019 00000000 		.4byte	.Ldebug_line0
 2135 001d 02       		.uleb128 0x2
 2136 001e 01       		.byte	0x1
 2137 001f 06       		.byte	0x6
 2138 0020 BA010000 		.4byte	.LASF0
 2139 0024 03       		.uleb128 0x3
 2140 0025 00000000 		.4byte	.LASF9
 2141 0029 01       		.byte	0x1
 2142 002a 1D       		.byte	0x1d
 2143 002b 2F000000 		.4byte	0x2f
 2144 002f 02       		.uleb128 0x2
 2145 0030 01       		.byte	0x1
 2146 0031 08       		.byte	0x8
 2147 0032 16000000 		.4byte	.LASF1
 2148 0036 02       		.uleb128 0x2
 2149 0037 02       		.byte	0x2
 2150 0038 05       		.byte	0x5
 2151 0039 A7010000 		.4byte	.LASF2
 2152 003d 02       		.uleb128 0x2
 2153 003e 02       		.byte	0x2
 2154 003f 07       		.byte	0x7
 2155 0040 C4000000 		.4byte	.LASF3
 2156 0044 02       		.uleb128 0x2
 2157 0045 04       		.byte	0x4
 2158 0046 05       		.byte	0x5
 2159 0047 B1010000 		.4byte	.LASF4
 2160 004b 02       		.uleb128 0x2
 2161 004c 04       		.byte	0x4
 2162 004d 07       		.byte	0x7
ARM GAS  C:\Users\MODELA~1\AppData\Local\Temp\ccSpXYBd.s 			page 39


 2163 004e B2000000 		.4byte	.LASF5
 2164 0052 02       		.uleb128 0x2
 2165 0053 08       		.byte	0x8
 2166 0054 05       		.byte	0x5
 2167 0055 99010000 		.4byte	.LASF6
 2168 0059 02       		.uleb128 0x2
 2169 005a 08       		.byte	0x8
 2170 005b 07       		.byte	0x7
 2171 005c 4E010000 		.4byte	.LASF7
 2172 0060 04       		.uleb128 0x4
 2173 0061 04       		.byte	0x4
 2174 0062 05       		.byte	0x5
 2175 0063 696E7400 		.ascii	"int\000"
 2176 0067 02       		.uleb128 0x2
 2177 0068 04       		.byte	0x4
 2178 0069 07       		.byte	0x7
 2179 006a 41010000 		.4byte	.LASF8
 2180 006e 03       		.uleb128 0x3
 2181 006f 65010000 		.4byte	.LASF10
 2182 0073 02       		.byte	0x2
 2183 0074 18       		.byte	0x18
 2184 0075 24000000 		.4byte	0x24
 2185 0079 05       		.uleb128 0x5
 2186 007a 91000000 		.4byte	0x91
 2187 007e 8A000000 		.4byte	0x8a
 2188 0082 06       		.uleb128 0x6
 2189 0083 8A000000 		.4byte	0x8a
 2190 0087 FF07     		.2byte	0x7ff
 2191 0089 00       		.byte	0
 2192 008a 02       		.uleb128 0x2
 2193 008b 04       		.byte	0x4
 2194 008c 07       		.byte	0x7
 2195 008d 90010000 		.4byte	.LASF11
 2196 0091 07       		.uleb128 0x7
 2197 0092 6E000000 		.4byte	0x6e
 2198 0096 08       		.uleb128 0x8
 2199 0097 E7000000 		.4byte	.LASF12
 2200 009b 03       		.byte	0x3
 2201 009c 1F       		.byte	0x1f
 2202 009d A7000000 		.4byte	0xa7
 2203 00a1 05       		.uleb128 0x5
 2204 00a2 03       		.byte	0x3
 2205 00a3 00000000 		.4byte	cy_meta_configecc
 2206 00a7 07       		.uleb128 0x7
 2207 00a8 79000000 		.4byte	0x79
 2208 00ac 05       		.uleb128 0x5
 2209 00ad 91000000 		.4byte	0x91
 2210 00b1 BC000000 		.4byte	0xbc
 2211 00b5 09       		.uleb128 0x9
 2212 00b6 8A000000 		.4byte	0x8a
 2213 00ba 03       		.byte	0x3
 2214 00bb 00       		.byte	0
 2215 00bc 0A       		.uleb128 0xa
 2216 00bd D7000000 		.4byte	.LASF13
 2217 00c1 03       		.byte	0x3
 2218 00c2 2C01     		.2byte	0x12c
 2219 00c4 CE000000 		.4byte	0xce
ARM GAS  C:\Users\MODELA~1\AppData\Local\Temp\ccSpXYBd.s 			page 40


 2220 00c8 05       		.uleb128 0x5
 2221 00c9 03       		.byte	0x3
 2222 00ca 00000000 		.4byte	cy_meta_custnvl
 2223 00ce 07       		.uleb128 0x7
 2224 00cf AC000000 		.4byte	0xac
 2225 00d3 0A       		.uleb128 0xa
 2226 00d4 82010000 		.4byte	.LASF14
 2227 00d8 03       		.byte	0x3
 2228 00d9 3A01     		.2byte	0x13a
 2229 00db E5000000 		.4byte	0xe5
 2230 00df 05       		.uleb128 0x5
 2231 00e0 03       		.byte	0x3
 2232 00e1 00000000 		.4byte	cy_meta_wonvl
 2233 00e5 07       		.uleb128 0x7
 2234 00e6 AC000000 		.4byte	0xac
 2235 00ea 05       		.uleb128 0x5
 2236 00eb 91000000 		.4byte	0x91
 2237 00ef FA000000 		.4byte	0xfa
 2238 00f3 09       		.uleb128 0x9
 2239 00f4 8A000000 		.4byte	0x8a
 2240 00f8 FF       		.byte	0xff
 2241 00f9 00       		.byte	0
 2242 00fa 0A       		.uleb128 0xa
 2243 00fb 6D010000 		.4byte	.LASF15
 2244 00ff 03       		.byte	0x3
 2245 0100 4801     		.2byte	0x148
 2246 0102 0C010000 		.4byte	0x10c
 2247 0106 05       		.uleb128 0x5
 2248 0107 03       		.byte	0x3
 2249 0108 00000000 		.4byte	cy_meta_flashprotect
 2250 010c 07       		.uleb128 0x7
 2251 010d EA000000 		.4byte	0xea
 2252 0111 05       		.uleb128 0x5
 2253 0112 91000000 		.4byte	0x91
 2254 0116 21010000 		.4byte	0x121
 2255 011a 09       		.uleb128 0x9
 2256 011b 8A000000 		.4byte	0x8a
 2257 011f 0B       		.byte	0xb
 2258 0120 00       		.byte	0
 2259 0121 0A       		.uleb128 0xa
 2260 0122 0A000000 		.4byte	.LASF16
 2261 0126 03       		.byte	0x3
 2262 0127 7501     		.2byte	0x175
 2263 0129 33010000 		.4byte	0x133
 2264 012d 05       		.uleb128 0x5
 2265 012e 03       		.byte	0x3
 2266 012f 00000000 		.4byte	cy_metadata
 2267 0133 07       		.uleb128 0x7
 2268 0134 11010000 		.4byte	0x111
 2269 0138 00       		.byte	0
 2270              		.section	.debug_abbrev,"",%progbits
 2271              	.Ldebug_abbrev0:
 2272 0000 01       		.uleb128 0x1
 2273 0001 11       		.uleb128 0x11
 2274 0002 01       		.byte	0x1
 2275 0003 25       		.uleb128 0x25
 2276 0004 0E       		.uleb128 0xe
ARM GAS  C:\Users\MODELA~1\AppData\Local\Temp\ccSpXYBd.s 			page 41


 2277 0005 13       		.uleb128 0x13
 2278 0006 0B       		.uleb128 0xb
 2279 0007 03       		.uleb128 0x3
 2280 0008 0E       		.uleb128 0xe
 2281 0009 1B       		.uleb128 0x1b
 2282 000a 0E       		.uleb128 0xe
 2283 000b 10       		.uleb128 0x10
 2284 000c 17       		.uleb128 0x17
 2285 000d 00       		.byte	0
 2286 000e 00       		.byte	0
 2287 000f 02       		.uleb128 0x2
 2288 0010 24       		.uleb128 0x24
 2289 0011 00       		.byte	0
 2290 0012 0B       		.uleb128 0xb
 2291 0013 0B       		.uleb128 0xb
 2292 0014 3E       		.uleb128 0x3e
 2293 0015 0B       		.uleb128 0xb
 2294 0016 03       		.uleb128 0x3
 2295 0017 0E       		.uleb128 0xe
 2296 0018 00       		.byte	0
 2297 0019 00       		.byte	0
 2298 001a 03       		.uleb128 0x3
 2299 001b 16       		.uleb128 0x16
 2300 001c 00       		.byte	0
 2301 001d 03       		.uleb128 0x3
 2302 001e 0E       		.uleb128 0xe
 2303 001f 3A       		.uleb128 0x3a
 2304 0020 0B       		.uleb128 0xb
 2305 0021 3B       		.uleb128 0x3b
 2306 0022 0B       		.uleb128 0xb
 2307 0023 49       		.uleb128 0x49
 2308 0024 13       		.uleb128 0x13
 2309 0025 00       		.byte	0
 2310 0026 00       		.byte	0
 2311 0027 04       		.uleb128 0x4
 2312 0028 24       		.uleb128 0x24
 2313 0029 00       		.byte	0
 2314 002a 0B       		.uleb128 0xb
 2315 002b 0B       		.uleb128 0xb
 2316 002c 3E       		.uleb128 0x3e
 2317 002d 0B       		.uleb128 0xb
 2318 002e 03       		.uleb128 0x3
 2319 002f 08       		.uleb128 0x8
 2320 0030 00       		.byte	0
 2321 0031 00       		.byte	0
 2322 0032 05       		.uleb128 0x5
 2323 0033 01       		.uleb128 0x1
 2324 0034 01       		.byte	0x1
 2325 0035 49       		.uleb128 0x49
 2326 0036 13       		.uleb128 0x13
 2327 0037 01       		.uleb128 0x1
 2328 0038 13       		.uleb128 0x13
 2329 0039 00       		.byte	0
 2330 003a 00       		.byte	0
 2331 003b 06       		.uleb128 0x6
 2332 003c 21       		.uleb128 0x21
 2333 003d 00       		.byte	0
ARM GAS  C:\Users\MODELA~1\AppData\Local\Temp\ccSpXYBd.s 			page 42


 2334 003e 49       		.uleb128 0x49
 2335 003f 13       		.uleb128 0x13
 2336 0040 2F       		.uleb128 0x2f
 2337 0041 05       		.uleb128 0x5
 2338 0042 00       		.byte	0
 2339 0043 00       		.byte	0
 2340 0044 07       		.uleb128 0x7
 2341 0045 26       		.uleb128 0x26
 2342 0046 00       		.byte	0
 2343 0047 49       		.uleb128 0x49
 2344 0048 13       		.uleb128 0x13
 2345 0049 00       		.byte	0
 2346 004a 00       		.byte	0
 2347 004b 08       		.uleb128 0x8
 2348 004c 34       		.uleb128 0x34
 2349 004d 00       		.byte	0
 2350 004e 03       		.uleb128 0x3
 2351 004f 0E       		.uleb128 0xe
 2352 0050 3A       		.uleb128 0x3a
 2353 0051 0B       		.uleb128 0xb
 2354 0052 3B       		.uleb128 0x3b
 2355 0053 0B       		.uleb128 0xb
 2356 0054 49       		.uleb128 0x49
 2357 0055 13       		.uleb128 0x13
 2358 0056 3F       		.uleb128 0x3f
 2359 0057 19       		.uleb128 0x19
 2360 0058 02       		.uleb128 0x2
 2361 0059 18       		.uleb128 0x18
 2362 005a 00       		.byte	0
 2363 005b 00       		.byte	0
 2364 005c 09       		.uleb128 0x9
 2365 005d 21       		.uleb128 0x21
 2366 005e 00       		.byte	0
 2367 005f 49       		.uleb128 0x49
 2368 0060 13       		.uleb128 0x13
 2369 0061 2F       		.uleb128 0x2f
 2370 0062 0B       		.uleb128 0xb
 2371 0063 00       		.byte	0
 2372 0064 00       		.byte	0
 2373 0065 0A       		.uleb128 0xa
 2374 0066 34       		.uleb128 0x34
 2375 0067 00       		.byte	0
 2376 0068 03       		.uleb128 0x3
 2377 0069 0E       		.uleb128 0xe
 2378 006a 3A       		.uleb128 0x3a
 2379 006b 0B       		.uleb128 0xb
 2380 006c 3B       		.uleb128 0x3b
 2381 006d 05       		.uleb128 0x5
 2382 006e 49       		.uleb128 0x49
 2383 006f 13       		.uleb128 0x13
 2384 0070 3F       		.uleb128 0x3f
 2385 0071 19       		.uleb128 0x19
 2386 0072 02       		.uleb128 0x2
 2387 0073 18       		.uleb128 0x18
 2388 0074 00       		.byte	0
 2389 0075 00       		.byte	0
 2390 0076 00       		.byte	0
ARM GAS  C:\Users\MODELA~1\AppData\Local\Temp\ccSpXYBd.s 			page 43


 2391              		.section	.debug_aranges,"",%progbits
 2392 0000 14000000 		.4byte	0x14
 2393 0004 0200     		.2byte	0x2
 2394 0006 00000000 		.4byte	.Ldebug_info0
 2395 000a 04       		.byte	0x4
 2396 000b 00       		.byte	0
 2397 000c 0000     		.2byte	0
 2398 000e 0000     		.2byte	0
 2399 0010 00000000 		.4byte	0
 2400 0014 00000000 		.4byte	0
 2401              		.section	.debug_line,"",%progbits
 2402              	.Ldebug_line0:
 2403 0000 3D010000 		.section	.debug_str,"MS",%progbits,1
 2403      02003701 
 2403      00000201 
 2403      FB0E0D00 
 2403      01010101 
 2404              	.LASF9:
 2405 0000 5F5F7569 		.ascii	"__uint8_t\000"
 2405      6E74385F 
 2405      7400
 2406              	.LASF16:
 2407 000a 63795F6D 		.ascii	"cy_metadata\000"
 2407      65746164 
 2407      61746100 
 2408              	.LASF1:
 2409 0016 756E7369 		.ascii	"unsigned char\000"
 2409      676E6564 
 2409      20636861 
 2409      7200
 2410              	.LASF17:
 2411 0024 474E5520 		.ascii	"GNU C11 5.4.1 20160609 (release) [ARM/embedded-5-br"
 2411      43313120 
 2411      352E342E 
 2411      31203230 
 2411      31363036 
 2412 0057 616E6368 		.ascii	"anch revision 237715] -mcpu=cortex-m3 -mthumb -g -O"
 2412      20726576 
 2412      6973696F 
 2412      6E203233 
 2412      37373135 
 2413 008a 67202D66 		.ascii	"g -ffunction-sections -ffat-lto-objects\000"
 2413      66756E63 
 2413      74696F6E 
 2413      2D736563 
 2413      74696F6E 
 2414              	.LASF5:
 2415 00b2 6C6F6E67 		.ascii	"long unsigned int\000"
 2415      20756E73 
 2415      69676E65 
 2415      6420696E 
 2415      7400
 2416              	.LASF3:
 2417 00c4 73686F72 		.ascii	"short unsigned int\000"
 2417      7420756E 
 2417      7369676E 
 2417      65642069 
ARM GAS  C:\Users\MODELA~1\AppData\Local\Temp\ccSpXYBd.s 			page 44


 2417      6E7400
 2418              	.LASF13:
 2419 00d7 63795F6D 		.ascii	"cy_meta_custnvl\000"
 2419      6574615F 
 2419      63757374 
 2419      6E766C00 
 2420              	.LASF12:
 2421 00e7 63795F6D 		.ascii	"cy_meta_configecc\000"
 2421      6574615F 
 2421      636F6E66 
 2421      69676563 
 2421      6300
 2422              	.LASF19:
 2423 00f9 433A5C4C 		.ascii	"C:\\LAB\\Coding\\Python\\Trigger\\Psoc_creator_proj"
 2423      41425C43 
 2423      6F64696E 
 2423      675C5079 
 2423      74686F6E 
 2424 0127 65637420 		.ascii	"ect _Debugg\\Trigger.cydsn\000"
 2424      5F446562 
 2424      7567675C 
 2424      54726967 
 2424      6765722E 
 2425              	.LASF8:
 2426 0141 756E7369 		.ascii	"unsigned int\000"
 2426      676E6564 
 2426      20696E74 
 2426      00
 2427              	.LASF7:
 2428 014e 6C6F6E67 		.ascii	"long long unsigned int\000"
 2428      206C6F6E 
 2428      6720756E 
 2428      7369676E 
 2428      65642069 
 2429              	.LASF10:
 2430 0165 75696E74 		.ascii	"uint8_t\000"
 2430      385F7400 
 2431              	.LASF15:
 2432 016d 63795F6D 		.ascii	"cy_meta_flashprotect\000"
 2432      6574615F 
 2432      666C6173 
 2432      6870726F 
 2432      74656374 
 2433              	.LASF14:
 2434 0182 63795F6D 		.ascii	"cy_meta_wonvl\000"
 2434      6574615F 
 2434      776F6E76 
 2434      6C00
 2435              	.LASF11:
 2436 0190 73697A65 		.ascii	"sizetype\000"
 2436      74797065 
 2436      00
 2437              	.LASF6:
 2438 0199 6C6F6E67 		.ascii	"long long int\000"
 2438      206C6F6E 
 2438      6720696E 
 2438      7400
ARM GAS  C:\Users\MODELA~1\AppData\Local\Temp\ccSpXYBd.s 			page 45


 2439              	.LASF2:
 2440 01a7 73686F72 		.ascii	"short int\000"
 2440      7420696E 
 2440      7400
 2441              	.LASF4:
 2442 01b1 6C6F6E67 		.ascii	"long int\000"
 2442      20696E74 
 2442      00
 2443              	.LASF0:
 2444 01ba 7369676E 		.ascii	"signed char\000"
 2444      65642063 
 2444      68617200 
 2445              	.LASF18:
 2446 01c6 47656E65 		.ascii	"Generated_Source\\PSoC5\\cymetadata.c\000"
 2446      72617465 
 2446      645F536F 
 2446      75726365 
 2446      5C50536F 
 2447              		.ident	"GCC: (GNU Tools for ARM Embedded Processors) 5.4.1 20160609 (release) [ARM/embedded-5-bran
