ARM GAS  C:\Users\MODELA~1\AppData\Local\Temp\cck7ZRfK.s 			page 1


   1              		.syntax unified
   2              		.cpu cortex-m3
   3              		.fpu softvfp
   4              		.eabi_attribute 20, 1
   5              		.eabi_attribute 21, 1
   6              		.eabi_attribute 23, 3
   7              		.eabi_attribute 24, 1
   8              		.eabi_attribute 25, 1
   9              		.eabi_attribute 26, 1
  10              		.eabi_attribute 30, 1
  11              		.eabi_attribute 34, 1
  12              		.eabi_attribute 18, 4
  13              		.thumb
  14              		.syntax unified
  15              		.file	"main.c"
  16              		.text
  17              	.Ltext0:
  18              		.cfi_sections	.debug_frame
  19              		.section	.text.INT_TIMER,"ax",%progbits
  20              		.align	2
  21              		.global	INT_TIMER
  22              		.thumb
  23              		.thumb_func
  24              		.type	INT_TIMER, %function
  25              	INT_TIMER:
  26              	.LFB66:
  27              		.file 1 "main.c"
   1:main.c        **** /* ========================================
   2:main.c        ****  *
   3:main.c        ****  * Copyright YOUR COMPANY, THE YEAR
   4:main.c        ****  * All Rights Reserved
   5:main.c        ****  * UNPUBLISHED, LICENSED SOFTWARE.
   6:main.c        ****  *
   7:main.c        ****  * CONFIDENTIAL AND PROPRIETARY INFORMATION
   8:main.c        ****  * WHICH IS THE PROPERTY OF your company.
   9:main.c        ****  *
  10:main.c        ****  * ========================================
  11:main.c        **** */
  12:main.c        **** #include "project.h"
  13:main.c        **** #include <stdio.h>
  14:main.c        **** 
  15:main.c        **** uint count = 0;
  16:main.c        **** char str[30] = "\0";
  17:main.c        **** char str1[30];
  18:main.c        **** int counter=0;
  19:main.c        **** int state = 0;
  20:main.c        **** uint new_count = 0;
  21:main.c        **** int comp = 0;
  22:main.c        **** uint16 buff_size = 0;
  23:main.c        **** uint8 rx = 0;
  24:main.c        **** 
  25:main.c        **** int time_count = 0;
  26:main.c        **** int last_time_count = 0;
  27:main.c        **** int time_current_counter = 0;
  28:main.c        **** int time = 0;
  29:main.c        **** float frequency = 0;
  30:main.c        **** 
ARM GAS  C:\Users\MODELA~1\AppData\Local\Temp\cck7ZRfK.s 			page 2


  31:main.c        **** int result = 1;
  32:main.c        **** int resultID = 1;
  33:main.c        **** int resultFreq = 1;
  34:main.c        **** 
  35:main.c        **** CY_ISR(INT_COUNTER){
  36:main.c        ****     UART_PutString("Interrupt Triggered \n \r"); 
  37:main.c        ****     state = count_out_Read();
  38:main.c        ****     sprintf(str1,"%i\n\r",state);
  39:main.c        ****     UART_PutString(str1);  
  40:main.c        **** }
  41:main.c        **** 
  42:main.c        **** CY_ISR(INT_SW){
  43:main.c        ****     last_time_count = time_count;
  44:main.c        ****     time_current_counter = Timer_ReadCounter();
  45:main.c        ****     time = (1 * last_time_count) +  (time_current_counter*1/24);
  46:main.c        ****     //sprintf(str1,"%i\n\r",time);
  47:main.c        ****     //UART_PutString(str1);
  48:main.c        ****     
  49:main.c        ****     frequency = (freqcounter_ReadCounter() ) / ((float)time * 0.000001);
  50:main.c        ****     //sprintf(str1,"%f\n\r",frequency);
  51:main.c        ****     //UART_PutString(str1);
  52:main.c        ****     
  53:main.c        ****     freqcounter_WriteCounter(0);
  54:main.c        ****     time_count = 0;        
  55:main.c        **** }
  56:main.c        **** 
  57:main.c        **** CY_ISR(INT_TIMER){
  28              		.loc 1 57 0
  29              		.cfi_startproc
  30              		@ args = 0, pretend = 0, frame = 0
  31              		@ frame_needed = 0, uses_anonymous_args = 0
  32              		@ link register save eliminated.
  58:main.c        ****     time_count = time_count + 1;
  33              		.loc 1 58 0
  34 0000 024A     		ldr	r2, .L2
  35 0002 1368     		ldr	r3, [r2]
  36 0004 0133     		adds	r3, r3, #1
  37 0006 1360     		str	r3, [r2]
  38 0008 7047     		bx	lr
  39              	.L3:
  40 000a 00BF     		.align	2
  41              	.L2:
  42 000c 00000000 		.word	.LANCHOR0
  43              		.cfi_endproc
  44              	.LFE66:
  45              		.size	INT_TIMER, .-INT_TIMER
  46              		.global	__aeabi_i2f
  47              		.global	__aeabi_f2d
  48              		.global	__aeabi_dmul
  49              		.global	__aeabi_ui2d
  50              		.global	__aeabi_ddiv
  51              		.global	__aeabi_d2f
  52              		.section	.text.INT_SW,"ax",%progbits
  53              		.align	2
  54              		.global	INT_SW
  55              		.thumb
  56              		.thumb_func
ARM GAS  C:\Users\MODELA~1\AppData\Local\Temp\cck7ZRfK.s 			page 3


  57              		.type	INT_SW, %function
  58              	INT_SW:
  59              	.LFB65:
  42:main.c        ****     last_time_count = time_count;
  60              		.loc 1 42 0
  61              		.cfi_startproc
  62              		@ args = 0, pretend = 0, frame = 0
  63              		@ frame_needed = 0, uses_anonymous_args = 0
  64 0000 F8B5     		push	{r3, r4, r5, r6, r7, lr}
  65              		.cfi_def_cfa_offset 24
  66              		.cfi_offset 3, -24
  67              		.cfi_offset 4, -20
  68              		.cfi_offset 5, -16
  69              		.cfi_offset 6, -12
  70              		.cfi_offset 7, -8
  71              		.cfi_offset 14, -4
  43:main.c        ****     time_current_counter = Timer_ReadCounter();
  72              		.loc 1 43 0
  73 0002 194C     		ldr	r4, .L6+8
  74 0004 2368     		ldr	r3, [r4]
  75 0006 6360     		str	r3, [r4, #4]
  44:main.c        ****     time = (1 * last_time_count) +  (time_current_counter*1/24);
  76              		.loc 1 44 0
  77 0008 FFF7FEFF 		bl	Timer_ReadCounter
  78              	.LVL0:
  79 000c A060     		str	r0, [r4, #8]
  45:main.c        ****     //sprintf(str1,"%i\n\r",time);
  80              		.loc 1 45 0
  81 000e 174B     		ldr	r3, .L6+12
  82 0010 83FB0023 		smull	r2, r3, r3, r0
  83 0014 C017     		asrs	r0, r0, #31
  84 0016 C0EBA300 		rsb	r0, r0, r3, asr #2
  85 001a 6368     		ldr	r3, [r4, #4]
  86 001c 1844     		add	r0, r0, r3
  87 001e E060     		str	r0, [r4, #12]
  49:main.c        ****     //sprintf(str1,"%f\n\r",frequency);
  88              		.loc 1 49 0
  89 0020 FFF7FEFF 		bl	freqcounter_ReadCounter
  90              	.LVL1:
  91 0024 0546     		mov	r5, r0
  92 0026 E068     		ldr	r0, [r4, #12]
  93 0028 FFF7FEFF 		bl	__aeabi_i2f
  94              	.LVL2:
  95 002c FFF7FEFF 		bl	__aeabi_f2d
  96              	.LVL3:
  97 0030 0BA3     		adr	r3, .L6
  98 0032 D3E90023 		ldrd	r2, [r3]
  99 0036 FFF7FEFF 		bl	__aeabi_dmul
 100              	.LVL4:
 101 003a 0646     		mov	r6, r0
 102 003c 0F46     		mov	r7, r1
 103 003e 2846     		mov	r0, r5
 104 0040 FFF7FEFF 		bl	__aeabi_ui2d
 105              	.LVL5:
 106 0044 3246     		mov	r2, r6
 107 0046 3B46     		mov	r3, r7
 108 0048 FFF7FEFF 		bl	__aeabi_ddiv
ARM GAS  C:\Users\MODELA~1\AppData\Local\Temp\cck7ZRfK.s 			page 4


 109              	.LVL6:
 110 004c FFF7FEFF 		bl	__aeabi_d2f
 111              	.LVL7:
 112 0050 2061     		str	r0, [r4, #16]	@ float
  53:main.c        ****     time_count = 0;        
 113              		.loc 1 53 0
 114 0052 0020     		movs	r0, #0
 115 0054 FFF7FEFF 		bl	freqcounter_WriteCounter
 116              	.LVL8:
  54:main.c        **** }
 117              		.loc 1 54 0
 118 0058 0023     		movs	r3, #0
 119 005a 2360     		str	r3, [r4]
 120 005c F8BD     		pop	{r3, r4, r5, r6, r7, pc}
 121              	.L7:
 122 005e 00BF     		.align	3
 123              	.L6:
 124 0060 8DEDB5A0 		.word	-1598689907
 125 0064 F7C6B03E 		.word	1051772663
 126 0068 00000000 		.word	.LANCHOR0
 127 006c ABAAAA2A 		.word	715827883
 128              		.cfi_endproc
 129              	.LFE65:
 130              		.size	INT_SW, .-INT_SW
 131              		.section	.text.INT_COUNTER,"ax",%progbits
 132              		.align	2
 133              		.global	INT_COUNTER
 134              		.thumb
 135              		.thumb_func
 136              		.type	INT_COUNTER, %function
 137              	INT_COUNTER:
 138              	.LFB64:
  35:main.c        ****     UART_PutString("Interrupt Triggered \n \r"); 
 139              		.loc 1 35 0
 140              		.cfi_startproc
 141              		@ args = 0, pretend = 0, frame = 0
 142              		@ frame_needed = 0, uses_anonymous_args = 0
 143 0000 10B5     		push	{r4, lr}
 144              		.cfi_def_cfa_offset 8
 145              		.cfi_offset 4, -8
 146              		.cfi_offset 14, -4
  36:main.c        ****     state = count_out_Read();
 147              		.loc 1 36 0
 148 0002 0848     		ldr	r0, .L10
 149 0004 FFF7FEFF 		bl	UART_PutString
 150              	.LVL9:
  37:main.c        ****     sprintf(str1,"%i\n\r",state);
 151              		.loc 1 37 0
 152 0008 FFF7FEFF 		bl	count_out_Read
 153              	.LVL10:
 154 000c 0246     		mov	r2, r0
 155 000e 064B     		ldr	r3, .L10+4
 156 0010 5861     		str	r0, [r3, #20]
  38:main.c        ****     UART_PutString(str1);  
 157              		.loc 1 38 0
 158 0012 064C     		ldr	r4, .L10+8
 159 0014 0649     		ldr	r1, .L10+12
ARM GAS  C:\Users\MODELA~1\AppData\Local\Temp\cck7ZRfK.s 			page 5


 160 0016 2046     		mov	r0, r4
 161 0018 FFF7FEFF 		bl	sprintf
 162              	.LVL11:
  39:main.c        **** }
 163              		.loc 1 39 0
 164 001c 2046     		mov	r0, r4
 165 001e FFF7FEFF 		bl	UART_PutString
 166              	.LVL12:
 167 0022 10BD     		pop	{r4, pc}
 168              	.L11:
 169              		.align	2
 170              	.L10:
 171 0024 00000000 		.word	.LC0
 172 0028 00000000 		.word	.LANCHOR0
 173 002c 00000000 		.word	str1
 174 0030 18000000 		.word	.LC1
 175              		.cfi_endproc
 176              	.LFE64:
 177              		.size	INT_COUNTER, .-INT_COUNTER
 178              		.section	.text.main,"ax",%progbits
 179              		.align	2
 180              		.global	main
 181              		.thumb
 182              		.thumb_func
 183              		.type	main, %function
 184              	main:
 185              	.LFB67:
  59:main.c        **** }
  60:main.c        **** 
  61:main.c        **** int main(void)
  62:main.c        **** {   
 186              		.loc 1 62 0
 187              		.cfi_startproc
 188              		@ Volatile: function does not return.
 189              		@ args = 0, pretend = 0, frame = 0
 190              		@ frame_needed = 0, uses_anonymous_args = 0
 191 0000 80B5     		push	{r7, lr}
 192              		.cfi_def_cfa_offset 8
 193              		.cfi_offset 7, -8
 194              		.cfi_offset 14, -4
  63:main.c        ****     CyGlobalIntEnable; /* Enable global interrupts. */
 195              		.loc 1 63 0
 196              		.syntax unified
 197              	@ 63 "main.c" 1
 198 0002 62B6     		CPSIE   i
 199              	@ 0 "" 2
  64:main.c        ****     
  65:main.c        ****     Comp_Start(); //Comparator Start  
 200              		.loc 1 65 0
 201              		.thumb
 202              		.syntax unified
 203 0004 FFF7FEFF 		bl	Comp_Start
 204              	.LVL13:
  66:main.c        ****     Counter_Start();// Counter Start
 205              		.loc 1 66 0
 206 0008 FFF7FEFF 		bl	Counter_Start
 207              	.LVL14:
ARM GAS  C:\Users\MODELA~1\AppData\Local\Temp\cck7ZRfK.s 			page 6


  67:main.c        ****     PWM_Start();
 208              		.loc 1 67 0
 209 000c FFF7FEFF 		bl	PWM_Start
 210              	.LVL15:
  68:main.c        ****     Timer_Start();
 211              		.loc 1 68 0
 212 0010 FFF7FEFF 		bl	Timer_Start
 213              	.LVL16:
  69:main.c        ****     freqcounter_Start();
 214              		.loc 1 69 0
 215 0014 FFF7FEFF 		bl	freqcounter_Start
 216              	.LVL17:
  70:main.c        **** 
  71:main.c        ****     
  72:main.c        ****     //Debugging Interruptions
  73:main.c        ****     
  74:main.c        ****     /* //Disable Interruptions
  75:main.c        ****     isr_count_Start();
  76:main.c        ****     isr_count_StartEx(INT_COUNTER);
  77:main.c        ****     
  78:main.c        ****     isr_sw_Start();
  79:main.c        ****     isr_sw_StartEx(INT_SW);
  80:main.c        ****    */  
  81:main.c        ****     isr_timer_Start();
 217              		.loc 1 81 0
 218 0018 FFF7FEFF 		bl	isr_timer_Start
 219              	.LVL18:
  82:main.c        ****     isr_timer_StartEx(INT_TIMER);
 220              		.loc 1 82 0
 221 001c 5C48     		ldr	r0, .L27
 222 001e FFF7FEFF 		bl	isr_timer_StartEx
 223              	.LVL19:
  83:main.c        ****     
  84:main.c        ****     isr_sw_Start();
 224              		.loc 1 84 0
 225 0022 FFF7FEFF 		bl	isr_sw_Start
 226              	.LVL20:
  85:main.c        ****     isr_sw_StartEx(INT_SW);
 227              		.loc 1 85 0
 228 0026 5B48     		ldr	r0, .L27+4
 229 0028 FFF7FEFF 		bl	isr_sw_StartEx
 230              	.LVL21:
  86:main.c        ****     
  87:main.c        ****     //Serial communication by UART
  88:main.c        ****     UART_Start();
 231              		.loc 1 88 0
 232 002c FFF7FEFF 		bl	UART_Start
 233              	.LVL22:
  89:main.c        ****     UART_PutChar(12);
 234              		.loc 1 89 0
 235 0030 0C20     		movs	r0, #12
 236 0032 FFF7FEFF 		bl	UART_PutChar
 237              	.LVL23:
  90:main.c        ****     UART_PutString("Trigger assambled \n\r");
 238              		.loc 1 90 0
 239 0036 5848     		ldr	r0, .L27+8
 240 0038 FFF7FEFF 		bl	UART_PutString
ARM GAS  C:\Users\MODELA~1\AppData\Local\Temp\cck7ZRfK.s 			page 7


 241              	.LVL24:
  91:main.c        ****     
  92:main.c        ****     //Set Counter (default configuration)
  93:main.c        ****     count = 5; //Input Signal fre / count = Output signal freq
 242              		.loc 1 93 0
 243 003c 574C     		ldr	r4, .L27+12
 244 003e 0520     		movs	r0, #5
 245 0040 A061     		str	r0, [r4, #24]
  94:main.c        ****     Counter_WritePeriod(count);
 246              		.loc 1 94 0
 247 0042 FFF7FEFF 		bl	Counter_WritePeriod
 248              	.LVL25:
  95:main.c        ****     Counter_WriteCompare( (count/2) - 1); //Dividing by two = 50% duty cycle of the output signal
 249              		.loc 1 95 0
 250 0046 A069     		ldr	r0, [r4, #24]
 251 0048 4008     		lsrs	r0, r0, #1
 252 004a 0138     		subs	r0, r0, #1
 253 004c 80B2     		uxth	r0, r0
 254 004e FFF7FEFF 		bl	Counter_WriteCompare
 255              	.LVL26:
 256              	.L22:
  96:main.c        ****     
  97:main.c        ****     for(;;)
  98:main.c        ****     {   
  99:main.c        ****         if (UART_GetRxBufferSize()!=0 && sw_Read()==1){    
 257              		.loc 1 99 0
 258 0052 FFF7FEFF 		bl	UART_GetRxBufferSize
 259              	.LVL27:
 260 0056 0028     		cmp	r0, #0
 261 0058 00F08480 		beq	.L13
 262              		.loc 1 99 0 is_stmt 0 discriminator 1
 263 005c FFF7FEFF 		bl	sw_Read
 264              	.LVL28:
 265 0060 0128     		cmp	r0, #1
 266 0062 7FD1     		bne	.L13
 100:main.c        ****             rx = UART_GetChar();
 267              		.loc 1 100 0 is_stmt 1
 268 0064 FFF7FEFF 		bl	UART_GetChar
 269              	.LVL29:
 270 0068 4C4B     		ldr	r3, .L27+12
 271 006a 1877     		strb	r0, [r3, #28]
 101:main.c        ****             if (rx == '\n'){
 272              		.loc 1 101 0
 273 006c 0A28     		cmp	r0, #10
 274 006e 72D1     		bne	.L14
 102:main.c        ****                 sscanf(str,"%i",&new_count);
 275              		.loc 1 102 0
 276 0070 1D46     		mov	r5, r3
 277 0072 03F12404 		add	r4, r3, #36
 278 0076 03F12002 		add	r2, r3, #32
 279 007a 4949     		ldr	r1, .L27+16
 280 007c 2046     		mov	r0, r4
 281 007e FFF7FEFF 		bl	sscanf
 282              	.LVL30:
 103:main.c        ****                 result = strcmp(str, "\rfreq"); //check for freq pull
 283              		.loc 1 103 0
 284 0082 4849     		ldr	r1, .L27+20
ARM GAS  C:\Users\MODELA~1\AppData\Local\Temp\cck7ZRfK.s 			page 8


 285 0084 2046     		mov	r0, r4
 286 0086 FFF7FEFF 		bl	strcmp
 287              	.LVL31:
 288 008a 0746     		mov	r7, r0
 289 008c 464E     		ldr	r6, .L27+24
 290 008e 3060     		str	r0, [r6]
 104:main.c        ****                 resultID =  strcmp(str, "\r*IDN?");
 291              		.loc 1 104 0
 292 0090 4649     		ldr	r1, .L27+28
 293 0092 2046     		mov	r0, r4
 294 0094 FFF7FEFF 		bl	strcmp
 295              	.LVL32:
 296 0098 8046     		mov	r8, r0
 297 009a 7060     		str	r0, [r6, #4]
 105:main.c        ****                 resultFreq =  strcmp(str, "\rfreq_int");
 298              		.loc 1 105 0
 299 009c 4449     		ldr	r1, .L27+32
 300 009e 2046     		mov	r0, r4
 301 00a0 FFF7FEFF 		bl	strcmp
 302              	.LVL33:
 303 00a4 B060     		str	r0, [r6, #8]
 106:main.c        ****                 if(new_count>0 && new_count<9999999){
 304              		.loc 1 106 0
 305 00a6 2A6A     		ldr	r2, [r5, #32]
 306 00a8 511E     		subs	r1, r2, #1
 307 00aa 424B     		ldr	r3, .L27+36
 308 00ac 9942     		cmp	r1, r3
 309 00ae 1DD8     		bhi	.L15
 107:main.c        ****                     sprintf(str,"Count changed to: %i\n\r",new_count);         
 310              		.loc 1 107 0
 311 00b0 2C46     		mov	r4, r5
 312 00b2 2435     		adds	r5, r5, #36
 313 00b4 4049     		ldr	r1, .L27+40
 314 00b6 2846     		mov	r0, r5
 315 00b8 FFF7FEFF 		bl	sprintf
 316              	.LVL34:
 108:main.c        ****                     UART_PutString(str);
 317              		.loc 1 108 0
 318 00bc 2846     		mov	r0, r5
 319 00be FFF7FEFF 		bl	UART_PutString
 320              	.LVL35:
 109:main.c        ****                     count = new_count; //Input Signal fre / count = Output signal freq
 321              		.loc 1 109 0
 322 00c2 206A     		ldr	r0, [r4, #32]
 323 00c4 A061     		str	r0, [r4, #24]
 110:main.c        ****                     Counter_WritePeriod(count);
 324              		.loc 1 110 0
 325 00c6 80B2     		uxth	r0, r0
 326 00c8 FFF7FEFF 		bl	Counter_WritePeriod
 327              	.LVL36:
 111:main.c        ****                     if (new_count == 1){
 328              		.loc 1 111 0
 329 00cc 236A     		ldr	r3, [r4, #32]
 330 00ce 012B     		cmp	r3, #1
 331 00d0 02D1     		bne	.L16
 112:main.c        ****                         comp = 0;
 332              		.loc 1 112 0
ARM GAS  C:\Users\MODELA~1\AppData\Local\Temp\cck7ZRfK.s 			page 9


 333 00d2 0022     		movs	r2, #0
 334 00d4 6264     		str	r2, [r4, #68]
 335 00d6 03E0     		b	.L17
 336              	.L16:
 113:main.c        ****                     }else{comp = new_count/2 - 1;
 337              		.loc 1 113 0
 338 00d8 5B08     		lsrs	r3, r3, #1
 339 00da 013B     		subs	r3, r3, #1
 340 00dc 2F4A     		ldr	r2, .L27+12
 341 00de 5364     		str	r3, [r2, #68]
 342              	.L17:
 114:main.c        ****                     }
 115:main.c        ****                     Counter_WriteCompare(comp); //Dividing by two = 50% duty cycle of the output si
 343              		.loc 1 115 0
 344 00e0 2E4B     		ldr	r3, .L27+12
 345 00e2 B3F84400 		ldrh	r0, [r3, #68]
 346 00e6 FFF7FEFF 		bl	Counter_WriteCompare
 347              	.LVL37:
 348 00ea 29E0     		b	.L18
 349              	.L15:
 116:main.c        ****                     }
 117:main.c        ****                 else if(result == 0){
 350              		.loc 1 117 0
 351 00ec 77B9     		cbnz	r7, .L19
 118:main.c        ****                     sprintf(str,"Frequency of the trigger signal: %f Hz \n\r",frequency);         
 352              		.loc 1 118 0
 353 00ee 2B4C     		ldr	r4, .L27+12
 354 00f0 2069     		ldr	r0, [r4, #16]	@ float
 355 00f2 FFF7FEFF 		bl	__aeabi_f2d
 356              	.LVL38:
 357 00f6 2434     		adds	r4, r4, #36
 358 00f8 0246     		mov	r2, r0
 359 00fa 0B46     		mov	r3, r1
 360 00fc 2F49     		ldr	r1, .L27+44
 361 00fe 2046     		mov	r0, r4
 362 0100 FFF7FEFF 		bl	sprintf
 363              	.LVL39:
 119:main.c        ****                     UART_PutString(str);
 364              		.loc 1 119 0
 365 0104 2046     		mov	r0, r4
 366 0106 FFF7FEFF 		bl	UART_PutString
 367              	.LVL40:
 368 010a 19E0     		b	.L18
 369              	.L19:
 120:main.c        ****                 } else if(resultID == 0){  
 370              		.loc 1 120 0
 371 010c B8F1000F 		cmp	r8, #0
 372 0110 03D1     		bne	.L20
 121:main.c        ****                     UART_PutString("PSOC 5LP Trigger; LastVersion:25/02/2020 \n\r");
 373              		.loc 1 121 0
 374 0112 2B48     		ldr	r0, .L27+48
 375 0114 FFF7FEFF 		bl	UART_PutString
 376              	.LVL41:
 377 0118 12E0     		b	.L18
 378              	.L20:
 122:main.c        ****                 }else if(resultFreq == 0){
 379              		.loc 1 122 0
ARM GAS  C:\Users\MODELA~1\AppData\Local\Temp\cck7ZRfK.s 			page 10


 380 011a 70B9     		cbnz	r0, .L21
 123:main.c        ****                     sprintf(str,"%f\n\r",frequency);         
 381              		.loc 1 123 0
 382 011c 1F4C     		ldr	r4, .L27+12
 383 011e 2069     		ldr	r0, [r4, #16]	@ float
 384 0120 FFF7FEFF 		bl	__aeabi_f2d
 385              	.LVL42:
 386 0124 2434     		adds	r4, r4, #36
 387 0126 0246     		mov	r2, r0
 388 0128 0B46     		mov	r3, r1
 389 012a 2649     		ldr	r1, .L27+52
 390 012c 2046     		mov	r0, r4
 391 012e FFF7FEFF 		bl	sprintf
 392              	.LVL43:
 124:main.c        ****                     UART_PutString(str);
 393              		.loc 1 124 0
 394 0132 2046     		mov	r0, r4
 395 0134 FFF7FEFF 		bl	UART_PutString
 396              	.LVL44:
 397 0138 02E0     		b	.L18
 398              	.L21:
 125:main.c        ****                 }else{  
 126:main.c        ****                  
 127:main.c        ****                     //UART_PutString(str);
 128:main.c        ****                         UART_PutString("No valid value\r\n");         
 399              		.loc 1 128 0
 400 013a 2348     		ldr	r0, .L27+56
 401 013c FFF7FEFF 		bl	UART_PutString
 402              	.LVL45:
 403              	.L18:
 129:main.c        ****                     }
 130:main.c        ****                 memset(str,0,sizeof(str));//clean string
 404              		.loc 1 130 0
 405 0140 164C     		ldr	r4, .L27+12
 406 0142 1E22     		movs	r2, #30
 407 0144 0021     		movs	r1, #0
 408 0146 04F12400 		add	r0, r4, #36
 409 014a FFF7FEFF 		bl	memset
 410              	.LVL46:
 131:main.c        ****                 state = 0;
 411              		.loc 1 131 0
 412 014e 0023     		movs	r3, #0
 413 0150 6361     		str	r3, [r4, #20]
 132:main.c        ****                 new_count = 0;
 414              		.loc 1 132 0
 415 0152 2362     		str	r3, [r4, #32]
 416 0154 06E0     		b	.L13
 417              	.L14:
 133:main.c        ****             }else{
 134:main.c        ****                 str[state] = rx;
 418              		.loc 1 134 0
 419 0156 114A     		ldr	r2, .L27+12
 420 0158 5369     		ldr	r3, [r2, #20]
 421 015a D118     		adds	r1, r2, r3
 422 015c 81F82400 		strb	r0, [r1, #36]
 135:main.c        ****                 state = state+1;
 423              		.loc 1 135 0
ARM GAS  C:\Users\MODELA~1\AppData\Local\Temp\cck7ZRfK.s 			page 11


 424 0160 0133     		adds	r3, r3, #1
 425 0162 5361     		str	r3, [r2, #20]
 426              	.L13:
 136:main.c        ****             }
 137:main.c        ****         }
 138:main.c        ****         if (UART_GetRxBufferSize()!=0 && sw_Read()==0){
 427              		.loc 1 138 0
 428 0164 FFF7FEFF 		bl	UART_GetRxBufferSize
 429              	.LVL47:
 430 0168 0028     		cmp	r0, #0
 431 016a 3FF472AF 		beq	.L22
 432              		.loc 1 138 0 is_stmt 0 discriminator 1
 433 016e FFF7FEFF 		bl	sw_Read
 434              	.LVL48:
 435 0172 0028     		cmp	r0, #0
 436 0174 7FF46DAF 		bne	.L22
 139:main.c        ****             rx = UART_GetChar();
 437              		.loc 1 139 0 is_stmt 1
 438 0178 FFF7FEFF 		bl	UART_GetChar
 439              	.LVL49:
 440 017c 074B     		ldr	r3, .L27+12
 441 017e 1877     		strb	r0, [r3, #28]
 140:main.c        ****             if (rx == '\n'){ 
 442              		.loc 1 140 0
 443 0180 0A28     		cmp	r0, #10
 444 0182 02D1     		bne	.L24
 141:main.c        ****                 UART_PutString("Wait until the laser sweep ends\r\n");               
 445              		.loc 1 141 0
 446 0184 1148     		ldr	r0, .L27+60
 447 0186 FFF7FEFF 		bl	UART_PutString
 448              	.LVL50:
 449              	.L24:
 142:main.c        ****             }
 143:main.c        ****             UART_ClearRxBuffer();//Clear buffer to avoid problems
 450              		.loc 1 143 0
 451 018a FFF7FEFF 		bl	UART_ClearRxBuffer
 452              	.LVL51:
 453 018e 60E7     		b	.L22
 454              	.L28:
 455              		.align	2
 456              	.L27:
 457 0190 00000000 		.word	INT_TIMER
 458 0194 00000000 		.word	INT_SW
 459 0198 20000000 		.word	.LC2
 460 019c 00000000 		.word	.LANCHOR0
 461 01a0 38000000 		.word	.LC3
 462 01a4 3C000000 		.word	.LC4
 463 01a8 00000000 		.word	.LANCHOR1
 464 01ac 44000000 		.word	.LC5
 465 01b0 4C000000 		.word	.LC6
 466 01b4 7D969800 		.word	9999997
 467 01b8 58000000 		.word	.LC7
 468 01bc 70000000 		.word	.LC8
 469 01c0 9C000000 		.word	.LC9
 470 01c4 C8000000 		.word	.LC10
 471 01c8 D0000000 		.word	.LC11
 472 01cc E4000000 		.word	.LC12
ARM GAS  C:\Users\MODELA~1\AppData\Local\Temp\cck7ZRfK.s 			page 12


 473              		.cfi_endproc
 474              	.LFE67:
 475              		.size	main, .-main
 476              		.global	resultFreq
 477              		.global	resultID
 478              		.global	result
 479              		.global	frequency
 480              		.global	time
 481              		.global	time_current_counter
 482              		.global	last_time_count
 483              		.global	time_count
 484              		.global	rx
 485              		.global	buff_size
 486              		.global	comp
 487              		.global	new_count
 488              		.global	state
 489              		.global	counter
 490              		.comm	str1,30,4
 491              		.global	str
 492              		.global	count
 493              		.data
 494              		.align	2
 495              		.set	.LANCHOR1,. + 0
 496              		.type	result, %object
 497              		.size	result, 4
 498              	result:
 499 0000 01000000 		.word	1
 500              		.type	resultID, %object
 501              		.size	resultID, 4
 502              	resultID:
 503 0004 01000000 		.word	1
 504              		.type	resultFreq, %object
 505              		.size	resultFreq, 4
 506              	resultFreq:
 507 0008 01000000 		.word	1
 508              		.section	.rodata.str1.4,"aMS",%progbits,1
 509              		.align	2
 510              	.LC0:
 511 0000 496E7465 		.ascii	"Interrupt Triggered \012 \015\000"
 511      72727570 
 511      74205472 
 511      69676765 
 511      72656420 
 512              	.LC1:
 513 0018 25690A0D 		.ascii	"%i\012\015\000"
 513      00
 514 001d 000000   		.space	3
 515              	.LC2:
 516 0020 54726967 		.ascii	"Trigger assambled \012\015\000"
 516      67657220 
 516      61737361 
 516      6D626C65 
 516      64200A0D 
 517 0035 000000   		.space	3
 518              	.LC3:
 519 0038 256900   		.ascii	"%i\000"
 520 003b 00       		.space	1
ARM GAS  C:\Users\MODELA~1\AppData\Local\Temp\cck7ZRfK.s 			page 13


 521              	.LC4:
 522 003c 0D667265 		.ascii	"\015freq\000"
 522      7100
 523 0042 0000     		.space	2
 524              	.LC5:
 525 0044 0D2A4944 		.ascii	"\015*IDN?\000"
 525      4E3F00
 526 004b 00       		.space	1
 527              	.LC6:
 528 004c 0D667265 		.ascii	"\015freq_int\000"
 528      715F696E 
 528      7400
 529 0056 0000     		.space	2
 530              	.LC7:
 531 0058 436F756E 		.ascii	"Count changed to: %i\012\015\000"
 531      74206368 
 531      616E6765 
 531      6420746F 
 531      3A202569 
 532 006f 00       		.space	1
 533              	.LC8:
 534 0070 46726571 		.ascii	"Frequency of the trigger signal: %f Hz \012\015\000"
 534      75656E63 
 534      79206F66 
 534      20746865 
 534      20747269 
 535 009a 0000     		.space	2
 536              	.LC9:
 537 009c 50534F43 		.ascii	"PSOC 5LP Trigger; LastVersion:25/02/2020 \012\015\000"
 537      20354C50 
 537      20547269 
 537      67676572 
 537      3B204C61 
 538              	.LC10:
 539 00c8 25660A0D 		.ascii	"%f\012\015\000"
 539      00
 540 00cd 000000   		.space	3
 541              	.LC11:
 542 00d0 4E6F2076 		.ascii	"No valid value\015\012\000"
 542      616C6964 
 542      2076616C 
 542      75650D0A 
 542      00
 543 00e1 000000   		.space	3
 544              	.LC12:
 545 00e4 57616974 		.ascii	"Wait until the laser sweep ends\015\012\000"
 545      20756E74 
 545      696C2074 
 545      6865206C 
 545      61736572 
 546              		.bss
 547              		.align	2
 548              		.set	.LANCHOR0,. + 0
 549              		.type	time_count, %object
 550              		.size	time_count, 4
 551              	time_count:
 552 0000 00000000 		.space	4
ARM GAS  C:\Users\MODELA~1\AppData\Local\Temp\cck7ZRfK.s 			page 14


 553              		.type	last_time_count, %object
 554              		.size	last_time_count, 4
 555              	last_time_count:
 556 0004 00000000 		.space	4
 557              		.type	time_current_counter, %object
 558              		.size	time_current_counter, 4
 559              	time_current_counter:
 560 0008 00000000 		.space	4
 561              		.type	time, %object
 562              		.size	time, 4
 563              	time:
 564 000c 00000000 		.space	4
 565              		.type	frequency, %object
 566              		.size	frequency, 4
 567              	frequency:
 568 0010 00000000 		.space	4
 569              		.type	state, %object
 570              		.size	state, 4
 571              	state:
 572 0014 00000000 		.space	4
 573              		.type	count, %object
 574              		.size	count, 4
 575              	count:
 576 0018 00000000 		.space	4
 577              		.type	rx, %object
 578              		.size	rx, 1
 579              	rx:
 580 001c 00       		.space	1
 581 001d 000000   		.space	3
 582              		.type	new_count, %object
 583              		.size	new_count, 4
 584              	new_count:
 585 0020 00000000 		.space	4
 586              		.type	str, %object
 587              		.size	str, 30
 588              	str:
 589 0024 00000000 		.space	30
 589      00000000 
 589      00000000 
 589      00000000 
 589      00000000 
 590 0042 0000     		.space	2
 591              		.type	comp, %object
 592              		.size	comp, 4
 593              	comp:
 594 0044 00000000 		.space	4
 595              		.type	buff_size, %object
 596              		.size	buff_size, 2
 597              	buff_size:
 598 0048 0000     		.space	2
 599 004a 0000     		.space	2
 600              		.type	counter, %object
 601              		.size	counter, 4
 602              	counter:
 603 004c 00000000 		.space	4
 604              		.text
 605              	.Letext0:
ARM GAS  C:\Users\MODELA~1\AppData\Local\Temp\cck7ZRfK.s 			page 15


 606              		.file 2 "c:\\program files (x86)\\cypress\\psoc creator\\4.3\\psoc creator\\import\\gnu\\arm\\5.4.
 607              		.file 3 "c:\\program files (x86)\\cypress\\psoc creator\\4.3\\psoc creator\\import\\gnu\\arm\\5.4.
 608              		.file 4 "Generated_Source\\PSoC5/cytypes.h"
 609              		.file 5 "c:\\program files (x86)\\cypress\\psoc creator\\4.3\\psoc creator\\import\\gnu\\arm\\5.4.
 610              		.file 6 "Generated_Source\\PSoC5/core_cm3.h"
 611              		.file 7 "Generated_Source\\PSoC5/Timer.h"
 612              		.file 8 "Generated_Source\\PSoC5/freqcounter.h"
 613              		.file 9 "Generated_Source\\PSoC5/UART.h"
 614              		.file 10 "Generated_Source\\PSoC5/count_out.h"
 615              		.file 11 "c:\\program files (x86)\\cypress\\psoc creator\\4.3\\psoc creator\\import\\gnu\\arm\\5.4
 616              		.file 12 "Generated_Source\\PSoC5/Comp.h"
 617              		.file 13 "Generated_Source\\PSoC5/Counter.h"
 618              		.file 14 "Generated_Source\\PSoC5/PWM.h"
 619              		.file 15 "Generated_Source\\PSoC5/isr_timer.h"
 620              		.file 16 "Generated_Source\\PSoC5/isr_sw.h"
 621              		.file 17 "Generated_Source\\PSoC5/sw.h"
 622              		.file 18 "c:\\program files (x86)\\cypress\\psoc creator\\4.3\\psoc creator\\import\\gnu\\arm\\5.4
 623              		.section	.debug_info,"",%progbits
 624              	.Ldebug_info0:
 625 0000 63060000 		.4byte	0x663
 626 0004 0400     		.2byte	0x4
 627 0006 00000000 		.4byte	.Ldebug_abbrev0
 628 000a 04       		.byte	0x4
 629 000b 01       		.uleb128 0x1
 630 000c 0F030000 		.4byte	.LASF62
 631 0010 0C       		.byte	0xc
 632 0011 75020000 		.4byte	.LASF63
 633 0015 9D010000 		.4byte	.LASF64
 634 0019 00000000 		.4byte	.Ldebug_ranges0+0
 635 001d 00000000 		.4byte	0
 636 0021 00000000 		.4byte	.Ldebug_line0
 637 0025 02       		.uleb128 0x2
 638 0026 01       		.byte	0x1
 639 0027 06       		.byte	0x6
 640 0028 50010000 		.4byte	.LASF0
 641 002c 02       		.uleb128 0x2
 642 002d 01       		.byte	0x1
 643 002e 08       		.byte	0x8
 644 002f 1E010000 		.4byte	.LASF1
 645 0033 02       		.uleb128 0x2
 646 0034 02       		.byte	0x2
 647 0035 05       		.byte	0x5
 648 0036 39000000 		.4byte	.LASF2
 649 003a 02       		.uleb128 0x2
 650 003b 02       		.byte	0x2
 651 003c 07       		.byte	0x7
 652 003d FA010000 		.4byte	.LASF3
 653 0041 03       		.uleb128 0x3
 654 0042 BC020000 		.4byte	.LASF9
 655 0046 02       		.byte	0x2
 656 0047 3F       		.byte	0x3f
 657 0048 4C000000 		.4byte	0x4c
 658 004c 02       		.uleb128 0x2
 659 004d 04       		.byte	0x4
 660 004e 05       		.byte	0x5
 661 004f E7000000 		.4byte	.LASF4
 662 0053 02       		.uleb128 0x2
ARM GAS  C:\Users\MODELA~1\AppData\Local\Temp\cck7ZRfK.s 			page 16


 663 0054 04       		.byte	0x4
 664 0055 07       		.byte	0x7
 665 0056 7C020000 		.4byte	.LASF5
 666 005a 02       		.uleb128 0x2
 667 005b 08       		.byte	0x8
 668 005c 05       		.byte	0x5
 669 005d AE000000 		.4byte	.LASF6
 670 0061 02       		.uleb128 0x2
 671 0062 08       		.byte	0x8
 672 0063 07       		.byte	0x7
 673 0064 5C010000 		.4byte	.LASF7
 674 0068 04       		.uleb128 0x4
 675 0069 04       		.byte	0x4
 676 006a 05       		.byte	0x5
 677 006b 696E7400 		.ascii	"int\000"
 678 006f 02       		.uleb128 0x2
 679 0070 04       		.byte	0x4
 680 0071 07       		.byte	0x7
 681 0072 7E010000 		.4byte	.LASF8
 682 0076 03       		.uleb128 0x3
 683 0077 2F020000 		.4byte	.LASF10
 684 007b 03       		.byte	0x3
 685 007c 2C       		.byte	0x2c
 686 007d 41000000 		.4byte	0x41
 687 0081 05       		.uleb128 0x5
 688 0082 9A000000 		.4byte	.LASF11
 689 0086 04       		.byte	0x4
 690 0087 E401     		.2byte	0x1e4
 691 0089 2C000000 		.4byte	0x2c
 692 008d 05       		.uleb128 0x5
 693 008e 93000000 		.4byte	.LASF12
 694 0092 04       		.byte	0x4
 695 0093 E501     		.2byte	0x1e5
 696 0095 3A000000 		.4byte	0x3a
 697 0099 02       		.uleb128 0x2
 698 009a 04       		.byte	0x4
 699 009b 04       		.byte	0x4
 700 009c A8000000 		.4byte	.LASF13
 701 00a0 02       		.uleb128 0x2
 702 00a1 08       		.byte	0x8
 703 00a2 04       		.byte	0x4
 704 00a3 8E020000 		.4byte	.LASF14
 705 00a7 02       		.uleb128 0x2
 706 00a8 01       		.byte	0x1
 707 00a9 08       		.byte	0x8
 708 00aa 0D020000 		.4byte	.LASF15
 709 00ae 02       		.uleb128 0x2
 710 00af 08       		.byte	0x8
 711 00b0 04       		.byte	0x4
 712 00b1 07010000 		.4byte	.LASF16
 713 00b5 02       		.uleb128 0x2
 714 00b6 04       		.byte	0x4
 715 00b7 07       		.byte	0x7
 716 00b8 D7020000 		.4byte	.LASF17
 717 00bc 03       		.uleb128 0x3
 718 00bd 60000000 		.4byte	.LASF18
 719 00c1 05       		.byte	0x5
ARM GAS  C:\Users\MODELA~1\AppData\Local\Temp\cck7ZRfK.s 			page 17


 720 00c2 6C       		.byte	0x6c
 721 00c3 6F000000 		.4byte	0x6f
 722 00c7 06       		.uleb128 0x6
 723 00c8 46020000 		.4byte	.LASF65
 724 00cc 01       		.byte	0x1
 725 00cd 39       		.byte	0x39
 726 00ce 00000000 		.4byte	.LFB66
 727 00d2 10000000 		.4byte	.LFE66-.LFB66
 728 00d6 01       		.uleb128 0x1
 729 00d7 9C       		.byte	0x9c
 730 00d8 07       		.uleb128 0x7
 731 00d9 2C010000 		.4byte	.LASF19
 732 00dd 01       		.byte	0x1
 733 00de 2A       		.byte	0x2a
 734 00df 00000000 		.4byte	.LFB65
 735 00e3 70000000 		.4byte	.LFE65-.LFB65
 736 00e7 01       		.uleb128 0x1
 737 00e8 9C       		.byte	0x9c
 738 00e9 0F010000 		.4byte	0x10f
 739 00ed 08       		.uleb128 0x8
 740 00ee 0C000000 		.4byte	.LVL0
 741 00f2 4A050000 		.4byte	0x54a
 742 00f6 08       		.uleb128 0x8
 743 00f7 24000000 		.4byte	.LVL1
 744 00fb 55050000 		.4byte	0x555
 745 00ff 09       		.uleb128 0x9
 746 0100 58000000 		.4byte	.LVL8
 747 0104 60050000 		.4byte	0x560
 748 0108 0A       		.uleb128 0xa
 749 0109 01       		.uleb128 0x1
 750 010a 50       		.byte	0x50
 751 010b 01       		.uleb128 0x1
 752 010c 30       		.byte	0x30
 753 010d 00       		.byte	0
 754 010e 00       		.byte	0
 755 010f 0B       		.uleb128 0xb
 756 0110 FB000000 		.4byte	.LASF20
 757 0114 01       		.byte	0x1
 758 0115 23       		.byte	0x23
 759 0116 00000000 		.4byte	.LFB64
 760 011a 34000000 		.4byte	.LFE64-.LFB64
 761 011e 01       		.uleb128 0x1
 762 011f 9C       		.byte	0x9c
 763 0120 72010000 		.4byte	0x172
 764 0124 0C       		.uleb128 0xc
 765 0125 08000000 		.4byte	.LVL9
 766 0129 6B050000 		.4byte	0x56b
 767 012d 3B010000 		.4byte	0x13b
 768 0131 0A       		.uleb128 0xa
 769 0132 01       		.uleb128 0x1
 770 0133 50       		.byte	0x50
 771 0134 05       		.uleb128 0x5
 772 0135 03       		.byte	0x3
 773 0136 00000000 		.4byte	.LC0
 774 013a 00       		.byte	0
 775 013b 08       		.uleb128 0x8
 776 013c 0C000000 		.4byte	.LVL10
ARM GAS  C:\Users\MODELA~1\AppData\Local\Temp\cck7ZRfK.s 			page 18


 777 0140 76050000 		.4byte	0x576
 778 0144 0C       		.uleb128 0xc
 779 0145 1C000000 		.4byte	.LVL11
 780 0149 81050000 		.4byte	0x581
 781 014d 61010000 		.4byte	0x161
 782 0151 0A       		.uleb128 0xa
 783 0152 01       		.uleb128 0x1
 784 0153 50       		.byte	0x50
 785 0154 02       		.uleb128 0x2
 786 0155 74       		.byte	0x74
 787 0156 00       		.sleb128 0
 788 0157 0A       		.uleb128 0xa
 789 0158 01       		.uleb128 0x1
 790 0159 51       		.byte	0x51
 791 015a 05       		.uleb128 0x5
 792 015b 03       		.byte	0x3
 793 015c 18000000 		.4byte	.LC1
 794 0160 00       		.byte	0
 795 0161 09       		.uleb128 0x9
 796 0162 22000000 		.4byte	.LVL12
 797 0166 6B050000 		.4byte	0x56b
 798 016a 0A       		.uleb128 0xa
 799 016b 01       		.uleb128 0x1
 800 016c 50       		.byte	0x50
 801 016d 02       		.uleb128 0x2
 802 016e 74       		.byte	0x74
 803 016f 00       		.sleb128 0
 804 0170 00       		.byte	0
 805 0171 00       		.byte	0
 806 0172 0D       		.uleb128 0xd
 807 0173 5B000000 		.4byte	.LASF66
 808 0177 01       		.byte	0x1
 809 0178 3D       		.byte	0x3d
 810 0179 68000000 		.4byte	0x68
 811 017d 00000000 		.4byte	.LFB67
 812 0181 D0010000 		.4byte	.LFE67-.LFB67
 813 0185 01       		.uleb128 0x1
 814 0186 9C       		.byte	0x9c
 815 0187 09040000 		.4byte	0x409
 816 018b 08       		.uleb128 0x8
 817 018c 08000000 		.4byte	.LVL13
 818 0190 8C050000 		.4byte	0x58c
 819 0194 08       		.uleb128 0x8
 820 0195 0C000000 		.4byte	.LVL14
 821 0199 97050000 		.4byte	0x597
 822 019d 08       		.uleb128 0x8
 823 019e 10000000 		.4byte	.LVL15
 824 01a2 A2050000 		.4byte	0x5a2
 825 01a6 08       		.uleb128 0x8
 826 01a7 14000000 		.4byte	.LVL16
 827 01ab AD050000 		.4byte	0x5ad
 828 01af 08       		.uleb128 0x8
 829 01b0 18000000 		.4byte	.LVL17
 830 01b4 B8050000 		.4byte	0x5b8
 831 01b8 08       		.uleb128 0x8
 832 01b9 1C000000 		.4byte	.LVL18
 833 01bd C3050000 		.4byte	0x5c3
ARM GAS  C:\Users\MODELA~1\AppData\Local\Temp\cck7ZRfK.s 			page 19


 834 01c1 0C       		.uleb128 0xc
 835 01c2 22000000 		.4byte	.LVL19
 836 01c6 CE050000 		.4byte	0x5ce
 837 01ca D8010000 		.4byte	0x1d8
 838 01ce 0A       		.uleb128 0xa
 839 01cf 01       		.uleb128 0x1
 840 01d0 50       		.byte	0x50
 841 01d1 05       		.uleb128 0x5
 842 01d2 03       		.byte	0x3
 843 01d3 00000000 		.4byte	INT_TIMER
 844 01d7 00       		.byte	0
 845 01d8 08       		.uleb128 0x8
 846 01d9 26000000 		.4byte	.LVL20
 847 01dd D9050000 		.4byte	0x5d9
 848 01e1 0C       		.uleb128 0xc
 849 01e2 2C000000 		.4byte	.LVL21
 850 01e6 E4050000 		.4byte	0x5e4
 851 01ea F8010000 		.4byte	0x1f8
 852 01ee 0A       		.uleb128 0xa
 853 01ef 01       		.uleb128 0x1
 854 01f0 50       		.byte	0x50
 855 01f1 05       		.uleb128 0x5
 856 01f2 03       		.byte	0x3
 857 01f3 00000000 		.4byte	INT_SW
 858 01f7 00       		.byte	0
 859 01f8 08       		.uleb128 0x8
 860 01f9 30000000 		.4byte	.LVL22
 861 01fd EF050000 		.4byte	0x5ef
 862 0201 0C       		.uleb128 0xc
 863 0202 36000000 		.4byte	.LVL23
 864 0206 FA050000 		.4byte	0x5fa
 865 020a 14020000 		.4byte	0x214
 866 020e 0A       		.uleb128 0xa
 867 020f 01       		.uleb128 0x1
 868 0210 50       		.byte	0x50
 869 0211 01       		.uleb128 0x1
 870 0212 3C       		.byte	0x3c
 871 0213 00       		.byte	0
 872 0214 0C       		.uleb128 0xc
 873 0215 3C000000 		.4byte	.LVL24
 874 0219 6B050000 		.4byte	0x56b
 875 021d 2B020000 		.4byte	0x22b
 876 0221 0A       		.uleb128 0xa
 877 0222 01       		.uleb128 0x1
 878 0223 50       		.byte	0x50
 879 0224 05       		.uleb128 0x5
 880 0225 03       		.byte	0x3
 881 0226 20000000 		.4byte	.LC2
 882 022a 00       		.byte	0
 883 022b 0C       		.uleb128 0xc
 884 022c 46000000 		.4byte	.LVL25
 885 0230 05060000 		.4byte	0x605
 886 0234 3E020000 		.4byte	0x23e
 887 0238 0A       		.uleb128 0xa
 888 0239 01       		.uleb128 0x1
 889 023a 50       		.byte	0x50
 890 023b 01       		.uleb128 0x1
ARM GAS  C:\Users\MODELA~1\AppData\Local\Temp\cck7ZRfK.s 			page 20


 891 023c 35       		.byte	0x35
 892 023d 00       		.byte	0
 893 023e 08       		.uleb128 0x8
 894 023f 52000000 		.4byte	.LVL26
 895 0243 10060000 		.4byte	0x610
 896 0247 08       		.uleb128 0x8
 897 0248 56000000 		.4byte	.LVL27
 898 024c 1B060000 		.4byte	0x61b
 899 0250 08       		.uleb128 0x8
 900 0251 60000000 		.4byte	.LVL28
 901 0255 26060000 		.4byte	0x626
 902 0259 08       		.uleb128 0x8
 903 025a 68000000 		.4byte	.LVL29
 904 025e 31060000 		.4byte	0x631
 905 0262 0C       		.uleb128 0xc
 906 0263 82000000 		.4byte	.LVL30
 907 0267 3C060000 		.4byte	0x63c
 908 026b 85020000 		.4byte	0x285
 909 026f 0A       		.uleb128 0xa
 910 0270 01       		.uleb128 0x1
 911 0271 50       		.byte	0x50
 912 0272 02       		.uleb128 0x2
 913 0273 74       		.byte	0x74
 914 0274 00       		.sleb128 0
 915 0275 0A       		.uleb128 0xa
 916 0276 01       		.uleb128 0x1
 917 0277 51       		.byte	0x51
 918 0278 05       		.uleb128 0x5
 919 0279 03       		.byte	0x3
 920 027a 38000000 		.4byte	.LC3
 921 027e 0A       		.uleb128 0xa
 922 027f 01       		.uleb128 0x1
 923 0280 52       		.byte	0x52
 924 0281 02       		.uleb128 0x2
 925 0282 75       		.byte	0x75
 926 0283 20       		.sleb128 32
 927 0284 00       		.byte	0
 928 0285 0C       		.uleb128 0xc
 929 0286 8A000000 		.4byte	.LVL31
 930 028a 47060000 		.4byte	0x647
 931 028e A2020000 		.4byte	0x2a2
 932 0292 0A       		.uleb128 0xa
 933 0293 01       		.uleb128 0x1
 934 0294 50       		.byte	0x50
 935 0295 02       		.uleb128 0x2
 936 0296 74       		.byte	0x74
 937 0297 00       		.sleb128 0
 938 0298 0A       		.uleb128 0xa
 939 0299 01       		.uleb128 0x1
 940 029a 51       		.byte	0x51
 941 029b 05       		.uleb128 0x5
 942 029c 03       		.byte	0x3
 943 029d 3C000000 		.4byte	.LC4
 944 02a1 00       		.byte	0
 945 02a2 0C       		.uleb128 0xc
 946 02a3 98000000 		.4byte	.LVL32
 947 02a7 47060000 		.4byte	0x647
ARM GAS  C:\Users\MODELA~1\AppData\Local\Temp\cck7ZRfK.s 			page 21


 948 02ab BF020000 		.4byte	0x2bf
 949 02af 0A       		.uleb128 0xa
 950 02b0 01       		.uleb128 0x1
 951 02b1 50       		.byte	0x50
 952 02b2 02       		.uleb128 0x2
 953 02b3 74       		.byte	0x74
 954 02b4 00       		.sleb128 0
 955 02b5 0A       		.uleb128 0xa
 956 02b6 01       		.uleb128 0x1
 957 02b7 51       		.byte	0x51
 958 02b8 05       		.uleb128 0x5
 959 02b9 03       		.byte	0x3
 960 02ba 44000000 		.4byte	.LC5
 961 02be 00       		.byte	0
 962 02bf 0C       		.uleb128 0xc
 963 02c0 A4000000 		.4byte	.LVL33
 964 02c4 47060000 		.4byte	0x647
 965 02c8 DC020000 		.4byte	0x2dc
 966 02cc 0A       		.uleb128 0xa
 967 02cd 01       		.uleb128 0x1
 968 02ce 50       		.byte	0x50
 969 02cf 02       		.uleb128 0x2
 970 02d0 74       		.byte	0x74
 971 02d1 00       		.sleb128 0
 972 02d2 0A       		.uleb128 0xa
 973 02d3 01       		.uleb128 0x1
 974 02d4 51       		.byte	0x51
 975 02d5 05       		.uleb128 0x5
 976 02d6 03       		.byte	0x3
 977 02d7 4C000000 		.4byte	.LC6
 978 02db 00       		.byte	0
 979 02dc 0C       		.uleb128 0xc
 980 02dd BC000000 		.4byte	.LVL34
 981 02e1 81050000 		.4byte	0x581
 982 02e5 F9020000 		.4byte	0x2f9
 983 02e9 0A       		.uleb128 0xa
 984 02ea 01       		.uleb128 0x1
 985 02eb 50       		.byte	0x50
 986 02ec 02       		.uleb128 0x2
 987 02ed 75       		.byte	0x75
 988 02ee 00       		.sleb128 0
 989 02ef 0A       		.uleb128 0xa
 990 02f0 01       		.uleb128 0x1
 991 02f1 51       		.byte	0x51
 992 02f2 05       		.uleb128 0x5
 993 02f3 03       		.byte	0x3
 994 02f4 58000000 		.4byte	.LC7
 995 02f8 00       		.byte	0
 996 02f9 0C       		.uleb128 0xc
 997 02fa C2000000 		.4byte	.LVL35
 998 02fe 6B050000 		.4byte	0x56b
 999 0302 0D030000 		.4byte	0x30d
 1000 0306 0A       		.uleb128 0xa
 1001 0307 01       		.uleb128 0x1
 1002 0308 50       		.byte	0x50
 1003 0309 02       		.uleb128 0x2
 1004 030a 75       		.byte	0x75
ARM GAS  C:\Users\MODELA~1\AppData\Local\Temp\cck7ZRfK.s 			page 22


 1005 030b 00       		.sleb128 0
 1006 030c 00       		.byte	0
 1007 030d 08       		.uleb128 0x8
 1008 030e CC000000 		.4byte	.LVL36
 1009 0312 05060000 		.4byte	0x605
 1010 0316 08       		.uleb128 0x8
 1011 0317 EA000000 		.4byte	.LVL37
 1012 031b 10060000 		.4byte	0x610
 1013 031f 0C       		.uleb128 0xc
 1014 0320 04010000 		.4byte	.LVL39
 1015 0324 81050000 		.4byte	0x581
 1016 0328 3C030000 		.4byte	0x33c
 1017 032c 0A       		.uleb128 0xa
 1018 032d 01       		.uleb128 0x1
 1019 032e 50       		.byte	0x50
 1020 032f 02       		.uleb128 0x2
 1021 0330 74       		.byte	0x74
 1022 0331 00       		.sleb128 0
 1023 0332 0A       		.uleb128 0xa
 1024 0333 01       		.uleb128 0x1
 1025 0334 51       		.byte	0x51
 1026 0335 05       		.uleb128 0x5
 1027 0336 03       		.byte	0x3
 1028 0337 70000000 		.4byte	.LC8
 1029 033b 00       		.byte	0
 1030 033c 0C       		.uleb128 0xc
 1031 033d 0A010000 		.4byte	.LVL40
 1032 0341 6B050000 		.4byte	0x56b
 1033 0345 50030000 		.4byte	0x350
 1034 0349 0A       		.uleb128 0xa
 1035 034a 01       		.uleb128 0x1
 1036 034b 50       		.byte	0x50
 1037 034c 02       		.uleb128 0x2
 1038 034d 74       		.byte	0x74
 1039 034e 00       		.sleb128 0
 1040 034f 00       		.byte	0
 1041 0350 0C       		.uleb128 0xc
 1042 0351 18010000 		.4byte	.LVL41
 1043 0355 6B050000 		.4byte	0x56b
 1044 0359 67030000 		.4byte	0x367
 1045 035d 0A       		.uleb128 0xa
 1046 035e 01       		.uleb128 0x1
 1047 035f 50       		.byte	0x50
 1048 0360 05       		.uleb128 0x5
 1049 0361 03       		.byte	0x3
 1050 0362 9C000000 		.4byte	.LC9
 1051 0366 00       		.byte	0
 1052 0367 0C       		.uleb128 0xc
 1053 0368 32010000 		.4byte	.LVL43
 1054 036c 81050000 		.4byte	0x581
 1055 0370 84030000 		.4byte	0x384
 1056 0374 0A       		.uleb128 0xa
 1057 0375 01       		.uleb128 0x1
 1058 0376 50       		.byte	0x50
 1059 0377 02       		.uleb128 0x2
 1060 0378 74       		.byte	0x74
 1061 0379 00       		.sleb128 0
ARM GAS  C:\Users\MODELA~1\AppData\Local\Temp\cck7ZRfK.s 			page 23


 1062 037a 0A       		.uleb128 0xa
 1063 037b 01       		.uleb128 0x1
 1064 037c 51       		.byte	0x51
 1065 037d 05       		.uleb128 0x5
 1066 037e 03       		.byte	0x3
 1067 037f C8000000 		.4byte	.LC10
 1068 0383 00       		.byte	0
 1069 0384 0C       		.uleb128 0xc
 1070 0385 38010000 		.4byte	.LVL44
 1071 0389 6B050000 		.4byte	0x56b
 1072 038d 98030000 		.4byte	0x398
 1073 0391 0A       		.uleb128 0xa
 1074 0392 01       		.uleb128 0x1
 1075 0393 50       		.byte	0x50
 1076 0394 02       		.uleb128 0x2
 1077 0395 74       		.byte	0x74
 1078 0396 00       		.sleb128 0
 1079 0397 00       		.byte	0
 1080 0398 0C       		.uleb128 0xc
 1081 0399 40010000 		.4byte	.LVL45
 1082 039d 6B050000 		.4byte	0x56b
 1083 03a1 AF030000 		.4byte	0x3af
 1084 03a5 0A       		.uleb128 0xa
 1085 03a6 01       		.uleb128 0x1
 1086 03a7 50       		.byte	0x50
 1087 03a8 05       		.uleb128 0x5
 1088 03a9 03       		.byte	0x3
 1089 03aa D0000000 		.4byte	.LC11
 1090 03ae 00       		.byte	0
 1091 03af 0C       		.uleb128 0xc
 1092 03b0 4E010000 		.4byte	.LVL46
 1093 03b4 52060000 		.4byte	0x652
 1094 03b8 CD030000 		.4byte	0x3cd
 1095 03bc 0A       		.uleb128 0xa
 1096 03bd 01       		.uleb128 0x1
 1097 03be 50       		.byte	0x50
 1098 03bf 02       		.uleb128 0x2
 1099 03c0 74       		.byte	0x74
 1100 03c1 24       		.sleb128 36
 1101 03c2 0A       		.uleb128 0xa
 1102 03c3 01       		.uleb128 0x1
 1103 03c4 51       		.byte	0x51
 1104 03c5 01       		.uleb128 0x1
 1105 03c6 30       		.byte	0x30
 1106 03c7 0A       		.uleb128 0xa
 1107 03c8 01       		.uleb128 0x1
 1108 03c9 52       		.byte	0x52
 1109 03ca 01       		.uleb128 0x1
 1110 03cb 4E       		.byte	0x4e
 1111 03cc 00       		.byte	0
 1112 03cd 08       		.uleb128 0x8
 1113 03ce 68010000 		.4byte	.LVL47
 1114 03d2 1B060000 		.4byte	0x61b
 1115 03d6 08       		.uleb128 0x8
 1116 03d7 72010000 		.4byte	.LVL48
 1117 03db 26060000 		.4byte	0x626
 1118 03df 08       		.uleb128 0x8
ARM GAS  C:\Users\MODELA~1\AppData\Local\Temp\cck7ZRfK.s 			page 24


 1119 03e0 7C010000 		.4byte	.LVL49
 1120 03e4 31060000 		.4byte	0x631
 1121 03e8 0C       		.uleb128 0xc
 1122 03e9 8A010000 		.4byte	.LVL50
 1123 03ed 6B050000 		.4byte	0x56b
 1124 03f1 FF030000 		.4byte	0x3ff
 1125 03f5 0A       		.uleb128 0xa
 1126 03f6 01       		.uleb128 0x1
 1127 03f7 50       		.byte	0x50
 1128 03f8 05       		.uleb128 0x5
 1129 03f9 03       		.byte	0x3
 1130 03fa E4000000 		.4byte	.LC12
 1131 03fe 00       		.byte	0
 1132 03ff 08       		.uleb128 0x8
 1133 0400 8E010000 		.4byte	.LVL51
 1134 0404 5B060000 		.4byte	0x65b
 1135 0408 00       		.byte	0
 1136 0409 0E       		.uleb128 0xe
 1137 040a A9020000 		.4byte	.LASF21
 1138 040e 06       		.byte	0x6
 1139 040f 1207     		.2byte	0x712
 1140 0411 15040000 		.4byte	0x415
 1141 0415 0F       		.uleb128 0xf
 1142 0416 76000000 		.4byte	0x76
 1143 041a 10       		.uleb128 0x10
 1144 041b B6020000 		.4byte	.LASF22
 1145 041f 01       		.byte	0x1
 1146 0420 0F       		.byte	0xf
 1147 0421 BC000000 		.4byte	0xbc
 1148 0425 05       		.uleb128 0x5
 1149 0426 03       		.byte	0x3
 1150 0427 00000000 		.4byte	count
 1151 042b 11       		.uleb128 0x11
 1152 042c A7000000 		.4byte	0xa7
 1153 0430 3B040000 		.4byte	0x43b
 1154 0434 12       		.uleb128 0x12
 1155 0435 B5000000 		.4byte	0xb5
 1156 0439 1D       		.byte	0x1d
 1157 043a 00       		.byte	0
 1158 043b 13       		.uleb128 0x13
 1159 043c 73747200 		.ascii	"str\000"
 1160 0440 01       		.byte	0x1
 1161 0441 10       		.byte	0x10
 1162 0442 2B040000 		.4byte	0x42b
 1163 0446 05       		.uleb128 0x5
 1164 0447 03       		.byte	0x3
 1165 0448 00000000 		.4byte	str
 1166 044c 10       		.uleb128 0x10
 1167 044d 14000000 		.4byte	.LASF23
 1168 0451 01       		.byte	0x1
 1169 0452 11       		.byte	0x11
 1170 0453 2B040000 		.4byte	0x42b
 1171 0457 05       		.uleb128 0x5
 1172 0458 03       		.byte	0x3
 1173 0459 00000000 		.4byte	str1
 1174 045d 10       		.uleb128 0x10
 1175 045e 0C000000 		.4byte	.LASF24
ARM GAS  C:\Users\MODELA~1\AppData\Local\Temp\cck7ZRfK.s 			page 25


 1176 0462 01       		.byte	0x1
 1177 0463 12       		.byte	0x12
 1178 0464 68000000 		.4byte	0x68
 1179 0468 05       		.uleb128 0x5
 1180 0469 03       		.byte	0x3
 1181 046a 00000000 		.4byte	counter
 1182 046e 10       		.uleb128 0x10
 1183 046f 33000000 		.4byte	.LASF25
 1184 0473 01       		.byte	0x1
 1185 0474 13       		.byte	0x13
 1186 0475 68000000 		.4byte	0x68
 1187 0479 05       		.uleb128 0x5
 1188 047a 03       		.byte	0x3
 1189 047b 00000000 		.4byte	state
 1190 047f 10       		.uleb128 0x10
 1191 0480 CB030000 		.4byte	.LASF26
 1192 0484 01       		.byte	0x1
 1193 0485 14       		.byte	0x14
 1194 0486 BC000000 		.4byte	0xbc
 1195 048a 05       		.uleb128 0x5
 1196 048b 03       		.byte	0x3
 1197 048c 00000000 		.4byte	new_count
 1198 0490 10       		.uleb128 0x10
 1199 0491 07000000 		.4byte	.LASF27
 1200 0495 01       		.byte	0x1
 1201 0496 15       		.byte	0x15
 1202 0497 68000000 		.4byte	0x68
 1203 049b 05       		.uleb128 0x5
 1204 049c 03       		.byte	0x3
 1205 049d 00000000 		.4byte	comp
 1206 04a1 10       		.uleb128 0x10
 1207 04a2 43000000 		.4byte	.LASF28
 1208 04a6 01       		.byte	0x1
 1209 04a7 16       		.byte	0x16
 1210 04a8 8D000000 		.4byte	0x8d
 1211 04ac 05       		.uleb128 0x5
 1212 04ad 03       		.byte	0x3
 1213 04ae 00000000 		.4byte	buff_size
 1214 04b2 13       		.uleb128 0x13
 1215 04b3 727800   		.ascii	"rx\000"
 1216 04b6 01       		.byte	0x1
 1217 04b7 17       		.byte	0x17
 1218 04b8 81000000 		.4byte	0x81
 1219 04bc 05       		.uleb128 0x5
 1220 04bd 03       		.byte	0x3
 1221 04be 00000000 		.4byte	rx
 1222 04c2 10       		.uleb128 0x10
 1223 04c3 13010000 		.4byte	.LASF29
 1224 04c7 01       		.byte	0x1
 1225 04c8 19       		.byte	0x19
 1226 04c9 68000000 		.4byte	0x68
 1227 04cd 05       		.uleb128 0x5
 1228 04ce 03       		.byte	0x3
 1229 04cf 00000000 		.4byte	time_count
 1230 04d3 10       		.uleb128 0x10
 1231 04d4 EA020000 		.4byte	.LASF30
 1232 04d8 01       		.byte	0x1
ARM GAS  C:\Users\MODELA~1\AppData\Local\Temp\cck7ZRfK.s 			page 26


 1233 04d9 1A       		.byte	0x1a
 1234 04da 68000000 		.4byte	0x68
 1235 04de 05       		.uleb128 0x5
 1236 04df 03       		.byte	0x3
 1237 04e0 00000000 		.4byte	last_time_count
 1238 04e4 10       		.uleb128 0x10
 1239 04e5 9D030000 		.4byte	.LASF31
 1240 04e9 01       		.byte	0x1
 1241 04ea 1B       		.byte	0x1b
 1242 04eb 68000000 		.4byte	0x68
 1243 04ef 05       		.uleb128 0x5
 1244 04f0 03       		.byte	0x3
 1245 04f1 00000000 		.4byte	time_current_counter
 1246 04f5 10       		.uleb128 0x10
 1247 04f6 E5010000 		.4byte	.LASF32
 1248 04fa 01       		.byte	0x1
 1249 04fb 1C       		.byte	0x1c
 1250 04fc 68000000 		.4byte	0x68
 1251 0500 05       		.uleb128 0x5
 1252 0501 03       		.byte	0x3
 1253 0502 00000000 		.4byte	time
 1254 0506 10       		.uleb128 0x10
 1255 0507 E0020000 		.4byte	.LASF33
 1256 050b 01       		.byte	0x1
 1257 050c 1D       		.byte	0x1d
 1258 050d 99000000 		.4byte	0x99
 1259 0511 05       		.uleb128 0x5
 1260 0512 03       		.byte	0x3
 1261 0513 00000000 		.4byte	frequency
 1262 0517 10       		.uleb128 0x10
 1263 0518 00000000 		.4byte	.LASF34
 1264 051c 01       		.byte	0x1
 1265 051d 1F       		.byte	0x1f
 1266 051e 68000000 		.4byte	0x68
 1267 0522 05       		.uleb128 0x5
 1268 0523 03       		.byte	0x3
 1269 0524 00000000 		.4byte	result
 1270 0528 10       		.uleb128 0x10
 1271 0529 5F020000 		.4byte	.LASF35
 1272 052d 01       		.byte	0x1
 1273 052e 20       		.byte	0x20
 1274 052f 68000000 		.4byte	0x68
 1275 0533 05       		.uleb128 0x5
 1276 0534 03       		.byte	0x3
 1277 0535 00000000 		.4byte	resultID
 1278 0539 10       		.uleb128 0x10
 1279 053a F0000000 		.4byte	.LASF36
 1280 053e 01       		.byte	0x1
 1281 053f 21       		.byte	0x21
 1282 0540 68000000 		.4byte	0x68
 1283 0544 05       		.uleb128 0x5
 1284 0545 03       		.byte	0x3
 1285 0546 00000000 		.4byte	resultFreq
 1286 054a 14       		.uleb128 0x14
 1287 054b 12020000 		.4byte	.LASF37
 1288 054f 12020000 		.4byte	.LASF37
 1289 0553 07       		.byte	0x7
ARM GAS  C:\Users\MODELA~1\AppData\Local\Temp\cck7ZRfK.s 			page 27


 1290 0554 69       		.byte	0x69
 1291 0555 14       		.uleb128 0x14
 1292 0556 BC000000 		.4byte	.LASF38
 1293 055a BC000000 		.4byte	.LASF38
 1294 055e 08       		.byte	0x8
 1295 055f 5D       		.byte	0x5d
 1296 0560 14       		.uleb128 0x14
 1297 0561 B2030000 		.4byte	.LASF39
 1298 0565 B2030000 		.4byte	.LASF39
 1299 0569 08       		.byte	0x8
 1300 056a 5A       		.byte	0x5a
 1301 056b 14       		.uleb128 0x14
 1302 056c 84000000 		.4byte	.LASF40
 1303 0570 84000000 		.4byte	.LASF40
 1304 0574 09       		.byte	0x9
 1305 0575 8B       		.byte	0x8b
 1306 0576 14       		.uleb128 0x14
 1307 0577 37020000 		.4byte	.LASF41
 1308 057b 37020000 		.4byte	.LASF41
 1309 057f 0A       		.byte	0xa
 1310 0580 29       		.byte	0x29
 1311 0581 14       		.uleb128 0x14
 1312 0582 33010000 		.4byte	.LASF42
 1313 0586 33010000 		.4byte	.LASF42
 1314 058a 0B       		.byte	0xb
 1315 058b E7       		.byte	0xe7
 1316 058c 14       		.uleb128 0x14
 1317 058d 73010000 		.4byte	.LASF43
 1318 0591 73010000 		.4byte	.LASF43
 1319 0595 0C       		.byte	0xc
 1320 0596 3F       		.byte	0x3f
 1321 0597 14       		.uleb128 0x14
 1322 0598 4D000000 		.4byte	.LASF44
 1323 059c 4D000000 		.4byte	.LASF44
 1324 05a0 0D       		.byte	0xd
 1325 05a1 4F       		.byte	0x4f
 1326 05a2 14       		.uleb128 0x14
 1327 05a3 CD020000 		.4byte	.LASF45
 1328 05a7 CD020000 		.4byte	.LASF45
 1329 05ab 0E       		.byte	0xe
 1330 05ac 92       		.byte	0x92
 1331 05ad 14       		.uleb128 0x14
 1332 05ae DB000000 		.4byte	.LASF46
 1333 05b2 DB000000 		.4byte	.LASF46
 1334 05b6 07       		.byte	0x7
 1335 05b7 5A       		.byte	0x5a
 1336 05b8 14       		.uleb128 0x14
 1337 05b9 65000000 		.4byte	.LASF47
 1338 05bd 65000000 		.4byte	.LASF47
 1339 05c1 08       		.byte	0x8
 1340 05c2 4F       		.byte	0x4f
 1341 05c3 14       		.uleb128 0x14
 1342 05c4 EA010000 		.4byte	.LASF48
 1343 05c8 EA010000 		.4byte	.LASF48
 1344 05cc 0F       		.byte	0xf
 1345 05cd 17       		.byte	0x17
 1346 05ce 14       		.uleb128 0x14
ARM GAS  C:\Users\MODELA~1\AppData\Local\Temp\cck7ZRfK.s 			page 28


 1347 05cf 8B010000 		.4byte	.LASF49
 1348 05d3 8B010000 		.4byte	.LASF49
 1349 05d7 0F       		.byte	0xf
 1350 05d8 18       		.byte	0x18
 1351 05d9 14       		.uleb128 0x14
 1352 05da 68020000 		.4byte	.LASF50
 1353 05de 68020000 		.4byte	.LASF50
 1354 05e2 10       		.byte	0x10
 1355 05e3 17       		.byte	0x17
 1356 05e4 14       		.uleb128 0x14
 1357 05e5 50020000 		.4byte	.LASF51
 1358 05e9 50020000 		.4byte	.LASF51
 1359 05ed 10       		.byte	0x10
 1360 05ee 18       		.byte	0x18
 1361 05ef 14       		.uleb128 0x14
 1362 05f0 24020000 		.4byte	.LASF52
 1363 05f4 24020000 		.4byte	.LASF52
 1364 05f8 09       		.byte	0x9
 1365 05f9 54       		.byte	0x54
 1366 05fa 14       		.uleb128 0x14
 1367 05fb D5030000 		.4byte	.LASF53
 1368 05ff D5030000 		.4byte	.LASF53
 1369 0603 09       		.byte	0x9
 1370 0604 8A       		.byte	0x8a
 1371 0605 14       		.uleb128 0x14
 1372 0606 95020000 		.4byte	.LASF54
 1373 060a 95020000 		.4byte	.LASF54
 1374 060e 0D       		.byte	0xd
 1375 060f 5F       		.byte	0x5f
 1376 0610 14       		.uleb128 0x14
 1377 0611 FA020000 		.4byte	.LASF55
 1378 0615 FA020000 		.4byte	.LASF55
 1379 0619 0D       		.byte	0xd
 1380 061a 63       		.byte	0x63
 1381 061b 14       		.uleb128 0x14
 1382 061c 3B010000 		.4byte	.LASF56
 1383 0620 3B010000 		.4byte	.LASF56
 1384 0624 09       		.byte	0x9
 1385 0625 73       		.byte	0x73
 1386 0626 14       		.uleb128 0x14
 1387 0627 A0000000 		.4byte	.LASF57
 1388 062b A0000000 		.4byte	.LASF57
 1389 062f 11       		.byte	0x11
 1390 0630 29       		.byte	0x29
 1391 0631 14       		.uleb128 0x14
 1392 0632 77000000 		.4byte	.LASF58
 1393 0636 77000000 		.4byte	.LASF58
 1394 063a 09       		.byte	0x9
 1395 063b 71       		.byte	0x71
 1396 063c 14       		.uleb128 0x14
 1397 063d 2C000000 		.4byte	.LASF59
 1398 0641 2C000000 		.4byte	.LASF59
 1399 0645 0B       		.byte	0xb
 1400 0646 BF       		.byte	0xbf
 1401 0647 14       		.uleb128 0x14
 1402 0648 C6020000 		.4byte	.LASF60
 1403 064c C6020000 		.4byte	.LASF60
ARM GAS  C:\Users\MODELA~1\AppData\Local\Temp\cck7ZRfK.s 			page 29


 1404 0650 12       		.byte	0x12
 1405 0651 1C       		.byte	0x1c
 1406 0652 15       		.uleb128 0x15
 1407 0653 D4000000 		.4byte	.LASF67
 1408 0657 D4000000 		.4byte	.LASF67
 1409 065b 14       		.uleb128 0x14
 1410 065c 19000000 		.4byte	.LASF61
 1411 0660 19000000 		.4byte	.LASF61
 1412 0664 09       		.byte	0x9
 1413 0665 75       		.byte	0x75
 1414 0666 00       		.byte	0
 1415              		.section	.debug_abbrev,"",%progbits
 1416              	.Ldebug_abbrev0:
 1417 0000 01       		.uleb128 0x1
 1418 0001 11       		.uleb128 0x11
 1419 0002 01       		.byte	0x1
 1420 0003 25       		.uleb128 0x25
 1421 0004 0E       		.uleb128 0xe
 1422 0005 13       		.uleb128 0x13
 1423 0006 0B       		.uleb128 0xb
 1424 0007 03       		.uleb128 0x3
 1425 0008 0E       		.uleb128 0xe
 1426 0009 1B       		.uleb128 0x1b
 1427 000a 0E       		.uleb128 0xe
 1428 000b 55       		.uleb128 0x55
 1429 000c 17       		.uleb128 0x17
 1430 000d 11       		.uleb128 0x11
 1431 000e 01       		.uleb128 0x1
 1432 000f 10       		.uleb128 0x10
 1433 0010 17       		.uleb128 0x17
 1434 0011 00       		.byte	0
 1435 0012 00       		.byte	0
 1436 0013 02       		.uleb128 0x2
 1437 0014 24       		.uleb128 0x24
 1438 0015 00       		.byte	0
 1439 0016 0B       		.uleb128 0xb
 1440 0017 0B       		.uleb128 0xb
 1441 0018 3E       		.uleb128 0x3e
 1442 0019 0B       		.uleb128 0xb
 1443 001a 03       		.uleb128 0x3
 1444 001b 0E       		.uleb128 0xe
 1445 001c 00       		.byte	0
 1446 001d 00       		.byte	0
 1447 001e 03       		.uleb128 0x3
 1448 001f 16       		.uleb128 0x16
 1449 0020 00       		.byte	0
 1450 0021 03       		.uleb128 0x3
 1451 0022 0E       		.uleb128 0xe
 1452 0023 3A       		.uleb128 0x3a
 1453 0024 0B       		.uleb128 0xb
 1454 0025 3B       		.uleb128 0x3b
 1455 0026 0B       		.uleb128 0xb
 1456 0027 49       		.uleb128 0x49
 1457 0028 13       		.uleb128 0x13
 1458 0029 00       		.byte	0
 1459 002a 00       		.byte	0
 1460 002b 04       		.uleb128 0x4
ARM GAS  C:\Users\MODELA~1\AppData\Local\Temp\cck7ZRfK.s 			page 30


 1461 002c 24       		.uleb128 0x24
 1462 002d 00       		.byte	0
 1463 002e 0B       		.uleb128 0xb
 1464 002f 0B       		.uleb128 0xb
 1465 0030 3E       		.uleb128 0x3e
 1466 0031 0B       		.uleb128 0xb
 1467 0032 03       		.uleb128 0x3
 1468 0033 08       		.uleb128 0x8
 1469 0034 00       		.byte	0
 1470 0035 00       		.byte	0
 1471 0036 05       		.uleb128 0x5
 1472 0037 16       		.uleb128 0x16
 1473 0038 00       		.byte	0
 1474 0039 03       		.uleb128 0x3
 1475 003a 0E       		.uleb128 0xe
 1476 003b 3A       		.uleb128 0x3a
 1477 003c 0B       		.uleb128 0xb
 1478 003d 3B       		.uleb128 0x3b
 1479 003e 05       		.uleb128 0x5
 1480 003f 49       		.uleb128 0x49
 1481 0040 13       		.uleb128 0x13
 1482 0041 00       		.byte	0
 1483 0042 00       		.byte	0
 1484 0043 06       		.uleb128 0x6
 1485 0044 2E       		.uleb128 0x2e
 1486 0045 00       		.byte	0
 1487 0046 3F       		.uleb128 0x3f
 1488 0047 19       		.uleb128 0x19
 1489 0048 03       		.uleb128 0x3
 1490 0049 0E       		.uleb128 0xe
 1491 004a 3A       		.uleb128 0x3a
 1492 004b 0B       		.uleb128 0xb
 1493 004c 3B       		.uleb128 0x3b
 1494 004d 0B       		.uleb128 0xb
 1495 004e 27       		.uleb128 0x27
 1496 004f 19       		.uleb128 0x19
 1497 0050 11       		.uleb128 0x11
 1498 0051 01       		.uleb128 0x1
 1499 0052 12       		.uleb128 0x12
 1500 0053 06       		.uleb128 0x6
 1501 0054 40       		.uleb128 0x40
 1502 0055 18       		.uleb128 0x18
 1503 0056 9742     		.uleb128 0x2117
 1504 0058 19       		.uleb128 0x19
 1505 0059 00       		.byte	0
 1506 005a 00       		.byte	0
 1507 005b 07       		.uleb128 0x7
 1508 005c 2E       		.uleb128 0x2e
 1509 005d 01       		.byte	0x1
 1510 005e 3F       		.uleb128 0x3f
 1511 005f 19       		.uleb128 0x19
 1512 0060 03       		.uleb128 0x3
 1513 0061 0E       		.uleb128 0xe
 1514 0062 3A       		.uleb128 0x3a
 1515 0063 0B       		.uleb128 0xb
 1516 0064 3B       		.uleb128 0x3b
 1517 0065 0B       		.uleb128 0xb
ARM GAS  C:\Users\MODELA~1\AppData\Local\Temp\cck7ZRfK.s 			page 31


 1518 0066 27       		.uleb128 0x27
 1519 0067 19       		.uleb128 0x19
 1520 0068 11       		.uleb128 0x11
 1521 0069 01       		.uleb128 0x1
 1522 006a 12       		.uleb128 0x12
 1523 006b 06       		.uleb128 0x6
 1524 006c 40       		.uleb128 0x40
 1525 006d 18       		.uleb128 0x18
 1526 006e 9642     		.uleb128 0x2116
 1527 0070 19       		.uleb128 0x19
 1528 0071 01       		.uleb128 0x1
 1529 0072 13       		.uleb128 0x13
 1530 0073 00       		.byte	0
 1531 0074 00       		.byte	0
 1532 0075 08       		.uleb128 0x8
 1533 0076 898201   		.uleb128 0x4109
 1534 0079 00       		.byte	0
 1535 007a 11       		.uleb128 0x11
 1536 007b 01       		.uleb128 0x1
 1537 007c 31       		.uleb128 0x31
 1538 007d 13       		.uleb128 0x13
 1539 007e 00       		.byte	0
 1540 007f 00       		.byte	0
 1541 0080 09       		.uleb128 0x9
 1542 0081 898201   		.uleb128 0x4109
 1543 0084 01       		.byte	0x1
 1544 0085 11       		.uleb128 0x11
 1545 0086 01       		.uleb128 0x1
 1546 0087 31       		.uleb128 0x31
 1547 0088 13       		.uleb128 0x13
 1548 0089 00       		.byte	0
 1549 008a 00       		.byte	0
 1550 008b 0A       		.uleb128 0xa
 1551 008c 8A8201   		.uleb128 0x410a
 1552 008f 00       		.byte	0
 1553 0090 02       		.uleb128 0x2
 1554 0091 18       		.uleb128 0x18
 1555 0092 9142     		.uleb128 0x2111
 1556 0094 18       		.uleb128 0x18
 1557 0095 00       		.byte	0
 1558 0096 00       		.byte	0
 1559 0097 0B       		.uleb128 0xb
 1560 0098 2E       		.uleb128 0x2e
 1561 0099 01       		.byte	0x1
 1562 009a 3F       		.uleb128 0x3f
 1563 009b 19       		.uleb128 0x19
 1564 009c 03       		.uleb128 0x3
 1565 009d 0E       		.uleb128 0xe
 1566 009e 3A       		.uleb128 0x3a
 1567 009f 0B       		.uleb128 0xb
 1568 00a0 3B       		.uleb128 0x3b
 1569 00a1 0B       		.uleb128 0xb
 1570 00a2 27       		.uleb128 0x27
 1571 00a3 19       		.uleb128 0x19
 1572 00a4 11       		.uleb128 0x11
 1573 00a5 01       		.uleb128 0x1
 1574 00a6 12       		.uleb128 0x12
ARM GAS  C:\Users\MODELA~1\AppData\Local\Temp\cck7ZRfK.s 			page 32


 1575 00a7 06       		.uleb128 0x6
 1576 00a8 40       		.uleb128 0x40
 1577 00a9 18       		.uleb128 0x18
 1578 00aa 9742     		.uleb128 0x2117
 1579 00ac 19       		.uleb128 0x19
 1580 00ad 01       		.uleb128 0x1
 1581 00ae 13       		.uleb128 0x13
 1582 00af 00       		.byte	0
 1583 00b0 00       		.byte	0
 1584 00b1 0C       		.uleb128 0xc
 1585 00b2 898201   		.uleb128 0x4109
 1586 00b5 01       		.byte	0x1
 1587 00b6 11       		.uleb128 0x11
 1588 00b7 01       		.uleb128 0x1
 1589 00b8 31       		.uleb128 0x31
 1590 00b9 13       		.uleb128 0x13
 1591 00ba 01       		.uleb128 0x1
 1592 00bb 13       		.uleb128 0x13
 1593 00bc 00       		.byte	0
 1594 00bd 00       		.byte	0
 1595 00be 0D       		.uleb128 0xd
 1596 00bf 2E       		.uleb128 0x2e
 1597 00c0 01       		.byte	0x1
 1598 00c1 3F       		.uleb128 0x3f
 1599 00c2 19       		.uleb128 0x19
 1600 00c3 03       		.uleb128 0x3
 1601 00c4 0E       		.uleb128 0xe
 1602 00c5 3A       		.uleb128 0x3a
 1603 00c6 0B       		.uleb128 0xb
 1604 00c7 3B       		.uleb128 0x3b
 1605 00c8 0B       		.uleb128 0xb
 1606 00c9 27       		.uleb128 0x27
 1607 00ca 19       		.uleb128 0x19
 1608 00cb 49       		.uleb128 0x49
 1609 00cc 13       		.uleb128 0x13
 1610 00cd 8701     		.uleb128 0x87
 1611 00cf 19       		.uleb128 0x19
 1612 00d0 11       		.uleb128 0x11
 1613 00d1 01       		.uleb128 0x1
 1614 00d2 12       		.uleb128 0x12
 1615 00d3 06       		.uleb128 0x6
 1616 00d4 40       		.uleb128 0x40
 1617 00d5 18       		.uleb128 0x18
 1618 00d6 9642     		.uleb128 0x2116
 1619 00d8 19       		.uleb128 0x19
 1620 00d9 01       		.uleb128 0x1
 1621 00da 13       		.uleb128 0x13
 1622 00db 00       		.byte	0
 1623 00dc 00       		.byte	0
 1624 00dd 0E       		.uleb128 0xe
 1625 00de 34       		.uleb128 0x34
 1626 00df 00       		.byte	0
 1627 00e0 03       		.uleb128 0x3
 1628 00e1 0E       		.uleb128 0xe
 1629 00e2 3A       		.uleb128 0x3a
 1630 00e3 0B       		.uleb128 0xb
 1631 00e4 3B       		.uleb128 0x3b
ARM GAS  C:\Users\MODELA~1\AppData\Local\Temp\cck7ZRfK.s 			page 33


 1632 00e5 05       		.uleb128 0x5
 1633 00e6 49       		.uleb128 0x49
 1634 00e7 13       		.uleb128 0x13
 1635 00e8 3F       		.uleb128 0x3f
 1636 00e9 19       		.uleb128 0x19
 1637 00ea 3C       		.uleb128 0x3c
 1638 00eb 19       		.uleb128 0x19
 1639 00ec 00       		.byte	0
 1640 00ed 00       		.byte	0
 1641 00ee 0F       		.uleb128 0xf
 1642 00ef 35       		.uleb128 0x35
 1643 00f0 00       		.byte	0
 1644 00f1 49       		.uleb128 0x49
 1645 00f2 13       		.uleb128 0x13
 1646 00f3 00       		.byte	0
 1647 00f4 00       		.byte	0
 1648 00f5 10       		.uleb128 0x10
 1649 00f6 34       		.uleb128 0x34
 1650 00f7 00       		.byte	0
 1651 00f8 03       		.uleb128 0x3
 1652 00f9 0E       		.uleb128 0xe
 1653 00fa 3A       		.uleb128 0x3a
 1654 00fb 0B       		.uleb128 0xb
 1655 00fc 3B       		.uleb128 0x3b
 1656 00fd 0B       		.uleb128 0xb
 1657 00fe 49       		.uleb128 0x49
 1658 00ff 13       		.uleb128 0x13
 1659 0100 3F       		.uleb128 0x3f
 1660 0101 19       		.uleb128 0x19
 1661 0102 02       		.uleb128 0x2
 1662 0103 18       		.uleb128 0x18
 1663 0104 00       		.byte	0
 1664 0105 00       		.byte	0
 1665 0106 11       		.uleb128 0x11
 1666 0107 01       		.uleb128 0x1
 1667 0108 01       		.byte	0x1
 1668 0109 49       		.uleb128 0x49
 1669 010a 13       		.uleb128 0x13
 1670 010b 01       		.uleb128 0x1
 1671 010c 13       		.uleb128 0x13
 1672 010d 00       		.byte	0
 1673 010e 00       		.byte	0
 1674 010f 12       		.uleb128 0x12
 1675 0110 21       		.uleb128 0x21
 1676 0111 00       		.byte	0
 1677 0112 49       		.uleb128 0x49
 1678 0113 13       		.uleb128 0x13
 1679 0114 2F       		.uleb128 0x2f
 1680 0115 0B       		.uleb128 0xb
 1681 0116 00       		.byte	0
 1682 0117 00       		.byte	0
 1683 0118 13       		.uleb128 0x13
 1684 0119 34       		.uleb128 0x34
 1685 011a 00       		.byte	0
 1686 011b 03       		.uleb128 0x3
 1687 011c 08       		.uleb128 0x8
 1688 011d 3A       		.uleb128 0x3a
ARM GAS  C:\Users\MODELA~1\AppData\Local\Temp\cck7ZRfK.s 			page 34


 1689 011e 0B       		.uleb128 0xb
 1690 011f 3B       		.uleb128 0x3b
 1691 0120 0B       		.uleb128 0xb
 1692 0121 49       		.uleb128 0x49
 1693 0122 13       		.uleb128 0x13
 1694 0123 3F       		.uleb128 0x3f
 1695 0124 19       		.uleb128 0x19
 1696 0125 02       		.uleb128 0x2
 1697 0126 18       		.uleb128 0x18
 1698 0127 00       		.byte	0
 1699 0128 00       		.byte	0
 1700 0129 14       		.uleb128 0x14
 1701 012a 2E       		.uleb128 0x2e
 1702 012b 00       		.byte	0
 1703 012c 3F       		.uleb128 0x3f
 1704 012d 19       		.uleb128 0x19
 1705 012e 3C       		.uleb128 0x3c
 1706 012f 19       		.uleb128 0x19
 1707 0130 6E       		.uleb128 0x6e
 1708 0131 0E       		.uleb128 0xe
 1709 0132 03       		.uleb128 0x3
 1710 0133 0E       		.uleb128 0xe
 1711 0134 3A       		.uleb128 0x3a
 1712 0135 0B       		.uleb128 0xb
 1713 0136 3B       		.uleb128 0x3b
 1714 0137 0B       		.uleb128 0xb
 1715 0138 00       		.byte	0
 1716 0139 00       		.byte	0
 1717 013a 15       		.uleb128 0x15
 1718 013b 2E       		.uleb128 0x2e
 1719 013c 00       		.byte	0
 1720 013d 3F       		.uleb128 0x3f
 1721 013e 19       		.uleb128 0x19
 1722 013f 3C       		.uleb128 0x3c
 1723 0140 19       		.uleb128 0x19
 1724 0141 6E       		.uleb128 0x6e
 1725 0142 0E       		.uleb128 0xe
 1726 0143 03       		.uleb128 0x3
 1727 0144 0E       		.uleb128 0xe
 1728 0145 00       		.byte	0
 1729 0146 00       		.byte	0
 1730 0147 00       		.byte	0
 1731              		.section	.debug_aranges,"",%progbits
 1732 0000 34000000 		.4byte	0x34
 1733 0004 0200     		.2byte	0x2
 1734 0006 00000000 		.4byte	.Ldebug_info0
 1735 000a 04       		.byte	0x4
 1736 000b 00       		.byte	0
 1737 000c 0000     		.2byte	0
 1738 000e 0000     		.2byte	0
 1739 0010 00000000 		.4byte	.LFB66
 1740 0014 10000000 		.4byte	.LFE66-.LFB66
 1741 0018 00000000 		.4byte	.LFB65
 1742 001c 70000000 		.4byte	.LFE65-.LFB65
 1743 0020 00000000 		.4byte	.LFB64
 1744 0024 34000000 		.4byte	.LFE64-.LFB64
 1745 0028 00000000 		.4byte	.LFB67
ARM GAS  C:\Users\MODELA~1\AppData\Local\Temp\cck7ZRfK.s 			page 35


 1746 002c D0010000 		.4byte	.LFE67-.LFB67
 1747 0030 00000000 		.4byte	0
 1748 0034 00000000 		.4byte	0
 1749              		.section	.debug_ranges,"",%progbits
 1750              	.Ldebug_ranges0:
 1751 0000 00000000 		.4byte	.LFB66
 1752 0004 10000000 		.4byte	.LFE66
 1753 0008 00000000 		.4byte	.LFB65
 1754 000c 70000000 		.4byte	.LFE65
 1755 0010 00000000 		.4byte	.LFB64
 1756 0014 34000000 		.4byte	.LFE64
 1757 0018 00000000 		.4byte	.LFB67
 1758 001c D0010000 		.4byte	.LFE67
 1759 0020 00000000 		.4byte	0
 1760 0024 00000000 		.4byte	0
 1761              		.section	.debug_line,"",%progbits
 1762              	.Ldebug_line0:
 1763 0000 DF020000 		.section	.debug_str,"MS",%progbits,1
 1763      02004E02 
 1763      00000201 
 1763      FB0E0D00 
 1763      01010101 
 1764              	.LASF34:
 1765 0000 72657375 		.ascii	"result\000"
 1765      6C7400
 1766              	.LASF27:
 1767 0007 636F6D70 		.ascii	"comp\000"
 1767      00
 1768              	.LASF24:
 1769 000c 636F756E 		.ascii	"counter\000"
 1769      74657200 
 1770              	.LASF23:
 1771 0014 73747231 		.ascii	"str1\000"
 1771      00
 1772              	.LASF61:
 1773 0019 55415254 		.ascii	"UART_ClearRxBuffer\000"
 1773      5F436C65 
 1773      61725278 
 1773      42756666 
 1773      657200
 1774              	.LASF59:
 1775 002c 73736361 		.ascii	"sscanf\000"
 1775      6E6600
 1776              	.LASF25:
 1777 0033 73746174 		.ascii	"state\000"
 1777      6500
 1778              	.LASF2:
 1779 0039 73686F72 		.ascii	"short int\000"
 1779      7420696E 
 1779      7400
 1780              	.LASF28:
 1781 0043 62756666 		.ascii	"buff_size\000"
 1781      5F73697A 
 1781      6500
 1782              	.LASF44:
 1783 004d 436F756E 		.ascii	"Counter_Start\000"
 1783      7465725F 
ARM GAS  C:\Users\MODELA~1\AppData\Local\Temp\cck7ZRfK.s 			page 36


 1783      53746172 
 1783      7400
 1784              	.LASF66:
 1785 005b 6D61696E 		.ascii	"main\000"
 1785      00
 1786              	.LASF18:
 1787 0060 75696E74 		.ascii	"uint\000"
 1787      00
 1788              	.LASF47:
 1789 0065 66726571 		.ascii	"freqcounter_Start\000"
 1789      636F756E 
 1789      7465725F 
 1789      53746172 
 1789      7400
 1790              	.LASF58:
 1791 0077 55415254 		.ascii	"UART_GetChar\000"
 1791      5F476574 
 1791      43686172 
 1791      00
 1792              	.LASF40:
 1793 0084 55415254 		.ascii	"UART_PutString\000"
 1793      5F507574 
 1793      53747269 
 1793      6E6700
 1794              	.LASF12:
 1795 0093 75696E74 		.ascii	"uint16\000"
 1795      313600
 1796              	.LASF11:
 1797 009a 75696E74 		.ascii	"uint8\000"
 1797      3800
 1798              	.LASF57:
 1799 00a0 73775F52 		.ascii	"sw_Read\000"
 1799      65616400 
 1800              	.LASF13:
 1801 00a8 666C6F61 		.ascii	"float\000"
 1801      7400
 1802              	.LASF6:
 1803 00ae 6C6F6E67 		.ascii	"long long int\000"
 1803      206C6F6E 
 1803      6720696E 
 1803      7400
 1804              	.LASF38:
 1805 00bc 66726571 		.ascii	"freqcounter_ReadCounter\000"
 1805      636F756E 
 1805      7465725F 
 1805      52656164 
 1805      436F756E 
 1806              	.LASF67:
 1807 00d4 6D656D73 		.ascii	"memset\000"
 1807      657400
 1808              	.LASF46:
 1809 00db 54696D65 		.ascii	"Timer_Start\000"
 1809      725F5374 
 1809      61727400 
 1810              	.LASF4:
 1811 00e7 6C6F6E67 		.ascii	"long int\000"
 1811      20696E74 
ARM GAS  C:\Users\MODELA~1\AppData\Local\Temp\cck7ZRfK.s 			page 37


 1811      00
 1812              	.LASF36:
 1813 00f0 72657375 		.ascii	"resultFreq\000"
 1813      6C744672 
 1813      657100
 1814              	.LASF20:
 1815 00fb 494E545F 		.ascii	"INT_COUNTER\000"
 1815      434F554E 
 1815      54455200 
 1816              	.LASF16:
 1817 0107 6C6F6E67 		.ascii	"long double\000"
 1817      20646F75 
 1817      626C6500 
 1818              	.LASF29:
 1819 0113 74696D65 		.ascii	"time_count\000"
 1819      5F636F75 
 1819      6E7400
 1820              	.LASF1:
 1821 011e 756E7369 		.ascii	"unsigned char\000"
 1821      676E6564 
 1821      20636861 
 1821      7200
 1822              	.LASF19:
 1823 012c 494E545F 		.ascii	"INT_SW\000"
 1823      535700
 1824              	.LASF42:
 1825 0133 73707269 		.ascii	"sprintf\000"
 1825      6E746600 
 1826              	.LASF56:
 1827 013b 55415254 		.ascii	"UART_GetRxBufferSize\000"
 1827      5F476574 
 1827      52784275 
 1827      66666572 
 1827      53697A65 
 1828              	.LASF0:
 1829 0150 7369676E 		.ascii	"signed char\000"
 1829      65642063 
 1829      68617200 
 1830              	.LASF7:
 1831 015c 6C6F6E67 		.ascii	"long long unsigned int\000"
 1831      206C6F6E 
 1831      6720756E 
 1831      7369676E 
 1831      65642069 
 1832              	.LASF43:
 1833 0173 436F6D70 		.ascii	"Comp_Start\000"
 1833      5F537461 
 1833      727400
 1834              	.LASF8:
 1835 017e 756E7369 		.ascii	"unsigned int\000"
 1835      676E6564 
 1835      20696E74 
 1835      00
 1836              	.LASF49:
 1837 018b 6973725F 		.ascii	"isr_timer_StartEx\000"
 1837      74696D65 
 1837      725F5374 
ARM GAS  C:\Users\MODELA~1\AppData\Local\Temp\cck7ZRfK.s 			page 38


 1837      61727445 
 1837      7800
 1838              	.LASF64:
 1839 019d 433A5C4C 		.ascii	"C:\\LAB\\Coding\\Python\\Trigger\\Psoc_creator_proj"
 1839      41425C43 
 1839      6F64696E 
 1839      675C5079 
 1839      74686F6E 
 1840 01cb 65637420 		.ascii	"ect _Debugg\\Trigger.cydsn\000"
 1840      5F446562 
 1840      7567675C 
 1840      54726967 
 1840      6765722E 
 1841              	.LASF32:
 1842 01e5 74696D65 		.ascii	"time\000"
 1842      00
 1843              	.LASF48:
 1844 01ea 6973725F 		.ascii	"isr_timer_Start\000"
 1844      74696D65 
 1844      725F5374 
 1844      61727400 
 1845              	.LASF3:
 1846 01fa 73686F72 		.ascii	"short unsigned int\000"
 1846      7420756E 
 1846      7369676E 
 1846      65642069 
 1846      6E7400
 1847              	.LASF15:
 1848 020d 63686172 		.ascii	"char\000"
 1848      00
 1849              	.LASF37:
 1850 0212 54696D65 		.ascii	"Timer_ReadCounter\000"
 1850      725F5265 
 1850      6164436F 
 1850      756E7465 
 1850      7200
 1851              	.LASF52:
 1852 0224 55415254 		.ascii	"UART_Start\000"
 1852      5F537461 
 1852      727400
 1853              	.LASF10:
 1854 022f 696E7433 		.ascii	"int32_t\000"
 1854      325F7400 
 1855              	.LASF41:
 1856 0237 636F756E 		.ascii	"count_out_Read\000"
 1856      745F6F75 
 1856      745F5265 
 1856      616400
 1857              	.LASF65:
 1858 0246 494E545F 		.ascii	"INT_TIMER\000"
 1858      54494D45 
 1858      5200
 1859              	.LASF51:
 1860 0250 6973725F 		.ascii	"isr_sw_StartEx\000"
 1860      73775F53 
 1860      74617274 
 1860      457800
ARM GAS  C:\Users\MODELA~1\AppData\Local\Temp\cck7ZRfK.s 			page 39


 1861              	.LASF35:
 1862 025f 72657375 		.ascii	"resultID\000"
 1862      6C744944 
 1862      00
 1863              	.LASF50:
 1864 0268 6973725F 		.ascii	"isr_sw_Start\000"
 1864      73775F53 
 1864      74617274 
 1864      00
 1865              	.LASF63:
 1866 0275 6D61696E 		.ascii	"main.c\000"
 1866      2E6300
 1867              	.LASF5:
 1868 027c 6C6F6E67 		.ascii	"long unsigned int\000"
 1868      20756E73 
 1868      69676E65 
 1868      6420696E 
 1868      7400
 1869              	.LASF14:
 1870 028e 646F7562 		.ascii	"double\000"
 1870      6C6500
 1871              	.LASF54:
 1872 0295 436F756E 		.ascii	"Counter_WritePeriod\000"
 1872      7465725F 
 1872      57726974 
 1872      65506572 
 1872      696F6400 
 1873              	.LASF21:
 1874 02a9 49544D5F 		.ascii	"ITM_RxBuffer\000"
 1874      52784275 
 1874      66666572 
 1874      00
 1875              	.LASF22:
 1876 02b6 636F756E 		.ascii	"count\000"
 1876      7400
 1877              	.LASF9:
 1878 02bc 5F5F696E 		.ascii	"__int32_t\000"
 1878      7433325F 
 1878      7400
 1879              	.LASF60:
 1880 02c6 73747263 		.ascii	"strcmp\000"
 1880      6D7000
 1881              	.LASF45:
 1882 02cd 50574D5F 		.ascii	"PWM_Start\000"
 1882      53746172 
 1882      7400
 1883              	.LASF17:
 1884 02d7 73697A65 		.ascii	"sizetype\000"
 1884      74797065 
 1884      00
 1885              	.LASF33:
 1886 02e0 66726571 		.ascii	"frequency\000"
 1886      75656E63 
 1886      7900
 1887              	.LASF30:
 1888 02ea 6C617374 		.ascii	"last_time_count\000"
 1888      5F74696D 
ARM GAS  C:\Users\MODELA~1\AppData\Local\Temp\cck7ZRfK.s 			page 40


 1888      655F636F 
 1888      756E7400 
 1889              	.LASF55:
 1890 02fa 436F756E 		.ascii	"Counter_WriteCompare\000"
 1890      7465725F 
 1890      57726974 
 1890      65436F6D 
 1890      70617265 
 1891              	.LASF62:
 1892 030f 474E5520 		.ascii	"GNU C11 5.4.1 20160609 (release) [ARM/embedded-5-br"
 1892      43313120 
 1892      352E342E 
 1892      31203230 
 1892      31363036 
 1893 0342 616E6368 		.ascii	"anch revision 237715] -mcpu=cortex-m3 -mthumb -g -O"
 1893      20726576 
 1893      6973696F 
 1893      6E203233 
 1893      37373135 
 1894 0375 67202D66 		.ascii	"g -ffunction-sections -ffat-lto-objects\000"
 1894      66756E63 
 1894      74696F6E 
 1894      2D736563 
 1894      74696F6E 
 1895              	.LASF31:
 1896 039d 74696D65 		.ascii	"time_current_counter\000"
 1896      5F637572 
 1896      72656E74 
 1896      5F636F75 
 1896      6E746572 
 1897              	.LASF39:
 1898 03b2 66726571 		.ascii	"freqcounter_WriteCounter\000"
 1898      636F756E 
 1898      7465725F 
 1898      57726974 
 1898      65436F75 
 1899              	.LASF26:
 1900 03cb 6E65775F 		.ascii	"new_count\000"
 1900      636F756E 
 1900      7400
 1901              	.LASF53:
 1902 03d5 55415254 		.ascii	"UART_PutChar\000"
 1902      5F507574 
 1902      43686172 
 1902      00
 1903              		.ident	"GCC: (GNU Tools for ARM Embedded Processors) 5.4.1 20160609 (release) [ARM/embedded-5-bran
